<?xml version="1.0" encoding="UTF-8"?>
<testsuite name="org.springframework.jdbc.datasource.init.CompositeDatabasePopulatorTests" tests="5" skipped="0" failures="0" errors="0" timestamp="2019-12-21T15:01:40" hostname="yunlongdeMacBook-Pro.local" time="0.117">
  <properties/>
  <testcase name="addPopulators()" classname="org.springframework.jdbc.datasource.init.CompositeDatabasePopulatorTests" time="0.081"/>
  <testcase name="constructWithCollection()" classname="org.springframework.jdbc.datasource.init.CompositeDatabasePopulatorTests" time="0.001"/>
  <testcase name="setPopulatorsForOverride()" classname="org.springframework.jdbc.datasource.init.CompositeDatabasePopulatorTests" time="0.001"/>
  <testcase name="constructWithVarargs()" classname="org.springframework.jdbc.datasource.init.CompositeDatabasePopulatorTests" time="0.001"/>
  <testcase name="setPopulatorsWithMultiple()" classname="org.springframework.jdbc.datasource.init.CompositeDatabasePopulatorTests" time="0.028"/>
  <system-out><![CDATA[]]></system-out>
  <system-err><![CDATA[]]></system-err>
</testsuite>
