<?xml version="1.0" encoding="UTF-8"?>
<testsuite name="org.springframework.jdbc.core.simple.SimpleJdbcCallTests" tests="13" skipped="0" failures="0" errors="0" timestamp="2019-12-21T15:02:03" hostname="yunlongdeMacBook-Pro.local" time="0.1">
  <properties/>
  <testcase name="testAddInvoiceProcWithoutMetaDataUsingArrayParams()" classname="org.springframework.jdbc.core.simple.SimpleJdbcCallTests" time="0.006"/>
  <testcase name="testAddInvoiceProcWithMetaDataUsingMapParamSource()" classname="org.springframework.jdbc.core.simple.SimpleJdbcCallTests" time="0.006"/>
  <testcase name="testAddInvoiceFuncWithoutMetaDataUsingArrayParams()" classname="org.springframework.jdbc.core.simple.SimpleJdbcCallTests" time="0.002"/>
  <testcase name="testAddInvoiceFuncWithMetaDataUsingMapParamSource()" classname="org.springframework.jdbc.core.simple.SimpleJdbcCallTests" time="0.004"/>
  <testcase name="testUnnamedParameterHandling()" classname="org.springframework.jdbc.core.simple.SimpleJdbcCallTests" time="0.015"/>
  <testcase name="testAddInvoiceFuncWithoutMetaDataUsingMapParamSource()" classname="org.springframework.jdbc.core.simple.SimpleJdbcCallTests" time="0.003"/>
  <testcase name="testAddInvoiceProcWithoutMetaDataUsingMapParamSource()" classname="org.springframework.jdbc.core.simple.SimpleJdbcCallTests" time="0.019"/>
  <testcase name="testNoSuchStoredProcedure()" classname="org.springframework.jdbc.core.simple.SimpleJdbcCallTests" time="0.003"/>
  <testcase name="testCorrectFunctionStatement()" classname="org.springframework.jdbc.core.simple.SimpleJdbcCallTests" time="0.006"/>
  <testcase name="testCorrectFunctionStatementNamed()" classname="org.springframework.jdbc.core.simple.SimpleJdbcCallTests" time="0.003"/>
  <testcase name="testAddInvoiceFuncWithMetaDataUsingArrayParams()" classname="org.springframework.jdbc.core.simple.SimpleJdbcCallTests" time="0.009"/>
  <testcase name="testAddInvoiceProcWithMetaDataUsingArrayParams()" classname="org.springframework.jdbc.core.simple.SimpleJdbcCallTests" time="0.005"/>
  <testcase name="testCorrectProcedureStatementNamed()" classname="org.springframework.jdbc.core.simple.SimpleJdbcCallTests" time="0.003"/>
  <system-out><![CDATA[]]></system-out>
  <system-err><![CDATA[]]></system-err>
</testsuite>
