<?xml version="1.0" encoding="UTF-8"?>
<testsuite name="org.springframework.jdbc.datasource.init.ResourceDatabasePopulatorTests" tests="10" skipped="0" failures="0" errors="0" timestamp="2019-12-21T15:01:40" hostname="yunlongdeMacBook-Pro.local" time="1.63">
  <properties/>
  <testcase name="addScriptsWithNullResourceArray()" classname="org.springframework.jdbc.datasource.init.ResourceDatabasePopulatorTests" time="1.536"/>
  <testcase name="constructWithNullResourceArray()" classname="org.springframework.jdbc.datasource.init.ResourceDatabasePopulatorTests" time="0.003"/>
  <testcase name="setScriptsWithNullResourceArray()" classname="org.springframework.jdbc.datasource.init.ResourceDatabasePopulatorTests" time="0.001"/>
  <testcase name="constructWithMultipleResourcesAndThenAddScript()" classname="org.springframework.jdbc.datasource.init.ResourceDatabasePopulatorTests" time="0.008"/>
  <testcase name="constructWithNullResource()" classname="org.springframework.jdbc.datasource.init.ResourceDatabasePopulatorTests" time="0.019"/>
  <testcase name="setScriptsAndThenAddScript()" classname="org.springframework.jdbc.datasource.init.ResourceDatabasePopulatorTests" time="0.0"/>
  <testcase name="setScriptsWithNullResource()" classname="org.springframework.jdbc.datasource.init.ResourceDatabasePopulatorTests" time="0.0"/>
  <testcase name="constructWithResource()" classname="org.springframework.jdbc.datasource.init.ResourceDatabasePopulatorTests" time="0.001"/>
  <testcase name="constructWithMultipleResources()" classname="org.springframework.jdbc.datasource.init.ResourceDatabasePopulatorTests" time="0.001"/>
  <testcase name="addScriptsWithNullResource()" classname="org.springframework.jdbc.datasource.init.ResourceDatabasePopulatorTests" time="0.001"/>
  <system-out><![CDATA[]]></system-out>
  <system-err><![CDATA[]]></system-err>
</testsuite>
