<?xml version="1.0" encoding="UTF-8"?>
<testsuite name="org.springframework.jdbc.config.JdbcNamespaceIntegrationTests" tests="15" skipped="2" failures="0" errors="0" timestamp="2019-12-21T15:02:04" hostname="yunlongdeMacBook-Pro.local" time="1.618">
  <properties/>
  <testcase name="createAndDestroyNestedWithH2()" classname="org.springframework.jdbc.config.JdbcNamespaceIntegrationTests" time="0.642"/>
  <testcase name="createEmbeddedDatabaseAgain()" classname="org.springframework.jdbc.config.JdbcNamespaceIntegrationTests" time="0.0">
    <skipped/>
  </testcase>
  <testcase name="createWithAnonymousDataSourceAndDefaultDatabaseName()" classname="org.springframework.jdbc.config.JdbcNamespaceIntegrationTests" time="0.071"/>
  <testcase name="initializeWithCustomSeparator()" classname="org.springframework.jdbc.config.JdbcNamespaceIntegrationTests" time="0.058"/>
  <testcase name="multipleDataSourcesHaveDifferentDatabaseNames()" classname="org.springframework.jdbc.config.JdbcNamespaceIntegrationTests" time="0.033"/>
  <testcase name="embeddedWithCustomSeparator()" classname="org.springframework.jdbc.config.JdbcNamespaceIntegrationTests" time="0.079"/>
  <testcase name="createWithEndings()" classname="org.springframework.jdbc.config.JdbcNamespaceIntegrationTests" time="0.058"/>
  <testcase name="createAndDestroy()" classname="org.springframework.jdbc.config.JdbcNamespaceIntegrationTests" time="0.067"/>
  <testcase name="createWithImplicitDatabaseName()" classname="org.springframework.jdbc.config.JdbcNamespaceIntegrationTests" time="0.088"/>
  <testcase name="createAndDestroyNestedWithHsql()" classname="org.springframework.jdbc.config.JdbcNamespaceIntegrationTests" time="0.152"/>
  <testcase name="createWithResourcePattern()" classname="org.springframework.jdbc.config.JdbcNamespaceIntegrationTests" time="0.065"/>
  <testcase name="createWithEndingsNested()" classname="org.springframework.jdbc.config.JdbcNamespaceIntegrationTests" time="0.064"/>
  <testcase name="createWithExplicitDatabaseName()" classname="org.springframework.jdbc.config.JdbcNamespaceIntegrationTests" time="0.161"/>
  <testcase name="createWithGeneratedDatabaseName()" classname="org.springframework.jdbc.config.JdbcNamespaceIntegrationTests" time="0.071"/>
  <testcase name="createEmbeddedDatabase()" classname="org.springframework.jdbc.config.JdbcNamespaceIntegrationTests" time="0.0">
    <skipped/>
  </testcase>
  <system-out><![CDATA[]]></system-out>
  <system-err><![CDATA[]]></system-err>
</testsuite>
