<?xml version="1.0" encoding="UTF-8"?>
<testsuite name="org.springframework.jdbc.core.support.JdbcDaoSupportTests" tests="2" skipped="0" failures="0" errors="0" timestamp="2019-12-21T15:02:03" hostname="yunlongdeMacBook-Pro.local" time="0.027">
  <properties/>
  <testcase name="testJdbcDaoSupportWithDataSource()" classname="org.springframework.jdbc.core.support.JdbcDaoSupportTests" time="0.027"/>
  <testcase name="testJdbcDaoSupportWithJdbcTemplate()" classname="org.springframework.jdbc.core.support.JdbcDaoSupportTests" time="0.0"/>
  <system-out><![CDATA[]]></system-out>
  <system-err><![CDATA[]]></system-err>
</testsuite>
