<?xml version="1.0" encoding="UTF-8"?>
<testsuite name="org.springframework.jdbc.support.CustomSQLExceptionTranslatorRegistrarTests" tests="1" skipped="0" failures="0" errors="0" timestamp="2019-12-21T15:02:07" hostname="yunlongdeMacBook-Pro.local" time="0.074">
  <properties/>
  <testcase name="customErrorCodeTranslation()" classname="org.springframework.jdbc.support.CustomSQLExceptionTranslatorRegistrarTests" time="0.074"/>
  <system-out><![CDATA[]]></system-out>
  <system-err><![CDATA[]]></system-err>
</testsuite>
