<?xml version="1.0" encoding="UTF-8"?>
<testsuite name="org.springframework.jdbc.core.RowMapperTests" tests="5" skipped="0" failures="0" errors="0" timestamp="2019-12-21T15:02:01" hostname="yunlongdeMacBook-Pro.local" time="0.036">
  <properties/>
  <testcase name="preparedStatementSetterWithRowMapper()" classname="org.springframework.jdbc.core.RowMapperTests" time="0.018"/>
  <testcase name="queryWithArgsAndRowMapper()" classname="org.springframework.jdbc.core.RowMapperTests" time="0.004"/>
  <testcase name="queryWithArgsAndTypesAndRowMapper()" classname="org.springframework.jdbc.core.RowMapperTests" time="0.003"/>
  <testcase name="staticQueryWithRowMapper()" classname="org.springframework.jdbc.core.RowMapperTests" time="0.005"/>
  <testcase name="preparedStatementCreatorWithRowMapper()" classname="org.springframework.jdbc.core.RowMapperTests" time="0.003"/>
  <system-out><![CDATA[]]></system-out>
  <system-err><![CDATA[]]></system-err>
</testsuite>
