<?xml version="1.0" encoding="UTF-8"?>
<testsuite name="org.springframework.jdbc.core.simple.CallMetaDataContextTests" tests="1" skipped="0" failures="0" errors="0" timestamp="2019-12-21T15:02:03" hostname="yunlongdeMacBook-Pro.local" time="0.008">
  <properties/>
  <testcase name="testMatchParameterValuesAndSqlInOutParameters()" classname="org.springframework.jdbc.core.simple.CallMetaDataContextTests" time="0.008"/>
  <system-out><![CDATA[]]></system-out>
  <system-err><![CDATA[]]></system-err>
</testsuite>
