<?xml version="1.0" encoding="UTF-8"?>
<testsuite name="org.springframework.jdbc.object.BatchSqlUpdateTests" tests="2" skipped="0" failures="0" errors="0" timestamp="2019-12-21T15:02:07" hostname="yunlongdeMacBook-Pro.local" time="0.006">
  <properties/>
  <testcase name="testBatchUpdateWithFlushThroughBatchSize()" classname="org.springframework.jdbc.object.BatchSqlUpdateTests" time="0.004"/>
  <testcase name="testBatchUpdateWithExplicitFlush()" classname="org.springframework.jdbc.object.BatchSqlUpdateTests" time="0.002"/>
  <system-out><![CDATA[]]></system-out>
  <system-err><![CDATA[]]></system-err>
</testsuite>
