<?xml version="1.0" encoding="UTF-8"?>
<testsuite name="org.springframework.context.annotation.configuration.ConfigurationClassProcessingTests" tests="17" skipped="0" failures="0" errors="0" timestamp="2019-12-19T12:59:35" hostname="bamboo-21" time="0.176">
  <properties/>
  <testcase name="configWithSetWithProviderImplementation()" classname="org.springframework.context.annotation.configuration.ConfigurationClassProcessingTests" time="0.003"/>
  <testcase name="aliasesAreRespectedWhenConfiguredViaNameAttribute()" classname="org.springframework.context.annotation.configuration.ConfigurationClassProcessingTests" time="0.003"/>
  <testcase name="configWithFactoryBeanReturnType()" classname="org.springframework.context.annotation.configuration.ConfigurationClassProcessingTests" time="0.003"/>
  <testcase name="customBeanNameIsRespectedWhenConfiguredViaNameAttribute()" classname="org.springframework.context.annotation.configuration.ConfigurationClassProcessingTests" time="0.016"/>
  <testcase name="configurationWithNullReference()" classname="org.springframework.context.annotation.configuration.ConfigurationClassProcessingTests" time="0.004"/>
  <testcase name="configurationWithAdaptivePrototypes()" classname="org.springframework.context.annotation.configuration.ConfigurationClassProcessingTests" time="0.024"/>
  <testcase name="configurationWithAdaptiveResourcePrototypes()" classname="org.springframework.context.annotation.configuration.ConfigurationClassProcessingTests" time="0.011"/>
  <testcase name="testFinalBeanMethod()" classname="org.springframework.context.annotation.configuration.ConfigurationClassProcessingTests" time="0.016"/>
  <testcase name="aliasesAreRespectedWhenConfiguredViaValueAttribute()" classname="org.springframework.context.annotation.configuration.ConfigurationClassProcessingTests" time="0.003"/>
  <testcase name="configWithBeanWithProviderImplementation()" classname="org.springframework.context.annotation.configuration.ConfigurationClassProcessingTests" time="0.01"/>
  <testcase name="configWithObjectReturnType()" classname="org.springframework.context.annotation.configuration.ConfigurationClassProcessingTests" time="0.001"/>
  <testcase name="configurationWithPostProcessor()" classname="org.springframework.context.annotation.configuration.ConfigurationClassProcessingTests" time="0.005"/>
  <testcase name="configurationWithFunctionalRegistration()" classname="org.springframework.context.annotation.configuration.ConfigurationClassProcessingTests" time="0.027"/>
  <testcase name="configurationWithPrototypeScopedBeans()" classname="org.springframework.context.annotation.configuration.ConfigurationClassProcessingTests" time="0.001"/>
  <testcase name="customBeanNameIsRespectedWhenConfiguredViaValueAttribute()" classname="org.springframework.context.annotation.configuration.ConfigurationClassProcessingTests" time="0.003"/>
  <testcase name="simplestPossibleConfig()" classname="org.springframework.context.annotation.configuration.ConfigurationClassProcessingTests" time="0.015"/>
  <testcase name="configurationWithApplicationListener()" classname="org.springframework.context.annotation.configuration.ConfigurationClassProcessingTests" time="0.004"/>
  <system-out><![CDATA[]]></system-out>
  <system-err><![CDATA[]]></system-err>
</testsuite>
