<?xml version="1.0" encoding="UTF-8"?>
<testsuite name="org.springframework.jmx.export.annotation.JmxUtilsAnnotationTests" tests="2" skipped="0" failures="0" errors="0" timestamp="2019-12-19T12:59:55" hostname="bamboo-21" time="0.001">
  <properties/>
  <testcase name="notMXBean()" classname="org.springframework.jmx.export.annotation.JmxUtilsAnnotationTests" time="0.0"/>
  <testcase name="annotatedMXBean()" classname="org.springframework.jmx.export.annotation.JmxUtilsAnnotationTests" time="0.0"/>
  <system-out><![CDATA[]]></system-out>
  <system-err><![CDATA[]]></system-err>
</testsuite>
