<?xml version="1.0" encoding="UTF-8"?>
<testsuite name="org.springframework.instrument.classloading.ResourceOverridingShadowingClassLoaderTests" tests="6" skipped="0" failures="0" errors="0" timestamp="2019-12-19T12:59:00" hostname="bamboo-21" time="0.026">
  <properties/>
  <testcase name="testDoesNotFindExistingResourceWithGetResourceAndNullOverride()" classname="org.springframework.instrument.classloading.ResourceOverridingShadowingClassLoaderTests" time="0.005"/>
  <testcase name="testFindsExistingResourceWithGetResourceAndNoOverrides()" classname="org.springframework.instrument.classloading.ResourceOverridingShadowingClassLoaderTests" time="0.001"/>
  <testcase name="testFindsExistingResourceWithGetResourceAsStreamAndNoOverrides()" classname="org.springframework.instrument.classloading.ResourceOverridingShadowingClassLoaderTests" time="0.002"/>
  <testcase name="testFindsExistingResourceWithGetResourcesAndNoOverrides()" classname="org.springframework.instrument.classloading.ResourceOverridingShadowingClassLoaderTests" time="0.002"/>
  <testcase name="testDoesNotFindExistingResourceWithGetResourceAsStreamAndNullOverride()" classname="org.springframework.instrument.classloading.ResourceOverridingShadowingClassLoaderTests" time="0.0"/>
  <testcase name="testDoesNotFindExistingResourceWithGetResourcesAndNullOverride()" classname="org.springframework.instrument.classloading.ResourceOverridingShadowingClassLoaderTests" time="0.001"/>
  <system-out><![CDATA[]]></system-out>
  <system-err><![CDATA[]]></system-err>
</testsuite>
