<?xml version="1.0" encoding="UTF-8"?>
<testsuite name="org.springframework.aop.aspectj.autoproxy.benchmark.BenchmarkTests" tests="8" skipped="0" failures="0" errors="0" timestamp="2019-12-19T13:00:12" hostname="bamboo-21" time="0.122">
  <properties/>
  <testcase name="testRepeatedMixWithSpringAop()" classname="org.springframework.aop.aspectj.autoproxy.benchmark.BenchmarkTests" time="0.028"/>
  <testcase name="testRepeatedAroundAdviceInvocationsWithSpringAop()" classname="org.springframework.aop.aspectj.autoproxy.benchmark.BenchmarkTests" time="0.016"/>
  <testcase name="testRepeatedBeforeAdviceInvocationsWithAspectJ()" classname="org.springframework.aop.aspectj.autoproxy.benchmark.BenchmarkTests" time="0.017"/>
  <testcase name="testRepeatedAroundAdviceInvocationsWithAspectJ()" classname="org.springframework.aop.aspectj.autoproxy.benchmark.BenchmarkTests" time="0.01"/>
  <testcase name="testRepeatedAfterReturningAdviceInvocationsWithAspectJ()" classname="org.springframework.aop.aspectj.autoproxy.benchmark.BenchmarkTests" time="0.016"/>
  <testcase name="testRepeatedBeforeAdviceInvocationsWithSpringAop()" classname="org.springframework.aop.aspectj.autoproxy.benchmark.BenchmarkTests" time="0.011"/>
  <testcase name="testRepeatedAfterReturningAdviceInvocationsWithSpringAop()" classname="org.springframework.aop.aspectj.autoproxy.benchmark.BenchmarkTests" time="0.011"/>
  <testcase name="testRepeatedMixWithAspectJ()" classname="org.springframework.aop.aspectj.autoproxy.benchmark.BenchmarkTests" time="0.013"/>
  <system-out><![CDATA[StopWatch '': running time = 1292004 ns
---------------------------------------------
ns         %     Task name
---------------------------------------------
001292004  100%  10 repeated mixed invocations with Spring AOP

StopWatch '': running time = 146648 ns
---------------------------------------------
ns         %     Task name
---------------------------------------------
000146648  100%  10 repeated around advice invocations with Spring AOP

StopWatch '': running time = 403543 ns
---------------------------------------------
ns         %     Task name
---------------------------------------------
000403543  100%  10 repeated before advice invocations with AspectJ

StopWatch '': running time = 194390 ns
---------------------------------------------
ns         %     Task name
---------------------------------------------
000194390  100%  10 repeated around advice invocations with AspectJ

StopWatch '': running time = 2962841 ns
---------------------------------------------
ns         %     Task name
---------------------------------------------
002962841  100%  10 repeated after returning advice invocations with AspectJ

StopWatch '': running time = 153170 ns
---------------------------------------------
ns         %     Task name
---------------------------------------------
000153170  100%  10 repeated before advice invocations with Spring AOP

StopWatch '': running time = 191236 ns
---------------------------------------------
ns         %     Task name
---------------------------------------------
000191236  100%  10 repeated after returning advice invocations with Spring AOP

StopWatch '': running time = 3451687 ns
---------------------------------------------
ns         %     Task name
---------------------------------------------
003451687  100%  10 repeated mixed invocations with AspectJ

]]></system-out>
  <system-err><![CDATA[]]></system-err>
</testsuite>
