<?xml version="1.0" encoding="UTF-8"?>
<testsuite name="org.springframework.validation.beanvalidation.MethodValidationTests" tests="4" skipped="0" failures="0" errors="0" timestamp="2019-12-19T12:59:53" hostname="bamboo-21" time="0.455">
  <properties/>
  <testcase name="testLazyValidatorForMethodValidation()" classname="org.springframework.validation.beanvalidation.MethodValidationTests" time="0.201"/>
  <testcase name="testMethodValidationInterceptor()" classname="org.springframework.validation.beanvalidation.MethodValidationTests" time="0.093"/>
  <testcase name="testLazyValidatorForMethodValidationWithProxyTargetClass()" classname="org.springframework.validation.beanvalidation.MethodValidationTests" time="0.106"/>
  <testcase name="testMethodValidationPostProcessor()" classname="org.springframework.validation.beanvalidation.MethodValidationTests" time="0.045"/>
  <system-out><![CDATA[]]></system-out>
  <system-err><![CDATA[]]></system-err>
</testsuite>
