<?xml version="1.0" encoding="UTF-8"?>
<testsuite name="org.springframework.context.annotation.ClassPathBeanDefinitionScannerTests" tests="24" skipped="0" failures="0" errors="0" timestamp="2019-12-19T12:59:22" hostname="bamboo-21" time="0.659">
  <properties/>
  <testcase name="testBeanNotAutowiredWithAnnotationConfigDisabled()" classname="org.springframework.context.annotation.ClassPathBeanDefinitionScannerTests" time="0.074"/>
  <testcase name="testMultipleScanCalls()" classname="org.springframework.context.annotation.ClassPathBeanDefinitionScannerTests" time="0.063"/>
  <testcase name="testAutowireCandidatePatternMatches()" classname="org.springframework.context.annotation.ClassPathBeanDefinitionScannerTests" time="0.046"/>
  <testcase name="testSimpleScanWithDefaultFiltersAndSameBeanTwice()" classname="org.springframework.context.annotation.ClassPathBeanDefinitionScannerTests" time="0.021"/>
  <testcase name="testMultipleBasePackagesWithDefaultsOnly()" classname="org.springframework.context.annotation.ClassPathBeanDefinitionScannerTests" time="0.033"/>
  <testcase name="testCustomAnnotationExcludeFilterAndDefaults()" classname="org.springframework.context.annotation.ClassPathBeanDefinitionScannerTests" time="0.014"/>
  <testcase name="testBeanAutowiredWithAnnotationConfigEnabled()" classname="org.springframework.context.annotation.ClassPathBeanDefinitionScannerTests" time="0.03"/>
  <testcase name="testSimpleScanWithDefaultFiltersAndNoPostProcessors()" classname="org.springframework.context.annotation.ClassPathBeanDefinitionScannerTests" time="0.015"/>
  <testcase name="testSimpleScanWithDefaultFiltersAndOverriddenEqualNamedBean()" classname="org.springframework.context.annotation.ClassPathBeanDefinitionScannerTests" time="0.02"/>
  <testcase name="testSimpleScanWithDefaultFiltersAndPrimaryLazyBean()" classname="org.springframework.context.annotation.ClassPathBeanDefinitionScannerTests" time="0.079"/>
  <testcase name="testSimpleScanWithDefaultFiltersAndSpecifiedBeanNameClash()" classname="org.springframework.context.annotation.ClassPathBeanDefinitionScannerTests" time="0.019"/>
  <testcase name="testCustomAssignableTypeExcludeFilterAndDefaults()" classname="org.springframework.context.annotation.ClassPathBeanDefinitionScannerTests" time="0.02"/>
  <testcase name="testDoubleScan()" classname="org.springframework.context.annotation.ClassPathBeanDefinitionScannerTests" time="0.011"/>
  <testcase name="testCustomAssignableTypeExcludeFilterAndDefaultsWithoutPostProcessors()" classname="org.springframework.context.annotation.ClassPathBeanDefinitionScannerTests" time="0.003"/>
  <testcase name="testSimpleScanWithDefaultFiltersAndDefaultBeanNameClash()" classname="org.springframework.context.annotation.ClassPathBeanDefinitionScannerTests" time="0.003"/>
  <testcase name="testSimpleScanWithDefaultFiltersAndPostProcessors()" classname="org.springframework.context.annotation.ClassPathBeanDefinitionScannerTests" time="0.039"/>
  <testcase name="testCustomIncludeFilterWithoutDefaultsAndNoPostProcessors()" classname="org.springframework.context.annotation.ClassPathBeanDefinitionScannerTests" time="0.014"/>
  <testcase name="testMultipleCustomExcludeFiltersAndDefaults()" classname="org.springframework.context.annotation.ClassPathBeanDefinitionScannerTests" time="0.009"/>
  <testcase name="testCustomIncludeFilterWithoutDefaultsButIncludingPostProcessors()" classname="org.springframework.context.annotation.ClassPathBeanDefinitionScannerTests" time="0.014"/>
  <testcase name="testSimpleScanWithDefaultFiltersAndOverridingBean()" classname="org.springframework.context.annotation.ClassPathBeanDefinitionScannerTests" time="0.008"/>
  <testcase name="testAutowireCandidatePatternDoesNotMatch()" classname="org.springframework.context.annotation.ClassPathBeanDefinitionScannerTests" time="0.066"/>
  <testcase name="testCustomIncludeFilterAndDefaults()" classname="org.springframework.context.annotation.ClassPathBeanDefinitionScannerTests" time="0.011"/>
  <testcase name="testCustomBeanNameGenerator()" classname="org.springframework.context.annotation.ClassPathBeanDefinitionScannerTests" time="0.012"/>
  <testcase name="testSimpleScanWithDefaultFiltersAndOverriddenCompatibleNamedBean()" classname="org.springframework.context.annotation.ClassPathBeanDefinitionScannerTests" time="0.011"/>
  <system-out><![CDATA[]]></system-out>
  <system-err><![CDATA[]]></system-err>
</testsuite>
