<?xml version="1.0" encoding="UTF-8"?>
<testsuite name="org.springframework.scripting.support.RefreshableScriptTargetSourceTests" tests="1" skipped="0" failures="0" errors="0" timestamp="2019-12-19T12:59:42" hostname="bamboo-21" time="0.011">
  <properties/>
  <testcase name="createWithNullScriptSource()" classname="org.springframework.scripting.support.RefreshableScriptTargetSourceTests" time="0.011"/>
  <system-out><![CDATA[]]></system-out>
  <system-err><![CDATA[]]></system-err>
</testsuite>
