<?xml version="1.0" encoding="UTF-8"?>
<testsuite name="org.springframework.context.annotation.Spr11310Tests" tests="2" skipped="0" failures="0" errors="0" timestamp="2019-12-19T12:59:37" hostname="bamboo-21" time="0.029">
  <properties/>
  <testcase name="orderedArray()" classname="org.springframework.context.annotation.Spr11310Tests" time="0.02"/>
  <testcase name="orderedList()" classname="org.springframework.context.annotation.Spr11310Tests" time="0.009"/>
  <system-out><![CDATA[]]></system-out>
  <system-err><![CDATA[]]></system-err>
</testsuite>
