<?xml version="1.0" encoding="UTF-8"?>
<testsuite name="org.springframework.context.annotation.PropertySourceAnnotationTests" tests="21" skipped="0" failures="0" errors="0" timestamp="2019-12-19T12:59:35" hostname="bamboo-21" time="0.217">
  <properties/>
  <testcase name="withPropertySources()" classname="org.springframework.context.annotation.PropertySourceAnnotationTests" time="0.007"/>
  <testcase name="withCustomFactory()" classname="org.springframework.context.annotation.PropertySourceAnnotationTests" time="0.016"/>
  <testcase name="orderingWithAndWithoutNameAndMultipleResourceLocations()" classname="org.springframework.context.annotation.PropertySourceAnnotationTests" time="0.016"/>
  <testcase name="withResolvablePlaceholderAndFactoryBean()" classname="org.springframework.context.annotation.PropertySourceAnnotationTests" time="0.004"/>
  <testcase name="withImplicitName()" classname="org.springframework.context.annotation.PropertySourceAnnotationTests" time="0.003"/>
  <testcase name="withIgnoredPropertySource()" classname="org.springframework.context.annotation.PropertySourceAnnotationTests" time="0.024"/>
  <testcase name="withResolvablePlaceholder()" classname="org.springframework.context.annotation.PropertySourceAnnotationTests" time="0.004"/>
  <testcase name="orderingIsLifo()" classname="org.springframework.context.annotation.PropertySourceAnnotationTests" time="0.019"/>
  <testcase name="withUnresolvablePlaceholderAndDefault()" classname="org.springframework.context.annotation.PropertySourceAnnotationTests" time="0.017"/>
  <testcase name="withNamedPropertySources()" classname="org.springframework.context.annotation.PropertySourceAnnotationTests" time="0.003"/>
  <testcase name="orderingDoesntReplaceExisting()" classname="org.springframework.context.annotation.PropertySourceAnnotationTests" time="0.016"/>
  <testcase name="withExplicitName()" classname="org.springframework.context.annotation.PropertySourceAnnotationTests" time="0.006"/>
  <testcase name="withMissingPropertySource()" classname="org.springframework.context.annotation.PropertySourceAnnotationTests" time="0.001"/>
  <testcase name="withCustomFactoryAsMeta()" classname="org.springframework.context.annotation.PropertySourceAnnotationTests" time="0.022"/>
  <testcase name="withEmptyResourceLocations()" classname="org.springframework.context.annotation.PropertySourceAnnotationTests" time="0.001"/>
  <testcase name="withTestProfileBeans()" classname="org.springframework.context.annotation.PropertySourceAnnotationTests" time="0.012"/>
  <testcase name="withNameAndMultipleResourceLocations()" classname="org.springframework.context.annotation.PropertySourceAnnotationTests" time="0.001"/>
  <testcase name="withSameSourceImportedInDifferentOrder()" classname="org.springframework.context.annotation.PropertySourceAnnotationTests" time="0.028"/>
  <testcase name="withMultipleResourceLocations()" classname="org.springframework.context.annotation.PropertySourceAnnotationTests" time="0.002"/>
  <testcase name="orderingWithAndWithoutNameAndFourResourceLocations()" classname="org.springframework.context.annotation.PropertySourceAnnotationTests" time="0.001"/>
  <testcase name="withUnresolvablePlaceholder()" classname="org.springframework.context.annotation.PropertySourceAnnotationTests" time="0.01"/>
  <system-out><![CDATA[12:59:35.318 [Test worker] WARN  o.s.c.a.AnnotationConfigApplicationContext - Exception encountered during context initialization - cancelling refresh attempt: org.springframework.beans.factory.BeanDefinitionStoreException: Failed to parse configuration class [org.springframework.context.annotation.PropertySourceAnnotationTests$ConfigWithMissingPropertySource]; nested exception is java.io.FileNotFoundException: class path resource [org/springframework/context/annotation/missing.properties] cannot be opened because it does not exist
12:59:35.341 [Test worker] WARN  o.s.c.a.AnnotationConfigApplicationContext - Exception encountered during context initialization - cancelling refresh attempt: org.springframework.beans.factory.BeanDefinitionStoreException: Failed to parse configuration class [org.springframework.context.annotation.PropertySourceAnnotationTests$ConfigWithEmptyResourceLocations]; nested exception is java.lang.IllegalArgumentException: At least one @PropertySource(value) location is required
12:59:35.397 [Test worker] WARN  o.s.c.a.AnnotationConfigApplicationContext - Exception encountered during context initialization - cancelling refresh attempt: org.springframework.beans.factory.BeanDefinitionStoreException: Failed to parse configuration class [org.springframework.context.annotation.PropertySourceAnnotationTests$ConfigWithUnresolvablePlaceholder]; nested exception is java.lang.IllegalArgumentException: Could not resolve placeholder 'unresolvable' in value "classpath:${unresolvable}/p1.properties"
]]></system-out>
  <system-err><![CDATA[]]></system-err>
</testsuite>
