<?xml version="1.0" encoding="UTF-8"?>
<testsuite name="org.springframework.context.expression.EnvironmentAccessorIntegrationTests" tests="1" skipped="0" failures="0" errors="0" timestamp="2019-12-19T12:59:39" hostname="bamboo-21" time="0.002">
  <properties/>
  <testcase name="braceAccess()" classname="org.springframework.context.expression.EnvironmentAccessorIntegrationTests" time="0.002"/>
  <system-out><![CDATA[]]></system-out>
  <system-err><![CDATA[]]></system-err>
</testsuite>
