<?xml version="1.0" encoding="UTF-8"?>
<testsuite name="org.springframework.cache.interceptor.CacheSyncFailureTests" tests="5" skipped="0" failures="0" errors="0" timestamp="2019-12-19T13:00:09" hostname="bamboo-21" time="0.1">
  <properties/>
  <testcase name="syncWithTwoGetOperations()" classname="org.springframework.cache.interceptor.CacheSyncFailureTests" time="0.038"/>
  <testcase name="unlessSync()" classname="org.springframework.cache.interceptor.CacheSyncFailureTests" time="0.019"/>
  <testcase name="severalCachesWithResolvedSync()" classname="org.springframework.cache.interceptor.CacheSyncFailureTests" time="0.019"/>
  <testcase name="severalCachesSync()" classname="org.springframework.cache.interceptor.CacheSyncFailureTests" time="0.01"/>
  <testcase name="syncWithAnotherOperation()" classname="org.springframework.cache.interceptor.CacheSyncFailureTests" time="0.013"/>
  <system-out><![CDATA[]]></system-out>
  <system-err><![CDATA[]]></system-err>
</testsuite>
