<?xml version="1.0" encoding="UTF-8"?>
<testsuite name="org.springframework.context.annotation.Spr6602Tests" tests="2" skipped="0" failures="0" errors="0" timestamp="2019-12-19T12:59:33" hostname="bamboo-21" time="0.052">
  <properties/>
  <testcase name="testXmlBehavior()" classname="org.springframework.context.annotation.Spr6602Tests" time="0.022"/>
  <testcase name="testConfigurationClassBehavior()" classname="org.springframework.context.annotation.Spr6602Tests" time="0.03"/>
  <system-out><![CDATA[]]></system-out>
  <system-err><![CDATA[]]></system-err>
</testsuite>
