<?xml version="1.0" encoding="UTF-8"?>
<testsuite name="org.springframework.context.annotation.KotlinConfigurationClassTests" tests="2" skipped="0" failures="0" errors="0" timestamp="2019-12-19T13:00:18" hostname="bamboo-21" time="0.144">
  <properties/>
  <testcase name="Final configuration with default proxyBeanMethods value()" classname="org.springframework.context.annotation.KotlinConfigurationClassTests" time="0.003"/>
  <testcase name="Final configuration with proxyBeanMethods set to false()" classname="org.springframework.context.annotation.KotlinConfigurationClassTests" time="0.141"/>
  <system-out><![CDATA[13:00:18.901 [Test worker] WARN  o.s.c.a.AnnotationConfigApplicationContext - Exception encountered during context initialization - cancelling refresh attempt: org.springframework.beans.factory.parsing.BeanDefinitionParsingException: Configuration problem: @Configuration class 'KotlinConfigurationClassTests.FinalConfigurationWithProxy' may not be final. Remove the final modifier to continue.
Offending resource: org.springframework.context.annotation.KotlinConfigurationClassTests$FinalConfigurationWithProxy
]]></system-out>
  <system-err><![CDATA[]]></system-err>
</testsuite>
