<?xml version="1.0" encoding="UTF-8"?>
<testsuite name="org.springframework.aop.aspectj.ThisAndTargetSelectionOnlyPointcutsAtAspectJTests" tests="9" skipped="0" failures="0" errors="0" timestamp="2019-12-19T13:00:13" hostname="bamboo-21" time="0.331">
  <properties/>
  <testcase name="thisAsClassAndTargetAsClassCounterNotMatch()" classname="org.springframework.aop.aspectj.ThisAndTargetSelectionOnlyPointcutsAtAspectJTests" time="0.046"/>
  <testcase name="atAnnotationMethodAnnotationMatch()" classname="org.springframework.aop.aspectj.ThisAndTargetSelectionOnlyPointcutsAtAspectJTests" time="0.036"/>
  <testcase name="targetAsClassDoesMatch()" classname="org.springframework.aop.aspectj.ThisAndTargetSelectionOnlyPointcutsAtAspectJTests" time="0.034"/>
  <testcase name="thisAsInterfaceAndTargetAsInterfaceCounterMatch()" classname="org.springframework.aop.aspectj.ThisAndTargetSelectionOnlyPointcutsAtAspectJTests" time="0.033"/>
  <testcase name="targetAsInterfaceMatch()" classname="org.springframework.aop.aspectj.ThisAndTargetSelectionOnlyPointcutsAtAspectJTests" time="0.03"/>
  <testcase name="thisAsClassDoesNotMatch()" classname="org.springframework.aop.aspectj.ThisAndTargetSelectionOnlyPointcutsAtAspectJTests" time="0.034"/>
  <testcase name="thisAsInterfaceAndTargetAsClassCounterMatch()" classname="org.springframework.aop.aspectj.ThisAndTargetSelectionOnlyPointcutsAtAspectJTests" time="0.033"/>
  <testcase name="atTargetClassAnnotationMatch()" classname="org.springframework.aop.aspectj.ThisAndTargetSelectionOnlyPointcutsAtAspectJTests" time="0.031"/>
  <testcase name="thisAsInterfaceMatch()" classname="org.springframework.aop.aspectj.ThisAndTargetSelectionOnlyPointcutsAtAspectJTests" time="0.053"/>
  <system-out><![CDATA[]]></system-out>
  <system-err><![CDATA[]]></system-err>
</testsuite>
