<?xml version="1.0" encoding="UTF-8"?>
<testsuite name="org.springframework.context.annotation.ComponentScanAnnotationRecursionTests" tests="1" skipped="0" failures="0" errors="0" timestamp="2019-12-19T12:59:35" hostname="bamboo-21" time="0.036">
  <properties/>
  <testcase name="recursion()" classname="org.springframework.context.annotation.ComponentScanAnnotationRecursionTests" time="0.036"/>
  <system-out><![CDATA[]]></system-out>
  <system-err><![CDATA[]]></system-err>
</testsuite>
