<?xml version="1.0" encoding="UTF-8"?>
<testsuite name="org.springframework.context.annotation.spr10546.Spr10546Tests" tests="10" skipped="0" failures="0" errors="0" timestamp="2019-12-19T12:59:33" hostname="bamboo-21" time="0.205">
  <properties/>
  <testcase name="enclosingConfigFirstParentDefinesBeanWithScanning()" classname="org.springframework.context.annotation.spr10546.Spr10546Tests" time="0.028"/>
  <testcase name="enclosingConfigOnly()" classname="org.springframework.context.annotation.spr10546.Spr10546Tests" time="0.01"/>
  <testcase name="enclosingConfigFirstParentWithParentDefinesBean()" classname="org.springframework.context.annotation.spr10546.Spr10546Tests" time="0.028"/>
  <testcase name="enclosingConfigFirstParentDefinesBeanWithImportResource()" classname="org.springframework.context.annotation.spr10546.Spr10546Tests" time="0.042"/>
  <testcase name="enclosingConfigFirstParentDefinesBeanWithImport()" classname="org.springframework.context.annotation.spr10546.Spr10546Tests" time="0.022"/>
  <testcase name="childConfigFirst()" classname="org.springframework.context.annotation.spr10546.Spr10546Tests" time="0.016"/>
  <testcase name="childConfigOnly()" classname="org.springframework.context.annotation.spr10546.Spr10546Tests" time="0.007"/>
  <testcase name="enclosingConfigFirstParentDefinesBean()" classname="org.springframework.context.annotation.spr10546.Spr10546Tests" time="0.002"/>
  <testcase name="enclosingConfigFirstParentDefinesBeanWithComponentScan()" classname="org.springframework.context.annotation.spr10546.Spr10546Tests" time="0.006"/>
  <testcase name="importChildConfigThenChildConfig()" classname="org.springframework.context.annotation.spr10546.Spr10546Tests" time="0.02"/>
  <system-out><![CDATA[]]></system-out>
  <system-err><![CDATA[]]></system-err>
</testsuite>
