<?xml version="1.0" encoding="UTF-8"?>
<testsuite name="org.springframework.validation.DataBinderFieldAccessTests" tests="6" skipped="0" failures="0" errors="0" timestamp="2019-12-19T12:59:54" hostname="bamboo-21" time="0.022">
  <properties/>
  <testcase name="nestedBindingWithDisabledAutoGrow()" classname="org.springframework.validation.DataBinderFieldAccessTests" time="0.001"/>
  <testcase name="bindingNoErrorsNotIgnoreUnknown()" classname="org.springframework.validation.DataBinderFieldAccessTests" time="0.01"/>
  <testcase name="bindingWithErrorsAndCustomEditors()" classname="org.springframework.validation.DataBinderFieldAccessTests" time="0.005"/>
  <testcase name="bindingWithErrors()" classname="org.springframework.validation.DataBinderFieldAccessTests" time="0.005"/>
  <testcase name="nestedBindingWithDefaultConversionNoErrors()" classname="org.springframework.validation.DataBinderFieldAccessTests" time="0.0"/>
  <testcase name="bindingNoErrors()" classname="org.springframework.validation.DataBinderFieldAccessTests" time="0.001"/>
  <system-out><![CDATA[]]></system-out>
  <system-err><![CDATA[]]></system-err>
</testsuite>
