<?xml version="1.0" encoding="UTF-8"?>
<testsuite name="org.springframework.scheduling.concurrent.ThreadPoolExecutorFactoryBeanTests" tests="1" skipped="0" failures="0" errors="0" timestamp="2019-12-19T12:59:11" hostname="bamboo-21" time="0.03">
  <properties/>
  <testcase name="defaultExecutor()" classname="org.springframework.scheduling.concurrent.ThreadPoolExecutorFactoryBeanTests" time="0.03"/>
  <system-out><![CDATA[Running
]]></system-out>
  <system-err><![CDATA[]]></system-err>
</testsuite>
