<?xml version="1.0" encoding="UTF-8"?>
<testsuite name="org.springframework.context.annotation.ComponentScanParserBeanDefinitionDefaultsTests" tests="12" skipped="0" failures="0" errors="0" timestamp="2019-12-19T12:59:23" hostname="bamboo-21" time="2.675">
  <properties/>
  <testcase name="testDefaultInitAndDestroyMethodsDefined()" classname="org.springframework.context.annotation.ComponentScanParserBeanDefinitionDefaultsTests" time="0.305"/>
  <testcase name="testDefaultNonExistingInitAndDestroyMethodsDefined()" classname="org.springframework.context.annotation.ComponentScanParserBeanDefinitionDefaultsTests" time="0.264"/>
  <testcase name="testDefaultAutowire()" classname="org.springframework.context.annotation.ComponentScanParserBeanDefinitionDefaultsTests" time="0.197"/>
  <testcase name="testLazyInitFalse()" classname="org.springframework.context.annotation.ComponentScanParserBeanDefinitionDefaultsTests" time="0.244"/>
  <testcase name="testAutowireNo()" classname="org.springframework.context.annotation.ComponentScanParserBeanDefinitionDefaultsTests" time="0.167"/>
  <testcase name="testDefaultDependencyCheck()" classname="org.springframework.context.annotation.ComponentScanParserBeanDefinitionDefaultsTests" time="0.257"/>
  <testcase name="testDefaultLazyInit()" classname="org.springframework.context.annotation.ComponentScanParserBeanDefinitionDefaultsTests" time="0.245"/>
  <testcase name="testDefaultInitAndDestroyMethodsNotDefined()" classname="org.springframework.context.annotation.ComponentScanParserBeanDefinitionDefaultsTests" time="0.251"/>
  <testcase name="testAutowireByName()" classname="org.springframework.context.annotation.ComponentScanParserBeanDefinitionDefaultsTests" time="0.221"/>
  <testcase name="testAutowireByType()" classname="org.springframework.context.annotation.ComponentScanParserBeanDefinitionDefaultsTests" time="0.17"/>
  <testcase name="testAutowireConstructor()" classname="org.springframework.context.annotation.ComponentScanParserBeanDefinitionDefaultsTests" time="0.18"/>
  <testcase name="testLazyInitTrue()" classname="org.springframework.context.annotation.ComponentScanParserBeanDefinitionDefaultsTests" time="0.152"/>
  <system-out><![CDATA[12:59:25.480 [Test worker] WARN  o.s.c.s.GenericApplicationContext - Exception encountered during context initialization - cancelling refresh attempt: org.springframework.beans.factory.UnsatisfiedDependencyException: Error creating bean with name 'componentScanParserBeanDefinitionDefaultsTests.DefaultsTestBean' defined in file [/opt/bamboo-home/xml-data/build-dir/SPR-PUBM-JOB1/spring-context/build/classes/java/test/org/springframework/context/annotation/ComponentScanParserBeanDefinitionDefaultsTests$DefaultsTestBean.class]: Unsatisfied dependency expressed through bean property 'propertyDependency1'; nested exception is org.springframework.beans.factory.NoUniqueBeanDefinitionException: No qualifying bean of type 'org.springframework.context.annotation.ComponentScanParserBeanDefinitionDefaultsTests$PropertyDependencyTestBean' available: expected single matching bean but found 2: org.springframework.context.annotation.ComponentScanParserBeanDefinitionDefaultsTests$PropertyDependencyTestBean#0,propertyDependency2
]]></system-out>
  <system-err><![CDATA[]]></system-err>
</testsuite>
