<?xml version="1.0" encoding="UTF-8"?>
<testsuite name="org.springframework.context.support.DefaultLifecycleProcessorTests" tests="20" skipped="5" failures="0" errors="0" timestamp="2019-12-19T12:59:20" hostname="bamboo-21" time="1.349">
  <properties/>
  <testcase name="dependencyStartedFirstAndIsSmartLifecycle()" classname="org.springframework.context.support.DefaultLifecycleProcessorTests" time="0.135"/>
  <testcase name="dependentShutdownFirstButNotSmartLifecycle()" classname="org.springframework.context.support.DefaultLifecycleProcessorTests" time="0.0">
    <skipped/>
  </testcase>
  <testcase name="singleSmartLifecycleAutoStartup()" classname="org.springframework.context.support.DefaultLifecycleProcessorTests" time="0.018"/>
  <testcase name="defaultLifecycleProcessorInstance()" classname="org.springframework.context.support.DefaultLifecycleProcessorTests" time="0.0"/>
  <testcase name="mixedShutdown()" classname="org.springframework.context.support.DefaultLifecycleProcessorTests" time="0.956"/>
  <testcase name="singleLifecycleShutdown()" classname="org.springframework.context.support.DefaultLifecycleProcessorTests" time="0.0"/>
  <testcase name="dependencyStartedFirstButNotSmartLifecycle()" classname="org.springframework.context.support.DefaultLifecycleProcessorTests" time="0.026"/>
  <testcase name="customLifecycleProcessorInstance()" classname="org.springframework.context.support.DefaultLifecycleProcessorTests" time="0.011"/>
  <testcase name="singleSmartLifecycleAutoStartupWithNonAutoStartupDependency()" classname="org.springframework.context.support.DefaultLifecycleProcessorTests" time="0.013"/>
  <testcase name="singleSmartLifecycleWithoutAutoStartup()" classname="org.springframework.context.support.DefaultLifecycleProcessorTests" time="0.017"/>
  <testcase name="dependencyStartedFirstEvenIfItsPhaseIsHigher()" classname="org.springframework.context.support.DefaultLifecycleProcessorTests" time="0.076"/>
  <testcase name="smartLifecycleGroupShutdown()" classname="org.springframework.context.support.DefaultLifecycleProcessorTests" time="0.0">
    <skipped/>
  </testcase>
  <testcase name="singleSmartLifecycleShutdown()" classname="org.springframework.context.support.DefaultLifecycleProcessorTests" time="0.0">
    <skipped/>
  </testcase>
  <testcase name="singleSmartLifecycleAutoStartupWithLazyInitFactoryBean()" classname="org.springframework.context.support.DefaultLifecycleProcessorTests" time="0.001"/>
  <testcase name="contextRefreshThenStopAndRestartWithMixedBeans()" classname="org.springframework.context.support.DefaultLifecycleProcessorTests" time="0.031"/>
  <testcase name="smartLifecycleGroupStartup()" classname="org.springframework.context.support.DefaultLifecycleProcessorTests" time="0.06"/>
  <testcase name="singleSmartLifecycleAutoStartupWithLazyInit()" classname="org.springframework.context.support.DefaultLifecycleProcessorTests" time="0.001"/>
  <testcase name="dependentShutdownFirstEvenIfItsPhaseIsLower()" classname="org.springframework.context.support.DefaultLifecycleProcessorTests" time="0.0">
    <skipped/>
  </testcase>
  <testcase name="contextRefreshThenStartWithMixedBeans()" classname="org.springframework.context.support.DefaultLifecycleProcessorTests" time="0.0"/>
  <testcase name="dependentShutdownFirstAndIsSmartLifecycle()" classname="org.springframework.context.support.DefaultLifecycleProcessorTests" time="0.0">
    <skipped/>
  </testcase>
  <system-out><![CDATA[]]></system-out>
  <system-err><![CDATA[]]></system-err>
</testsuite>
