<?xml version="1.0" encoding="UTF-8"?>
<testsuite name="org.springframework.context.groovy.GroovyBeanDefinitionReaderTests" tests="36" skipped="0" failures="0" errors="0" timestamp="2019-12-19T13:00:17" hostname="bamboo-21" time="0.82">
  <properties/>
  <testcase name="importSpringXml()" classname="org.springframework.context.groovy.GroovyBeanDefinitionReaderTests" time="0.023"/>
  <testcase name="abstractBeanDefinition()" classname="org.springframework.context.groovy.GroovyBeanDefinitionReaderTests" time="0.024"/>
  <testcase name="loadExternalBeansWithExplicitRefresh()" classname="org.springframework.context.groovy.GroovyBeanDefinitionReaderTests" time="0.023"/>
  <testcase name="beanWithFactoryBean()" classname="org.springframework.context.groovy.GroovyBeanDefinitionReaderTests" time="0.014"/>
  <testcase name="useSpringNamespaceAsMethod()" classname="org.springframework.context.groovy.GroovyBeanDefinitionReaderTests" time="0.346"/>
  <testcase name="simpleBean()" classname="org.springframework.context.groovy.GroovyBeanDefinitionReaderTests" time="0.018"/>
  <testcase name="registerBeans()" classname="org.springframework.context.groovy.GroovyBeanDefinitionReaderTests" time="0.022"/>
  <testcase name="namedArgumentConstructor()" classname="org.springframework.context.groovy.GroovyBeanDefinitionReaderTests" time="0.001"/>
  <testcase name="scopes()" classname="org.springframework.context.groovy.GroovyBeanDefinitionReaderTests" time="0.028"/>
  <testcase name="beanWithParentRef()" classname="org.springframework.context.groovy.GroovyBeanDefinitionReaderTests" time="0.021"/>
  <testcase name="beanWithFactoryMethodWithConstructorArgs()" classname="org.springframework.context.groovy.GroovyBeanDefinitionReaderTests" time="0.007"/>
  <testcase name="importBeansFromGroovy()" classname="org.springframework.context.groovy.GroovyBeanDefinitionReaderTests" time="0.021"/>
  <testcase name="useTwoSpringNamespaces()" classname="org.springframework.context.groovy.GroovyBeanDefinitionReaderTests" time="0.069"/>
  <testcase name="anonymousInnerBeanViaBeanMethod()" classname="org.springframework.context.groovy.GroovyBeanDefinitionReaderTests" time="0.005"/>
  <testcase name="withAnonymousInnerBean()" classname="org.springframework.context.groovy.GroovyBeanDefinitionReaderTests" time="0.004"/>
  <testcase name="springAopSupport()" classname="org.springframework.context.groovy.GroovyBeanDefinitionReaderTests" time="0.01"/>
  <testcase name="anonymousInnerBeanViaBeanMethodWithConstructorArgs()" classname="org.springframework.context.groovy.GroovyBeanDefinitionReaderTests" time="0.008"/>
  <testcase name="inheritPropertiesFromAbstractBean()" classname="org.springframework.context.groovy.GroovyBeanDefinitionReaderTests" time="0.003"/>
  <testcase name="groovyBeanDefinitionReaderWithScript()" classname="org.springframework.context.groovy.GroovyBeanDefinitionReaderTests" time="0.058"/>
  <testcase name="withUntypedAnonymousInnerBean()" classname="org.springframework.context.groovy.GroovyBeanDefinitionReaderTests" time="0.006"/>
  <testcase name="listOfBeansAsConstructorArg()" classname="org.springframework.context.groovy.GroovyBeanDefinitionReaderTests" time="0.003"/>
  <testcase name="singletonPropertyOnBeanDefinition()" classname="org.springframework.context.groovy.GroovyBeanDefinitionReaderTests" time="0.004"/>
  <testcase name="getBeanDefinitions()" classname="org.springframework.context.groovy.GroovyBeanDefinitionReaderTests" time="0.004"/>
  <testcase name="beanWithConstructor()" classname="org.springframework.context.groovy.GroovyBeanDefinitionReaderTests" time="0.003"/>
  <testcase name="beanReferences()" classname="org.springframework.context.groovy.GroovyBeanDefinitionReaderTests" time="0.009"/>
  <testcase name="beanWithFactoryBeanAndMethod()" classname="org.springframework.context.groovy.GroovyBeanDefinitionReaderTests" time="0.003"/>
  <testcase name="beanWithFactoryMethodUsingClosureArgs()" classname="org.springframework.context.groovy.GroovyBeanDefinitionReaderTests" time="0.006"/>
  <testcase name="loadExternalBeans()" classname="org.springframework.context.groovy.GroovyBeanDefinitionReaderTests" time="0.012"/>
  <testcase name="beanWithListAndMapConstructor()" classname="org.springframework.context.groovy.GroovyBeanDefinitionReaderTests" time="0.008"/>
  <testcase name="contextComponentScanSpringTag()" classname="org.springframework.context.groovy.GroovyBeanDefinitionReaderTests" time="0.011"/>
  <testcase name="springScopedProxyBean()" classname="org.springframework.context.groovy.GroovyBeanDefinitionReaderTests" time="0.007"/>
  <testcase name="abstractBeanDefinitionWithClass()" classname="org.springframework.context.groovy.GroovyBeanDefinitionReaderTests" time="0.005"/>
  <testcase name="abstractBeanSpecifyingClass()" classname="org.springframework.context.groovy.GroovyBeanDefinitionReaderTests" time="0.011"/>
  <testcase name="springNamespaceBean()" classname="org.springframework.context.groovy.GroovyBeanDefinitionReaderTests" time="0.005"/>
  <testcase name="holyGrailWiring()" classname="org.springframework.context.groovy.GroovyBeanDefinitionReaderTests" time="0.002"/>
  <testcase name="beanWithFactoryMethod()" classname="org.springframework.context.groovy.GroovyBeanDefinitionReaderTests" time="0.008"/>
  <system-out><![CDATA[lets begin
lets begin
]]></system-out>
  <system-err><![CDATA[]]></system-err>
</testsuite>
