<?xml version="1.0" encoding="UTF-8"?>
<testsuite name="org.springframework.aop.aspectj.AspectJExpressionPointcutAdvisorTests" tests="1" skipped="0" failures="0" errors="0" timestamp="2019-12-19T13:00:14" hostname="bamboo-21" time="0.005">
  <properties/>
  <testcase name="testPointcutting()" classname="org.springframework.aop.aspectj.AspectJExpressionPointcutAdvisorTests" time="0.005"/>
  <system-out><![CDATA[]]></system-out>
  <system-err><![CDATA[]]></system-err>
</testsuite>
