<?xml version="1.0" encoding="UTF-8"?>
<testsuite name="org.springframework.context.annotation.NestedConfigurationClassTests" tests="8" skipped="0" failures="0" errors="0" timestamp="2019-12-19T12:59:37" hostname="bamboo-21" time="0.168">
  <properties/>
  <testcase name="twoLevelsWithNoBeanMethods()" classname="org.springframework.context.annotation.NestedConfigurationClassTests" time="0.01"/>
  <testcase name="twoLevelsDeepWithInheritanceThroughImport()" classname="org.springframework.context.annotation.NestedConfigurationClassTests" time="0.035"/>
  <testcase name="twoLevelsDeep()" classname="org.springframework.context.annotation.NestedConfigurationClassTests" time="0.024"/>
  <testcase name="oneLevelDeep()" classname="org.springframework.context.annotation.NestedConfigurationClassTests" time="0.011"/>
  <testcase name="twoLevelsDeepWithInheritance()" classname="org.springframework.context.annotation.NestedConfigurationClassTests" time="0.012"/>
  <testcase name="twoLevelsInLiteMode()" classname="org.springframework.context.annotation.NestedConfigurationClassTests" time="0.003"/>
  <testcase name="twoLevelsDeepWithInheritanceAndScopedProxy()" classname="org.springframework.context.annotation.NestedConfigurationClassTests" time="0.054"/>
  <testcase name="twoLevelsOnNonAnnotatedBaseClass()" classname="org.springframework.context.annotation.NestedConfigurationClassTests" time="0.011"/>
  <system-out><![CDATA[]]></system-out>
  <system-err><![CDATA[]]></system-err>
</testsuite>
