<?xml version="1.0" encoding="UTF-8"?>
<testsuite name="org.springframework.context.annotation.configuration.DuplicatePostProcessingTests" tests="1" skipped="0" failures="0" errors="0" timestamp="2019-12-19T12:59:35" hostname="bamboo-21" time="0.022">
  <properties/>
  <testcase name="testWithFactoryBeanAndEventListener()" classname="org.springframework.context.annotation.configuration.DuplicatePostProcessingTests" time="0.022"/>
  <system-out><![CDATA[]]></system-out>
  <system-err><![CDATA[]]></system-err>
</testsuite>
