<?xml version="1.0" encoding="UTF-8"?>
<testsuite name="org.springframework.aop.framework.autoproxy.BeanNameAutoProxyCreatorTests" tests="8" skipped="0" failures="0" errors="0" timestamp="2019-12-19T13:00:15" hostname="bamboo-21" time="0.086">
  <properties/>
  <testcase name="testJdkProxyWithExactNameMatch()" classname="org.springframework.aop.framework.autoproxy.BeanNameAutoProxyCreatorTests" time="0.024"/>
  <testcase name="testCglibProxyWithWildcardMatch()" classname="org.springframework.aop.framework.autoproxy.BeanNameAutoProxyCreatorTests" time="0.016"/>
  <testcase name="testJdkIntroductionAppliesToCreatedObjectsNotFactoryBean()" classname="org.springframework.aop.framework.autoproxy.BeanNameAutoProxyCreatorTests" time="0.007"/>
  <testcase name="testJdkProxyWithWildcardMatch()" classname="org.springframework.aop.framework.autoproxy.BeanNameAutoProxyCreatorTests" time="0.011"/>
  <testcase name="testNoProxy()" classname="org.springframework.aop.framework.autoproxy.BeanNameAutoProxyCreatorTests" time="0.007"/>
  <testcase name="testJdkProxyWithDoubleProxying()" classname="org.springframework.aop.framework.autoproxy.BeanNameAutoProxyCreatorTests" time="0.003"/>
  <testcase name="testJdkIntroduction()" classname="org.springframework.aop.framework.autoproxy.BeanNameAutoProxyCreatorTests" time="0.004"/>
  <testcase name="testWithFrozenProxy()" classname="org.springframework.aop.framework.autoproxy.BeanNameAutoProxyCreatorTests" time="0.003"/>
  <system-out><![CDATA[]]></system-out>
  <system-err><![CDATA[]]></system-err>
</testsuite>
