<?xml version="1.0" encoding="UTF-8"?>
<testsuite name="org.springframework.scheduling.annotation.EnableAsyncTests" tests="17" skipped="0" failures="0" errors="0" timestamp="2019-12-19T12:59:08" hostname="bamboo-21" time="1.033">
  <properties/>
  <testcase name="customAsyncAnnotationIsPropagated()" classname="org.springframework.scheduling.annotation.EnableAsyncTests" time="0.1"/>
  <testcase name="properExceptionForResolvedProxyDependencyMismatch()" classname="org.springframework.scheduling.annotation.EnableAsyncTests" time="0.026"/>
  <testcase name="customExecutorConfig()" classname="org.springframework.scheduling.annotation.EnableAsyncTests" time="0.118"/>
  <testcase name="aspectModeAspectJAttemptsToRegisterAsyncAspect()" classname="org.springframework.scheduling.annotation.EnableAsyncTests" time="0.003"/>
  <testcase name="proxyingOccurs()" classname="org.springframework.scheduling.annotation.EnableAsyncTests" time="0.046"/>
  <testcase name="asyncProcessorIsOrderedLowestPrecedenceByDefault()" classname="org.springframework.scheduling.annotation.EnableAsyncTests" time="0.01"/>
  <testcase name="exceptionThrownWithBeanNotOfRequiredTypeRootCause()" classname="org.springframework.scheduling.annotation.EnableAsyncTests" time="0.038"/>
  <testcase name="customExecutorBeanConfigWithThrowsException()" classname="org.springframework.scheduling.annotation.EnableAsyncTests" time="0.104"/>
  <testcase name="customExecutorBeanConfig()" classname="org.springframework.scheduling.annotation.EnableAsyncTests" time="0.053"/>
  <testcase name="properExceptionForExistingProxyDependencyMismatch()" classname="org.springframework.scheduling.annotation.EnableAsyncTests" time="0.006"/>
  <testcase name="findOnInterfaceWithInterfaceProxy()" classname="org.springframework.scheduling.annotation.EnableAsyncTests" time="0.05"/>
  <testcase name="findOnInterfaceWithCglibProxy()" classname="org.springframework.scheduling.annotation.EnableAsyncTests" time="0.077"/>
  <testcase name="customExecutorBean()" classname="org.springframework.scheduling.annotation.EnableAsyncTests" time="0.049"/>
  <testcase name="customExecutorConfigWithThrowsException()" classname="org.springframework.scheduling.annotation.EnableAsyncTests" time="0.06"/>
  <testcase name="proxyingOccursWithMockitoStub()" classname="org.springframework.scheduling.annotation.EnableAsyncTests" time="0.139"/>
  <testcase name="withAsyncBeanWithExecutorQualifiedByName()" classname="org.springframework.scheduling.annotation.EnableAsyncTests" time="0.128"/>
  <testcase name="orderAttributeIsPropagated()" classname="org.springframework.scheduling.annotation.EnableAsyncTests" time="0.013"/>
  <system-out><![CDATA[12:59:08.222 [Test worker] WARN  o.s.c.a.AnnotationConfigApplicationContext - Exception encountered during context initialization - cancelling refresh attempt: org.springframework.beans.factory.UnsatisfiedDependencyException: Error creating bean with name 'enableAsyncTests.AsyncBeanUser': Unsatisfied dependency expressed through constructor parameter 0; nested exception is org.springframework.beans.factory.BeanNotOfRequiredTypeException: Bean named 'asyncBean' is expected to be of type 'org.springframework.scheduling.annotation.EnableAsyncTests$AsyncBean' but was actually of type 'com.sun.proxy.$Proxy99'
12:59:08.344 [Test worker] WARN  o.s.c.a.AnnotationConfigApplicationContext - Exception encountered during context initialization - cancelling refresh attempt: org.springframework.beans.factory.BeanDefinitionStoreException: Failed to process import candidates for configuration class [org.springframework.scheduling.annotation.EnableAsyncTests$AspectJAsyncAnnotationConfig]; nested exception is java.io.FileNotFoundException: class path resource [org/springframework/scheduling/aspectj/AspectJAsyncConfiguration.class] cannot be opened because it does not exist
12:59:08.439 [Test worker] WARN  o.s.c.a.AnnotationConfigApplicationContext - Exception encountered during context initialization - cancelling refresh attempt: org.springframework.beans.factory.UnsatisfiedDependencyException: Error creating bean with name 'user' defined in org.springframework.scheduling.annotation.EnableAsyncTests$UserConfiguration: Unsatisfied dependency expressed through method 'user' parameter 0; nested exception is org.springframework.beans.factory.BeanNotOfRequiredTypeException: Bean named 'asyncBean' is expected to be of type 'org.springframework.scheduling.annotation.EnableAsyncTests$AsyncBeanWithInterface' but was actually of type 'com.sun.proxy.$Proxy99'
12:59:08.603 [Test worker] WARN  o.s.c.a.AnnotationConfigApplicationContext - Exception encountered during context initialization - cancelling refresh attempt: org.springframework.beans.factory.UnsatisfiedDependencyException: Error creating bean with name 'enableAsyncTests.AsyncBeanUser': Unsatisfied dependency expressed through constructor parameter 0; nested exception is org.springframework.beans.factory.BeanNotOfRequiredTypeException: Bean named 'asyncBean' is expected to be of type 'org.springframework.scheduling.annotation.EnableAsyncTests$AsyncBean' but was actually of type 'com.sun.proxy.$Proxy99'
]]></system-out>
  <system-err><![CDATA[]]></system-err>
</testsuite>
