<?xml version="1.0" encoding="UTF-8"?>
<testsuite name="org.springframework.jmx.support.MBeanServerFactoryBeanTests" tests="7" skipped="0" failures="0" errors="0" timestamp="2019-12-19T12:59:54" hostname="bamboo-21" time="0.035">
  <properties/>
  <testcase name="newMBeanServer()" classname="org.springframework.jmx.support.MBeanServerFactoryBeanTests" time="0.001"/>
  <testcase name="createMBeanServer()" classname="org.springframework.jmx.support.MBeanServerFactoryBeanTests" time="0.0"/>
  <testcase name="locateExistingServerIfPossibleWithFallbackToPlatformServer()" classname="org.springframework.jmx.support.MBeanServerFactoryBeanTests" time="0.027"/>
  <testcase name="defaultDomain()" classname="org.springframework.jmx.support.MBeanServerFactoryBeanTests" time="0.0"/>
  <testcase name="withEmptyAgentIdAndFallbackToPlatformServer()" classname="org.springframework.jmx.support.MBeanServerFactoryBeanTests" time="0.005"/>
  <testcase name="defaultValues()" classname="org.springframework.jmx.support.MBeanServerFactoryBeanTests" time="0.0"/>
  <testcase name="locateExistingServerIfPossibleWithExistingServer()" classname="org.springframework.jmx.support.MBeanServerFactoryBeanTests" time="0.0"/>
  <system-out><![CDATA[]]></system-out>
  <system-err><![CDATA[]]></system-err>
</testsuite>
