<?xml version="1.0" encoding="UTF-8"?>
<testsuite name="org.springframework.context.annotation.Spr11202Tests" tests="2" skipped="0" failures="0" errors="0" timestamp="2019-12-19T12:59:37" hostname="bamboo-21" time="0.032">
  <properties/>
  <testcase name="testWithImporter()" classname="org.springframework.context.annotation.Spr11202Tests" time="0.023"/>
  <testcase name="testWithoutImporter()" classname="org.springframework.context.annotation.Spr11202Tests" time="0.009"/>
  <system-out><![CDATA[]]></system-out>
  <system-err><![CDATA[]]></system-err>
</testsuite>
