<?xml version="1.0" encoding="UTF-8"?>
<testsuite name="org.springframework.context.support.GenericApplicationContextExtensionsTests" tests="6" skipped="0" failures="0" errors="0" timestamp="2019-12-19T13:00:18" hostname="bamboo-21" time="0.012">
  <properties/>
  <testcase name="registerBeanWithNameAndFunction()" classname="org.springframework.context.support.GenericApplicationContextExtensionsTests" time="0.003"/>
  <testcase name="registerBeanWithNameAndSupplier()" classname="org.springframework.context.support.GenericApplicationContextExtensionsTests" time="0.0"/>
  <testcase name="registerBeanWithFunction()" classname="org.springframework.context.support.GenericApplicationContextExtensionsTests" time="0.0"/>
  <testcase name="registerBeanWithNameAndClass()" classname="org.springframework.context.support.GenericApplicationContextExtensionsTests" time="0.0"/>
  <testcase name="registerBeanWithSupplier()" classname="org.springframework.context.support.GenericApplicationContextExtensionsTests" time="0.001"/>
  <testcase name="registerBeanWithClass()" classname="org.springframework.context.support.GenericApplicationContextExtensionsTests" time="0.007"/>
  <system-out><![CDATA[]]></system-out>
  <system-err><![CDATA[]]></system-err>
</testsuite>
