<?xml version="1.0" encoding="UTF-8"?>
<testsuite name="org.springframework.scripting.groovy.GroovyAspectTests" tests="4" skipped="0" failures="0" errors="0" timestamp="2019-12-19T12:59:45" hostname="bamboo-21" time="0.203">
  <properties/>
  <testcase name="manualGroovyBeanWithStaticPointcut()" classname="org.springframework.scripting.groovy.GroovyAspectTests" time="0.07"/>
  <testcase name="manualGroovyBeanWithDynamicPointcutProxyTargetClass()" classname="org.springframework.scripting.groovy.GroovyAspectTests" time="0.053"/>
  <testcase name="manualGroovyBeanWithUnconditionalPointcut()" classname="org.springframework.scripting.groovy.GroovyAspectTests" time="0.024"/>
  <testcase name="manualGroovyBeanWithDynamicPointcut()" classname="org.springframework.scripting.groovy.GroovyAspectTests" time="0.055"/>
  <system-out><![CDATA[]]></system-out>
  <system-err><![CDATA[]]></system-err>
</testsuite>
