<?xml version="1.0" encoding="UTF-8"?>
<testsuite name="org.springframework.context.annotation.ComponentScanAnnotationIntegrationTests" tests="17" skipped="0" failures="0" errors="0" timestamp="2019-12-19T12:59:27" hostname="bamboo-21" time="1.278">
  <properties/>
  <testcase name="controlScan()" classname="org.springframework.context.annotation.ComponentScanAnnotationIntegrationTests" time="0.006"/>
  <testcase name="withScopedProxy()" classname="org.springframework.context.annotation.ComponentScanAnnotationIntegrationTests" time="0.174"/>
  <testcase name="withScopeResolver()" classname="org.springframework.context.annotation.ComponentScanAnnotationIntegrationTests" time="0.021"/>
  <testcase name="multiComponentScan()" classname="org.springframework.context.annotation.ComponentScanAnnotationIntegrationTests" time="0.042"/>
  <testcase name="withScopedProxyThroughAspectJPattern()" classname="org.springframework.context.annotation.ComponentScanAnnotationIntegrationTests" time="0.373"/>
  <testcase name="withAwareTypeFilter()" classname="org.springframework.context.annotation.ComponentScanAnnotationIntegrationTests" time="0.215"/>
  <testcase name="withCustomBeanNameGenerator()" classname="org.springframework.context.annotation.ComponentScanAnnotationIntegrationTests" time="0.027"/>
  <testcase name="viaContextRegistration_FromPackageOfConfigClass()" classname="org.springframework.context.annotation.ComponentScanAnnotationIntegrationTests" time="0.005"/>
  <testcase name="withMultipleAnnotationIncludeFilters1()" classname="org.springframework.context.annotation.ComponentScanAnnotationIntegrationTests" time="0.014"/>
  <testcase name="withMultipleAnnotationIncludeFilters2()" classname="org.springframework.context.annotation.ComponentScanAnnotationIntegrationTests" time="0.018"/>
  <testcase name="viaContextRegistration()" classname="org.springframework.context.annotation.ComponentScanAnnotationIntegrationTests" time="0.038"/>
  <testcase name="viaContextRegistration_WithComposedAnnotation()" classname="org.springframework.context.annotation.ComponentScanAnnotationIntegrationTests" time="0.025"/>
  <testcase name="withBasePackagesAndValueAlias()" classname="org.springframework.context.annotation.ComponentScanAnnotationIntegrationTests" time="0.026"/>
  <testcase name="withScopedProxyThroughRegex()" classname="org.springframework.context.annotation.ComponentScanAnnotationIntegrationTests" time="0.025"/>
  <testcase name="withCustomTypeFilter()" classname="org.springframework.context.annotation.ComponentScanAnnotationIntegrationTests" time="0.165"/>
  <testcase name="viaBeanRegistration()" classname="org.springframework.context.annotation.ComponentScanAnnotationIntegrationTests" time="0.025"/>
  <testcase name="viaContextRegistration_WithValueAttribute()" classname="org.springframework.context.annotation.ComponentScanAnnotationIntegrationTests" time="0.032"/>
  <system-out><![CDATA[]]></system-out>
  <system-err><![CDATA[]]></system-err>
</testsuite>
