<?xml version="1.0" encoding="UTF-8"?>
<testsuite name="org.springframework.cache.interceptor.CacheErrorHandlerTests" tests="9" skipped="0" failures="0" errors="0" timestamp="2019-12-19T13:00:09" hostname="bamboo-21" time="0.125">
  <properties/>
  <testcase name="clearFail()" classname="org.springframework.cache.interceptor.CacheErrorHandlerTests" time="0.059"/>
  <testcase name="evictFail()" classname="org.springframework.cache.interceptor.CacheErrorHandlerTests" time="0.013"/>
  <testcase name="getFailProperException()" classname="org.springframework.cache.interceptor.CacheErrorHandlerTests" time="0.007"/>
  <testcase name="putFail()" classname="org.springframework.cache.interceptor.CacheErrorHandlerTests" time="0.007"/>
  <testcase name="getFail()" classname="org.springframework.cache.interceptor.CacheErrorHandlerTests" time="0.006"/>
  <testcase name="getAndPutFail()" classname="org.springframework.cache.interceptor.CacheErrorHandlerTests" time="0.007"/>
  <testcase name="putFailProperException()" classname="org.springframework.cache.interceptor.CacheErrorHandlerTests" time="0.006"/>
  <testcase name="evictFailProperException()" classname="org.springframework.cache.interceptor.CacheErrorHandlerTests" time="0.006"/>
  <testcase name="clearFailProperException()" classname="org.springframework.cache.interceptor.CacheErrorHandlerTests" time="0.007"/>
  <system-out><![CDATA[]]></system-out>
  <system-err><![CDATA[]]></system-err>
</testsuite>
