<?xml version="1.0" encoding="UTF-8"?>
<testsuite name="org.springframework.context.annotation.configuration.Spr10668Tests" tests="1" skipped="0" failures="0" errors="0" timestamp="2019-12-19T12:59:37" hostname="bamboo-21" time="0.014">
  <properties/>
  <testcase name="testSelfInjectHierarchy()" classname="org.springframework.context.annotation.configuration.Spr10668Tests" time="0.014"/>
  <system-out><![CDATA[]]></system-out>
  <system-err><![CDATA[]]></system-err>
</testsuite>
