<?xml version="1.0" encoding="UTF-8"?>
<testsuite name="org.springframework.jndi.SimpleNamingContextTests" tests="2" skipped="0" failures="0" errors="0" timestamp="2019-12-19T12:59:41" hostname="bamboo-21" time="0.005">
  <properties/>
  <testcase name="testNamingContextBuilder()" classname="org.springframework.jndi.SimpleNamingContextTests" time="0.004"/>
  <testcase name="testCreateInitialContext()" classname="org.springframework.jndi.SimpleNamingContextTests" time="0.001"/>
  <system-out><![CDATA[]]></system-out>
  <system-err><![CDATA[]]></system-err>
</testsuite>
