<?xml version="1.0" encoding="UTF-8"?>
<testsuite name="org.springframework.context.annotation.AggressiveFactoryBeanInstantiationTests" tests="2" skipped="0" failures="0" errors="0" timestamp="2019-12-19T12:59:26" hostname="bamboo-21" time="0.013">
  <properties/>
  <testcase name="directlyRegisteredFactoryBean()" classname="org.springframework.context.annotation.AggressiveFactoryBeanInstantiationTests" time="0.004"/>
  <testcase name="beanMethodFactoryBean()" classname="org.springframework.context.annotation.AggressiveFactoryBeanInstantiationTests" time="0.008"/>
  <system-out><![CDATA[]]></system-out>
  <system-err><![CDATA[]]></system-err>
</testsuite>
