<?xml version="1.0" encoding="UTF-8"?>
<testsuite name="org.springframework.scripting.groovy.GroovyAspectIntegrationTests" tests="4" skipped="0" failures="0" errors="0" timestamp="2019-12-19T12:59:44" hostname="bamboo-21" time="0.306">
  <properties/>
  <testcase name="testJavaBean()" classname="org.springframework.scripting.groovy.GroovyAspectIntegrationTests" time="0.025"/>
  <testcase name="testGroovyBeanProxyTargetClass()" classname="org.springframework.scripting.groovy.GroovyAspectIntegrationTests" time="0.105"/>
  <testcase name="testGroovyBeanDynamic()" classname="org.springframework.scripting.groovy.GroovyAspectIntegrationTests" time="0.064"/>
  <testcase name="testGroovyBeanInterface()" classname="org.springframework.scripting.groovy.GroovyAspectIntegrationTests" time="0.04"/>
  <system-out><![CDATA[]]></system-out>
  <system-err><![CDATA[]]></system-err>
</testsuite>
