<?xml version="1.0" encoding="UTF-8"?>
<testsuite name="org.springframework.beans.factory.annotation.BridgeMethodAutowiringTests" tests="1" skipped="0" failures="0" errors="0" timestamp="2019-12-19T12:59:01" hostname="bamboo-21" time="0.055">
  <properties/>
  <testcase name="SPR8434()" classname="org.springframework.beans.factory.annotation.BridgeMethodAutowiringTests" time="0.055"/>
  <system-out><![CDATA[]]></system-out>
  <system-err><![CDATA[]]></system-err>
</testsuite>
