<?xml version="1.0" encoding="UTF-8"?>
<testsuite name="org.springframework.cache.interceptor.CacheProxyFactoryBeanTests" tests="1" skipped="0" failures="0" errors="0" timestamp="2019-12-19T13:00:09" hostname="bamboo-21" time="0.011">
  <properties/>
  <testcase name="configurationClassWithCacheProxyFactoryBean()" classname="org.springframework.cache.interceptor.CacheProxyFactoryBeanTests" time="0.011"/>
  <system-out><![CDATA[]]></system-out>
  <system-err><![CDATA[]]></system-err>
</testsuite>
