<?xml version="1.0" encoding="UTF-8"?>
<testsuite name="org.springframework.context.annotation.ImportSelectorTests" tests="8" skipped="0" failures="0" errors="0" timestamp="2019-12-19T12:59:29" hostname="bamboo-21" time="2.618">
  <properties/>
  <testcase name="correctMetaDataOnIndirectImports()" classname="org.springframework.context.annotation.ImportSelectorTests" time="0.042"/>
  <testcase name="invokeAwareMethodsInImportGroup()" classname="org.springframework.context.annotation.ImportSelectorTests" time="0.014"/>
  <testcase name="importSelectors()" classname="org.springframework.context.annotation.ImportSelectorTests" time="1.297"/>
  <testcase name="invokeAwareMethodsInImportSelector()" classname="org.springframework.context.annotation.ImportSelectorTests" time="0.006"/>
  <testcase name="importSelectorsWithNestedGroup()" classname="org.springframework.context.annotation.ImportSelectorTests" time="0.274"/>
  <testcase name="importSelectorsWithGroup()" classname="org.springframework.context.annotation.ImportSelectorTests" time="0.343"/>
  <testcase name="importSelectorsSeparateWithGroup()" classname="org.springframework.context.annotation.ImportSelectorTests" time="0.326"/>
  <testcase name="importSelectorsWithNestedGroupSameDeferredImport()" classname="org.springframework.context.annotation.ImportSelectorTests" time="0.304"/>
  <system-out><![CDATA[]]></system-out>
  <system-err><![CDATA[]]></system-err>
</testsuite>
