<?xml version="1.0" encoding="UTF-8"?>
<testsuite name="org.springframework.scheduling.config.AnnotationDrivenBeanDefinitionParserTests" tests="5" skipped="0" failures="0" errors="0" timestamp="2019-12-19T12:59:07" hostname="bamboo-21" time="0.201">
  <properties/>
  <testcase name="asyncPostProcessorExceptionHandlerReference()" classname="org.springframework.scheduling.config.AnnotationDrivenBeanDefinitionParserTests" time="0.01"/>
  <testcase name="scheduledPostProcessorSchedulerReference()" classname="org.springframework.scheduling.config.AnnotationDrivenBeanDefinitionParserTests" time="0.019"/>
  <testcase name="asyncPostProcessorRegistered()" classname="org.springframework.scheduling.config.AnnotationDrivenBeanDefinitionParserTests" time="0.006"/>
  <testcase name="asyncPostProcessorExecutorReference()" classname="org.springframework.scheduling.config.AnnotationDrivenBeanDefinitionParserTests" time="0.009"/>
  <testcase name="scheduledPostProcessorRegistered()" classname="org.springframework.scheduling.config.AnnotationDrivenBeanDefinitionParserTests" time="0.006"/>
  <system-out><![CDATA[]]></system-out>
  <system-err><![CDATA[]]></system-err>
</testsuite>
