<?xml version="1.0" encoding="UTF-8"?>
<testsuite name="org.springframework.aop.aspectj.AroundAdviceCircularTests" tests="5" skipped="0" failures="0" errors="0" timestamp="2019-12-19T13:00:13" hostname="bamboo-21" time="0.162">
  <properties/>
  <testcase name="testJustJoinPoint()" classname="org.springframework.aop.aspectj.AroundAdviceCircularTests" time="0.029"/>
  <testcase name="testOneObjectArgBoundToTarget()" classname="org.springframework.aop.aspectj.AroundAdviceCircularTests" time="0.027"/>
  <testcase name="testOneIntAndOneObjectArgs()" classname="org.springframework.aop.aspectj.AroundAdviceCircularTests" time="0.044"/>
  <testcase name="testOneIntArg()" classname="org.springframework.aop.aspectj.AroundAdviceCircularTests" time="0.031"/>
  <testcase name="testBothBeansAreProxies()" classname="org.springframework.aop.aspectj.AroundAdviceCircularTests" time="0.029"/>
  <system-out><![CDATA[]]></system-out>
  <system-err><![CDATA[]]></system-err>
</testsuite>
