<?xml version="1.0" encoding="UTF-8"?>
<testsuite name="org.springframework.context.annotation.ComponentScanAnnotationTests" tests="1" skipped="0" failures="0" errors="0" timestamp="2019-12-19T12:59:29" hostname="bamboo-21" time="0.008">
  <properties/>
  <testcase name="noop()" classname="org.springframework.context.annotation.ComponentScanAnnotationTests" time="0.008"/>
  <system-out><![CDATA[]]></system-out>
  <system-err><![CDATA[]]></system-err>
</testsuite>
