<?xml version="1.0" encoding="UTF-8"?>
<testsuite name="org.springframework.context.support.GenericXmlApplicationContextTests" tests="4" skipped="0" failures="0" errors="0" timestamp="2019-12-19T12:59:22" hostname="bamboo-21" time="0.102">
  <properties/>
  <testcase name="classRelativeResourceLoading_ctor()" classname="org.springframework.context.support.GenericXmlApplicationContextTests" time="0.039"/>
  <testcase name="classRelativeResourceLoading_load()" classname="org.springframework.context.support.GenericXmlApplicationContextTests" time="0.025"/>
  <testcase name="fullyQualifiedResourceLoading_ctor()" classname="org.springframework.context.support.GenericXmlApplicationContextTests" time="0.018"/>
  <testcase name="fullyQualifiedResourceLoading_load()" classname="org.springframework.context.support.GenericXmlApplicationContextTests" time="0.02"/>
  <system-out><![CDATA[]]></system-out>
  <system-err><![CDATA[]]></system-err>
</testsuite>
