<?xml version="1.0" encoding="UTF-8"?>
<testsuite name="org.springframework.beans.factory.xml.SimplePropertyNamespaceHandlerWithExpressionLanguageTests" tests="1" skipped="0" failures="0" errors="0" timestamp="2019-12-19T12:59:03" hostname="bamboo-21" time="0.126">
  <properties/>
  <testcase name="combineWithExpressionLanguage()" classname="org.springframework.beans.factory.xml.SimplePropertyNamespaceHandlerWithExpressionLanguageTests" time="0.126"/>
  <system-out><![CDATA[]]></system-out>
  <system-err><![CDATA[]]></system-err>
</testsuite>
