<?xml version="1.0" encoding="UTF-8"?>
<testsuite name="org.springframework.jndi.JndiLocatorDelegateTests" tests="1" skipped="0" failures="0" errors="0" timestamp="2019-12-19T12:59:41" hostname="bamboo-21" time="0.002">
  <properties/>
  <testcase name="isDefaultJndiEnvironmentAvailableFalse()" classname="org.springframework.jndi.JndiLocatorDelegateTests" time="0.002"/>
  <system-out><![CDATA[]]></system-out>
  <system-err><![CDATA[]]></system-err>
</testsuite>
