<?xml version="1.0" encoding="UTF-8"?>
<testsuite name="org.springframework.context.support.ResourceBundleMessageSourceTests" tests="29" skipped="0" failures="0" errors="0" timestamp="2019-12-19T12:59:13" hostname="bamboo-21" time="2.444">
  <properties/>
  <testcase name="testMessageAccessWithReloadableMessageSourceAndMessageFormat()" classname="org.springframework.context.support.ResourceBundleMessageSourceTests" time="0.056"/>
  <testcase name="testMessageSourceResourceBundle()" classname="org.springframework.context.support.ResourceBundleMessageSourceTests" time="0.021"/>
  <testcase name="testMessageAccessWithDefaultMessageSourceAndFallbackTurnedOffAndFallbackToGerman()" classname="org.springframework.context.support.ResourceBundleMessageSourceTests" time="0.005"/>
  <testcase name="testMessageAccessWithReloadableMessageSourceAndFallbackToGerman()" classname="org.springframework.context.support.ResourceBundleMessageSourceTests" time="0.025"/>
  <testcase name="testMessageAccessWithDefaultMessageSource()" classname="org.springframework.context.support.ResourceBundleMessageSourceTests" time="0.013"/>
  <testcase name="testStaticApplicationContextMessageSourceWithStaticParent()" classname="org.springframework.context.support.ResourceBundleMessageSourceTests" time="0.001"/>
  <testcase name="testMessageAccessWithReloadableMessageSource()" classname="org.springframework.context.support.ResourceBundleMessageSourceTests" time="0.013"/>
  <testcase name="testDefaultApplicationContextMessageSource()" classname="org.springframework.context.support.ResourceBundleMessageSourceTests" time="0.0"/>
  <testcase name="testReloadableResourceBundleMessageSourceWithDefaultCharset()" classname="org.springframework.context.support.ResourceBundleMessageSourceTests" time="0.002"/>
  <testcase name="testResourceBundleMessageSourceWithWhitespaceInBasename()" classname="org.springframework.context.support.ResourceBundleMessageSourceTests" time="0.01"/>
  <testcase name="testMessageAccessWithDefaultMessageSourceAndFallbackTurnedOff()" classname="org.springframework.context.support.ResourceBundleMessageSourceTests" time="0.004"/>
  <testcase name="testDefaultApplicationContextMessageSourceWithParent()" classname="org.springframework.context.support.ResourceBundleMessageSourceTests" time="0.001"/>
  <testcase name="testResourceBundleMessageSourceWithDefaultCharset()" classname="org.springframework.context.support.ResourceBundleMessageSourceTests" time="0.004"/>
  <testcase name="testStaticApplicationContextMessageSourceWithDefaultParent()" classname="org.springframework.context.support.ResourceBundleMessageSourceTests" time="0.0"/>
  <testcase name="testReloadableResourceBundleMessageSourceWithInappropriateDefaultCharset()" classname="org.springframework.context.support.ResourceBundleMessageSourceTests" time="0.004"/>
  <testcase name="testMessageAccessWithDefaultMessageSourceAndMessageFormat()" classname="org.springframework.context.support.ResourceBundleMessageSourceTests" time="0.005"/>
  <testcase name="testReloadableResourceBundleMessageSourceStandalone()" classname="org.springframework.context.support.ResourceBundleMessageSourceTests" time="0.001"/>
  <testcase name="testReloadableResourceBundleMessageSourceWithCommonMessages()" classname="org.springframework.context.support.ResourceBundleMessageSourceTests" time="0.012"/>
  <testcase name="testMessageAccessWithReloadableMessageSourceAndFallbackTurnedOff()" classname="org.springframework.context.support.ResourceBundleMessageSourceTests" time="0.005"/>
  <testcase name="testReloadableResourceBundleMessageSourceWithCacheSeconds()" classname="org.springframework.context.support.ResourceBundleMessageSourceTests" time="1.103"/>
  <testcase name="testMessageAccessWithDefaultMessageSourceAndFallbackToGerman()" classname="org.springframework.context.support.ResourceBundleMessageSourceTests" time="0.004"/>
  <testcase name="testMessageAccessWithReloadableMessageSourceAndFallbackTurnedOffAndFallbackToGerman()" classname="org.springframework.context.support.ResourceBundleMessageSourceTests" time="0.005"/>
  <testcase name="testResourceBundleMessageSourceWithInappropriateDefaultCharset()" classname="org.springframework.context.support.ResourceBundleMessageSourceTests" time="0.005"/>
  <testcase name="testReloadableResourceBundleMessageSourceWithInappropriateEnglishCharset()" classname="org.springframework.context.support.ResourceBundleMessageSourceTests" time="0.001"/>
  <testcase name="testReloadableResourceBundleMessageSourceFileNameCalculation()" classname="org.springframework.context.support.ResourceBundleMessageSourceTests" time="0.0"/>
  <testcase name="testReloadableResourceBundleMessageSourceWithNonConcurrentRefresh()" classname="org.springframework.context.support.ResourceBundleMessageSourceTests" time="1.117"/>
  <testcase name="testReloadableResourceBundleMessageSourceWithInappropriateGermanCharset()" classname="org.springframework.context.support.ResourceBundleMessageSourceTests" time="0.004"/>
  <testcase name="testResourceBundleMessageSourceStandalone()" classname="org.springframework.context.support.ResourceBundleMessageSourceTests" time="0.001"/>
  <testcase name="testReloadableResourceBundleMessageSourceWithWhitespaceInBasename()" classname="org.springframework.context.support.ResourceBundleMessageSourceTests" time="0.001"/>
  <system-out><![CDATA[12:59:14.801 [Test worker] WARN  o.s.c.s.ResourceBundleMessageSource - ResourceBundle [org/springframework/context/support/messages] not found for MessageSource: Can't find bundle for base name org/springframework/context/support/messages, locale en
]]></system-out>
  <system-err><![CDATA[]]></system-err>
</testsuite>
