<?xml version="1.0" encoding="UTF-8"?>
<testsuite name="org.springframework.aop.aspectj.autoproxy.AspectJAutoProxyCreatorTests" tests="19" skipped="3" failures="0" errors="0" timestamp="2019-12-19T13:00:12" hostname="bamboo-21" time="0.445">
  <properties/>
  <testcase name="testTwoAdviceAspectPrototype()" classname="org.springframework.aop.aspectj.autoproxy.AspectJAutoProxyCreatorTests" time="0.032"/>
  <testcase name="testAspectsAndAdvisorNotAppliedToPrototypeIsFastEnough()" classname="org.springframework.aop.aspectj.autoproxy.AspectJAutoProxyCreatorTests" time="0.0">
    <skipped/>
  </testcase>
  <testcase name="testAspectsAreApplied()" classname="org.springframework.aop.aspectj.autoproxy.AspectJAutoProxyCreatorTests" time="0.026"/>
  <testcase name="testIncludeMechanism()" classname="org.springframework.aop.aspectj.autoproxy.AspectJAutoProxyCreatorTests" time="0.013"/>
  <testcase name="testForceProxyTargetClass()" classname="org.springframework.aop.aspectj.autoproxy.AspectJAutoProxyCreatorTests" time="0.016"/>
  <testcase name="testAspectsAndAdvisorNotAppliedToManySingletonsIsFastEnough()" classname="org.springframework.aop.aspectj.autoproxy.AspectJAutoProxyCreatorTests" time="0.0">
    <skipped/>
  </testcase>
  <testcase name="testAspectsAreAppliedInDefinedOrder()" classname="org.springframework.aop.aspectj.autoproxy.AspectJAutoProxyCreatorTests" time="0.018"/>
  <testcase name="testAspectsAndAdvisorAppliedToPrototypeIsFastEnough()" classname="org.springframework.aop.aspectj.autoproxy.AspectJAutoProxyCreatorTests" time="0.0">
    <skipped/>
  </testcase>
  <testcase name="testMultipleAspectsWithParameterApplied()" classname="org.springframework.aop.aspectj.autoproxy.AspectJAutoProxyCreatorTests" time="0.023"/>
  <testcase name="testAspectsAndAdvisorAreApplied()" classname="org.springframework.aop.aspectj.autoproxy.AspectJAutoProxyCreatorTests" time="0.004"/>
  <testcase name="testAdviceUsingJoinPoint()" classname="org.springframework.aop.aspectj.autoproxy.AspectJAutoProxyCreatorTests" time="0.022"/>
  <testcase name="testTwoAdviceAspect()" classname="org.springframework.aop.aspectj.autoproxy.AspectJAutoProxyCreatorTests" time="0.013"/>
  <testcase name="testTwoAdviceAspectSingleton()" classname="org.springframework.aop.aspectj.autoproxy.AspectJAutoProxyCreatorTests" time="0.029"/>
  <testcase name="testPerThisAspect()" classname="org.springframework.aop.aspectj.autoproxy.AspectJAutoProxyCreatorTests" time="0.014"/>
  <testcase name="testAspectsAndAdvisorAreAppliedEvenIfComingFromParentFactory()" classname="org.springframework.aop.aspectj.autoproxy.AspectJAutoProxyCreatorTests" time="0.004"/>
  <testcase name="testPerTargetAspect()" classname="org.springframework.aop.aspectj.autoproxy.AspectJAutoProxyCreatorTests" time="0.032"/>
  <testcase name="testRetryAspect()" classname="org.springframework.aop.aspectj.autoproxy.AspectJAutoProxyCreatorTests" time="0.05"/>
  <testcase name="testWithAbstractFactoryBeanAreApplied()" classname="org.springframework.aop.aspectj.autoproxy.AspectJAutoProxyCreatorTests" time="0.036"/>
  <testcase name="testWithBeanNameAutoProxyCreator()" classname="org.springframework.aop.aspectj.autoproxy.AspectJAutoProxyCreatorTests" time="0.09"/>
  <system-out><![CDATA[]]></system-out>
  <system-err><![CDATA[]]></system-err>
</testsuite>
