<?xml version="1.0" encoding="UTF-8"?>
<testsuite name="org.springframework.context.annotation.configuration.ImportWithConditionTests" tests="2" skipped="0" failures="0" errors="0" timestamp="2019-12-19T12:59:36" hostname="bamboo-21" time="0.014">
  <properties/>
  <testcase name="unconditionalThenConditional()" classname="org.springframework.context.annotation.configuration.ImportWithConditionTests" time="0.005"/>
  <testcase name="conditionalThenUnconditional()" classname="org.springframework.context.annotation.configuration.ImportWithConditionTests" time="0.003"/>
  <system-out><![CDATA[]]></system-out>
  <system-err><![CDATA[]]></system-err>
</testsuite>
