<?xml version="1.0" encoding="UTF-8"?>
<testsuite name="org.springframework.context.annotation.ComponentScanParserScopedProxyTests" tests="5" skipped="0" failures="0" errors="0" timestamp="2019-12-19T12:59:37" hostname="bamboo-21" time="0.119">
  <properties/>
  <testcase name="testDefaultScopedProxy()" classname="org.springframework.context.annotation.ComponentScanParserScopedProxyTests" time="0.021"/>
  <testcase name="testTargetClassScopedProxy()" classname="org.springframework.context.annotation.ComponentScanParserScopedProxyTests" time="0.044"/>
  <testcase name="testInterfacesScopedProxy()" classname="org.springframework.context.annotation.ComponentScanParserScopedProxyTests" time="0.019"/>
  <testcase name="testNoScopedProxy()" classname="org.springframework.context.annotation.ComponentScanParserScopedProxyTests" time="0.026"/>
  <testcase name="testInvalidConfigScopedProxy()" classname="org.springframework.context.annotation.ComponentScanParserScopedProxyTests" time="0.005"/>
  <system-out><![CDATA[]]></system-out>
  <system-err><![CDATA[]]></system-err>
</testsuite>
