<?xml version="1.0" encoding="UTF-8"?>
<testsuite name="org.springframework.context.annotation.configuration.ImportAnnotationDetectionTests" tests="4" skipped="0" failures="0" errors="0" timestamp="2019-12-19T12:59:35" hostname="bamboo-21" time="0.048">
  <properties/>
  <testcase name="localImportIsProcessedLast()" classname="org.springframework.context.annotation.configuration.ImportAnnotationDetectionTests" time="0.012"/>
  <testcase name="importFromBean()" classname="org.springframework.context.annotation.configuration.ImportAnnotationDetectionTests" time="0.015"/>
  <testcase name="localAndMetaImportsAreProcessed()" classname="org.springframework.context.annotation.configuration.ImportAnnotationDetectionTests" time="0.017"/>
  <testcase name="multipleMetaImportsAreProcessed()" classname="org.springframework.context.annotation.configuration.ImportAnnotationDetectionTests" time="0.003"/>
  <system-out><![CDATA[]]></system-out>
  <system-err><![CDATA[]]></system-err>
</testsuite>
