<?xml version="1.0" encoding="UTF-8"?>
<testsuite name="org.springframework.scripting.bsh.BshScriptEvaluatorTests" tests="3" skipped="0" failures="0" errors="0" timestamp="2019-12-19T12:59:44" hostname="bamboo-21" time="0.012">
  <properties/>
  <testcase name="testGroovyScriptWithArguments()" classname="org.springframework.scripting.bsh.BshScriptEvaluatorTests" time="0.005"/>
  <testcase name="testBshScriptFromFile()" classname="org.springframework.scripting.bsh.BshScriptEvaluatorTests" time="0.003"/>
  <testcase name="testBshScriptFromString()" classname="org.springframework.scripting.bsh.BshScriptEvaluatorTests" time="0.003"/>
  <system-out><![CDATA[]]></system-out>
  <system-err><![CDATA[]]></system-err>
</testsuite>
