<?xml version="1.0" encoding="UTF-8"?>
<testsuite name="org.springframework.jms.annotation.AnnotationDrivenNamespaceTests" tests="9" skipped="0" failures="0" errors="0" timestamp="2019-12-21T15:04:43" hostname="yunlongdeMacBook-Pro.local" time="0.22">
  <properties/>
  <testcase name="jmsListeners()" classname="org.springframework.jms.annotation.AnnotationDrivenNamespaceTests" time="0.028"/>
  <testcase name="sampleConfiguration()" classname="org.springframework.jms.annotation.AnnotationDrivenNamespaceTests" time="0.018"/>
  <testcase name="customConfiguration()" classname="org.springframework.jms.annotation.AnnotationDrivenNamespaceTests" time="0.029"/>
  <testcase name="jmsHandlerMethodFactoryConfiguration()" classname="org.springframework.jms.annotation.AnnotationDrivenNamespaceTests" time="0.024"/>
  <testcase name="explicitContainerFactory()" classname="org.springframework.jms.annotation.AnnotationDrivenNamespaceTests" time="0.019"/>
  <testcase name="fullConfiguration()" classname="org.springframework.jms.annotation.AnnotationDrivenNamespaceTests" time="0.015"/>
  <testcase name="defaultContainerFactory()" classname="org.springframework.jms.annotation.AnnotationDrivenNamespaceTests" time="0.016"/>
  <testcase name="fullConfigurableConfiguration()" classname="org.springframework.jms.annotation.AnnotationDrivenNamespaceTests" time="0.052"/>
  <testcase name="jmsListenerIsRepeatable()" classname="org.springframework.jms.annotation.AnnotationDrivenNamespaceTests" time="0.015"/>
  <system-out><![CDATA[]]></system-out>
  <system-err><![CDATA[]]></system-err>
</testsuite>
