<?xml version="1.0" encoding="UTF-8"?>
<testsuite name="org.springframework.jms.connection.SingleConnectionFactoryTests" tests="18" skipped="0" failures="0" errors="0" timestamp="2019-12-21T15:04:41" hostname="yunlongdeMacBook-Pro.local" time="0.072">
  <properties/>
  <testcase name="testCachingConnectionFactory()" classname="org.springframework.jms.connection.SingleConnectionFactoryTests" time="0.005"/>
  <testcase name="testWithConnectionFactoryAndReconnectOnException()" classname="org.springframework.jms.connection.SingleConnectionFactoryTests" time="0.002"/>
  <testcase name="testWithConnectionAggregatedStartStop()" classname="org.springframework.jms.connection.SingleConnectionFactoryTests" time="0.001"/>
  <testcase name="testWithTopicConnectionFactoryAndJms102Usage()" classname="org.springframework.jms.connection.SingleConnectionFactoryTests" time="0.016"/>
  <testcase name="testWithConnectionFactoryAndLocalExceptionListenerWithReconnect()" classname="org.springframework.jms.connection.SingleConnectionFactoryTests" time="0.001"/>
  <testcase name="testWithConnectionFactoryAndExceptionListenerAndReconnectOnException()" classname="org.springframework.jms.connection.SingleConnectionFactoryTests" time="0.0"/>
  <testcase name="testWithTopicConnectionFactoryAndJms11Usage()" classname="org.springframework.jms.connection.SingleConnectionFactoryTests" time="0.001"/>
  <testcase name="testWithConnection()" classname="org.springframework.jms.connection.SingleConnectionFactoryTests" time="0.001"/>
  <testcase name="testWithConnectionFactoryAndExceptionListener()" classname="org.springframework.jms.connection.SingleConnectionFactoryTests" time="0.002"/>
  <testcase name="testWithTopicConnection()" classname="org.springframework.jms.connection.SingleConnectionFactoryTests" time="0.001"/>
  <testcase name="testCachingConnectionFactoryWithTopicConnectionFactoryAndJms102Usage()" classname="org.springframework.jms.connection.SingleConnectionFactoryTests" time="0.022"/>
  <testcase name="testWithQueueConnectionFactoryAndJms102Usage()" classname="org.springframework.jms.connection.SingleConnectionFactoryTests" time="0.004"/>
  <testcase name="testWithQueueConnectionFactoryAndJms11Usage()" classname="org.springframework.jms.connection.SingleConnectionFactoryTests" time="0.002"/>
  <testcase name="testWithConnectionFactoryAndClientId()" classname="org.springframework.jms.connection.SingleConnectionFactoryTests" time="0.001"/>
  <testcase name="testWithConnectionFactoryAndLocalExceptionListenerWithCleanup()" classname="org.springframework.jms.connection.SingleConnectionFactoryTests" time="0.001"/>
  <testcase name="testWithConnectionFactory()" classname="org.springframework.jms.connection.SingleConnectionFactoryTests" time="0.001"/>
  <testcase name="testWithQueueConnection()" classname="org.springframework.jms.connection.SingleConnectionFactoryTests" time="0.001"/>
  <testcase name="testCachingConnectionFactoryWithQueueConnectionFactoryAndJms102Usage()" classname="org.springframework.jms.connection.SingleConnectionFactoryTests" time="0.007"/>
  <system-out><![CDATA[]]></system-out>
  <system-err><![CDATA[]]></system-err>
</testsuite>
