<?xml version="1.0" encoding="UTF-8"?>
<testsuite name="org.springframework.jms.annotation.EnableJmsTests" tests="14" skipped="0" failures="0" errors="0" timestamp="2019-12-21T15:04:42" hostname="yunlongdeMacBook-Pro.local" time="0.424">
  <properties/>
  <testcase name="jmsListeners()" classname="org.springframework.jms.annotation.EnableJmsTests" time="0.182"/>
  <testcase name="unknownFactory()" classname="org.springframework.jms.annotation.EnableJmsTests" time="0.016"/>
  <testcase name="sampleConfiguration()" classname="org.springframework.jms.annotation.EnableJmsTests" time="0.019"/>
  <testcase name="customConfiguration()" classname="org.springframework.jms.annotation.EnableJmsTests" time="0.024"/>
  <testcase name="composedJmsListeners()" classname="org.springframework.jms.annotation.EnableJmsTests" time="0.016"/>
  <testcase name="containerCanBeStarterViaTheRegistry()" classname="org.springframework.jms.annotation.EnableJmsTests" time="0.017"/>
  <testcase name="jmsHandlerMethodFactoryConfiguration()" classname="org.springframework.jms.annotation.EnableJmsTests" time="0.021"/>
  <testcase name="explicitContainerFactory()" classname="org.springframework.jms.annotation.EnableJmsTests" time="0.018"/>
  <testcase name="fullConfiguration()" classname="org.springframework.jms.annotation.EnableJmsTests" time="0.016"/>
  <testcase name="lazyComponent()" classname="org.springframework.jms.annotation.EnableJmsTests" time="0.026"/>
  <testcase name="defaultContainerFactory()" classname="org.springframework.jms.annotation.EnableJmsTests" time="0.009"/>
  <testcase name="fullConfigurableConfiguration()" classname="org.springframework.jms.annotation.EnableJmsTests" time="0.025"/>
  <testcase name="jmsListenerIsRepeatable()" classname="org.springframework.jms.annotation.EnableJmsTests" time="0.01"/>
  <testcase name="containerAreStartedByDefault()" classname="org.springframework.jms.annotation.EnableJmsTests" time="0.015"/>
  <system-out><![CDATA[]]></system-out>
  <system-err><![CDATA[]]></system-err>
</testsuite>
