<?xml version="1.0" encoding="UTF-8"?>
<testsuite name="org.springframework.util.xml.XMLEventStreamReaderTests" tests="2" skipped="0" failures="0" errors="0" timestamp="2019-12-19T12:59:10" hostname="bamboo-21" time="0.033">
  <properties/>
  <testcase name="readCorrect()" classname="org.springframework.util.xml.XMLEventStreamReaderTests" time="0.031"/>
  <testcase name="readAll()" classname="org.springframework.util.xml.XMLEventStreamReaderTests" time="0.001"/>
  <system-out><![CDATA[]]></system-out>
  <system-err><![CDATA[]]></system-err>
</testsuite>
