<?xml version="1.0" encoding="UTF-8"?>
<testsuite name="org.springframework.core.annotation.MergedAnnotationsRepeatableAnnotationTests" tests="22" skipped="0" failures="0" errors="0" timestamp="2019-12-19T12:59:04" hostname="bamboo-21" time="0.058">
  <properties/>
  <testcase name="typeHierarchyWhenOnClassReturnsAnnotations()" classname="org.springframework.core.annotation.MergedAnnotationsRepeatableAnnotationTests" time="0.007"/>
  <testcase name="inheritedAnnotationsWhenContainerMissingValueAttributeThrowsException()" classname="org.springframework.core.annotation.MergedAnnotationsRepeatableAnnotationTests" time="0.001"/>
  <testcase name="inheritedAnnotationsWhenComposedContainerForRepeatableOnClassReturnsAnnotations()" classname="org.springframework.core.annotation.MergedAnnotationsRepeatableAnnotationTests" time="0.001"/>
  <testcase name="inheritedAnnotationsWhenOnClassReturnsAnnotations()" classname="org.springframework.core.annotation.MergedAnnotationsRepeatableAnnotationTests" time="0.001"/>
  <testcase name="typeHierarchyWhenWrongComponentTypeThrowsException()" classname="org.springframework.core.annotation.MergedAnnotationsRepeatableAnnotationTests" time="0.001"/>
  <testcase name="typeHierarchyAnnotationsWhenNoninheritedComposedRepeatableOnSuperclassReturnsAnnotations()" classname="org.springframework.core.annotation.MergedAnnotationsRepeatableAnnotationTests" time="0.002"/>
  <testcase name="typeHierarchyWhenContainerMissingValueAttributeThrowsException()" classname="org.springframework.core.annotation.MergedAnnotationsRepeatableAnnotationTests" time="0.001"/>
  <testcase name="inheritedAnnotationsWhenNoninheritedComposedRepeatableOnClassReturnsAnnotations()" classname="org.springframework.core.annotation.MergedAnnotationsRepeatableAnnotationTests" time="0.0"/>
  <testcase name="inheritedAnnotationsWhenWhenOnSuperclassReturnsAnnotations()" classname="org.springframework.core.annotation.MergedAnnotationsRepeatableAnnotationTests" time="0.001"/>
  <testcase name="typeHierarchyWhenWhenNonArrayValueAttributeThrowsException()" classname="org.springframework.core.annotation.MergedAnnotationsRepeatableAnnotationTests" time="0.0"/>
  <testcase name="typeHierarchyWhenWhenOnSuperclassReturnsAnnotations()" classname="org.springframework.core.annotation.MergedAnnotationsRepeatableAnnotationTests" time="0.0"/>
  <testcase name="typeHierarchyWhenComposedOnClassReturnsAnnotations()" classname="org.springframework.core.annotation.MergedAnnotationsRepeatableAnnotationTests" time="0.002"/>
  <testcase name="inheritedAnnotationsWhenWhenNonArrayValueAttributeThrowsException()" classname="org.springframework.core.annotation.MergedAnnotationsRepeatableAnnotationTests" time="0.001"/>
  <testcase name="inheritedAnnotationsWhenWrongComponentTypeThrowsException()" classname="org.springframework.core.annotation.MergedAnnotationsRepeatableAnnotationTests" time="0.026"/>
  <testcase name="typeHierarchyAnnotationsWhenNoninheritedComposedRepeatableOnClassReturnsAnnotations()" classname="org.springframework.core.annotation.MergedAnnotationsRepeatableAnnotationTests" time="0.002"/>
  <testcase name="inheritedAnnotationsWhenComposedMixedWithContainerOnClassReturnsAnnotations()" classname="org.springframework.core.annotation.MergedAnnotationsRepeatableAnnotationTests" time="0.0"/>
  <testcase name="inheritedAnnotationsWhenComposedOnClassReturnsAnnotations()" classname="org.springframework.core.annotation.MergedAnnotationsRepeatableAnnotationTests" time="0.0"/>
  <testcase name="inheritedAnnotationsWhenNonRepeatableThrowsException()" classname="org.springframework.core.annotation.MergedAnnotationsRepeatableAnnotationTests" time="0.001"/>
  <testcase name="typeHierarchyWhenComposedMixedWithContainerOnClassReturnsAnnotations()" classname="org.springframework.core.annotation.MergedAnnotationsRepeatableAnnotationTests" time="0.0"/>
  <testcase name="typeHierarchyWhenNonRepeatableThrowsException()" classname="org.springframework.core.annotation.MergedAnnotationsRepeatableAnnotationTests" time="0.001"/>
  <testcase name="inheritedAnnotationsWhenNoninheritedComposedRepeatableOnSuperclassReturnsAnnotations()" classname="org.springframework.core.annotation.MergedAnnotationsRepeatableAnnotationTests" time="0.0"/>
  <testcase name="typeHierarchyWhenComposedContainerForRepeatableOnClassReturnsAnnotations()" classname="org.springframework.core.annotation.MergedAnnotationsRepeatableAnnotationTests" time="0.0"/>
  <system-out><![CDATA[]]></system-out>
  <system-err><![CDATA[]]></system-err>
</testsuite>
