<?xml version="1.0" encoding="UTF-8"?>
<testsuite name="org.springframework.core.env.MutablePropertySourcesTests" tests="6" skipped="0" failures="0" errors="0" timestamp="2019-12-19T12:59:06" hostname="bamboo-21" time="0.018">
  <properties/>
  <testcase name="streamIsEmptyForEmptySources()" classname="org.springframework.core.env.MutablePropertySourcesTests" time="0.001"/>
  <testcase name="streamContainsPropertySource()" classname="org.springframework.core.env.MutablePropertySourcesTests" time="0.0"/>
  <testcase name="iteratorIsEmptyForEmptySources()" classname="org.springframework.core.env.MutablePropertySourcesTests" time="0.0"/>
  <testcase name="getNonExistentPropertySourceReturnsNull()" classname="org.springframework.core.env.MutablePropertySourcesTests" time="0.0"/>
  <testcase name="test()" classname="org.springframework.core.env.MutablePropertySourcesTests" time="0.011"/>
  <testcase name="iteratorContainsPropertySource()" classname="org.springframework.core.env.MutablePropertySourcesTests" time="0.006"/>
  <system-out><![CDATA[]]></system-out>
  <system-err><![CDATA[]]></system-err>
</testsuite>
