<?xml version="1.0" encoding="UTF-8"?>
<testsuite name="org.springframework.util.xml.StaxEventXMLReaderTests" tests="6" skipped="0" failures="0" errors="0" timestamp="2019-12-19T12:59:10" hostname="bamboo-21" time="0.054">
  <properties/>
  <testcase name="contentHandlerNamespacesPrefixes()" classname="org.springframework.util.xml.StaxEventXMLReaderTests" time="0.013"/>
  <testcase name="whitespace()" classname="org.springframework.util.xml.StaxEventXMLReaderTests" time="0.008"/>
  <testcase name="contentHandlerNoNamespacesPrefixes()" classname="org.springframework.util.xml.StaxEventXMLReaderTests" time="0.003"/>
  <testcase name="lexicalHandler()" classname="org.springframework.util.xml.StaxEventXMLReaderTests" time="0.018"/>
  <testcase name="contentHandlerNamespacesNoPrefixes()" classname="org.springframework.util.xml.StaxEventXMLReaderTests" time="0.01"/>
  <testcase name="partial()" classname="org.springframework.util.xml.StaxEventXMLReaderTests" time="0.002"/>
  <system-out><![CDATA[]]></system-out>
  <system-err><![CDATA[]]></system-err>
</testsuite>
