<?xml version="1.0" encoding="UTF-8"?>
<testsuite name="org.springframework.core.type.AnnotationMetadataTests" tests="17" skipped="0" failures="0" errors="0" timestamp="2019-12-19T12:59:02" hostname="bamboo-21" time="0.107">
  <properties/>
  <testcase name="composedAnnotationWithMetaAnnotationsWithIdenticalAttributeNamesUsingStandardAnnotationMetadata()" classname="org.springframework.core.type.AnnotationMetadataTests" time="0.003"/>
  <testcase name="multipleAnnotationsWithIdenticalAttributeNamesUsingStandardAnnotationMetadata()" classname="org.springframework.core.type.AnnotationMetadataTests" time="0.001"/>
  <testcase name="asmAnnotationMetadataForInterface()" classname="org.springframework.core.type.AnnotationMetadataTests" time="0.001"/>
  <testcase name="asmAnnotationMetadata()" classname="org.springframework.core.type.AnnotationMetadataTests" time="0.047"/>
  <testcase name="metaAnnotationOverridesUsingStandardAnnotationMetadata()" classname="org.springframework.core.type.AnnotationMetadataTests" time="0.014"/>
  <testcase name="inheritedAnnotationWithMetaAnnotationsWithIdenticalAttributeNamesUsingAnnotationMetadataReadingVisitor()" classname="org.springframework.core.type.AnnotationMetadataTests" time="0.001"/>
  <testcase name="metaAnnotationOverridesUsingAnnotationMetadataReadingVisitor()" classname="org.springframework.core.type.AnnotationMetadataTests" time="0.001"/>
  <testcase name="standardAnnotationMetadataForSubclass()" classname="org.springframework.core.type.AnnotationMetadataTests" time="0.012"/>
  <testcase name="inheritedAnnotationWithMetaAnnotationsWithIdenticalAttributeNamesUsingStandardAnnotationMetadata()" classname="org.springframework.core.type.AnnotationMetadataTests" time="0.0"/>
  <testcase name="standardAnnotationMetadataForAnnotation()" classname="org.springframework.core.type.AnnotationMetadataTests" time="0.002"/>
  <testcase name="standardAnnotationMetadataForInterface()" classname="org.springframework.core.type.AnnotationMetadataTests" time="0.0"/>
  <testcase name="asmAnnotationMetadataForSubclass()" classname="org.springframework.core.type.AnnotationMetadataTests" time="0.001"/>
  <testcase name="standardAnnotationMetadata()" classname="org.springframework.core.type.AnnotationMetadataTests" time="0.005"/>
  <testcase name="standardAnnotationMetadata_nestedAnnotationsAsMap_false()" classname="org.springframework.core.type.AnnotationMetadataTests" time="0.004"/>
  <testcase name="asmAnnotationMetadataForAnnotation()" classname="org.springframework.core.type.AnnotationMetadataTests" time="0.0"/>
  <testcase name="composedAnnotationWithMetaAnnotationsWithIdenticalAttributeNamesUsingAnnotationMetadataReadingVisitor()" classname="org.springframework.core.type.AnnotationMetadataTests" time="0.004"/>
  <testcase name="multipleAnnotationsWithIdenticalAttributeNamesUsingAnnotationMetadataReadingVisitor()" classname="org.springframework.core.type.AnnotationMetadataTests" time="0.001"/>
  <system-out><![CDATA[]]></system-out>
  <system-err><![CDATA[]]></system-err>
</testsuite>
