<?xml version="1.0" encoding="UTF-8"?>
<testsuite name="org.springframework.util.xml.ListBasedXMLEventReaderTests" tests="3" skipped="0" failures="0" errors="0" timestamp="2019-12-19T12:59:10" hostname="bamboo-21" time="0.033">
  <properties/>
  <testcase name="getElementText()" classname="org.springframework.util.xml.ListBasedXMLEventReaderTests" time="0.001"/>
  <testcase name="getElementTextThrowsExceptionAtWrongPosition()" classname="org.springframework.util.xml.ListBasedXMLEventReaderTests" time="0.007"/>
  <testcase name="standard()" classname="org.springframework.util.xml.ListBasedXMLEventReaderTests" time="0.024"/>
  <system-out><![CDATA[]]></system-out>
  <system-err><![CDATA[]]></system-err>
</testsuite>
