<?xml version="1.0" encoding="UTF-8"?>
<testsuite name="org.springframework.core.io.support.SpringFactoriesLoaderTests" tests="3" skipped="0" failures="0" errors="0" timestamp="2019-12-19T12:58:52" hostname="bamboo-21" time="0.053">
  <properties/>
  <testcase name="loadFactoriesInCorrectOrder()" classname="org.springframework.core.io.support.SpringFactoriesLoaderTests" time="0.051"/>
  <testcase name="loadPackagePrivateFactory()" classname="org.springframework.core.io.support.SpringFactoriesLoaderTests" time="0.001"/>
  <testcase name="attemptToLoadFactoryOfIncompatibleType()" classname="org.springframework.core.io.support.SpringFactoriesLoaderTests" time="0.0"/>
  <system-out><![CDATA[]]></system-out>
  <system-err><![CDATA[]]></system-err>
</testsuite>
