<?xml version="1.0" encoding="UTF-8"?>
<testsuite name="org.springframework.core.type.AspectJTypeFilterTests" tests="8" skipped="0" failures="0" errors="0" timestamp="2019-12-19T12:59:02" hostname="bamboo-21" time="0.519">
  <properties/>
  <testcase name="compositionPatternNoMatches()" classname="org.springframework.core.type.AspectJTypeFilterTests" time="0.364"/>
  <testcase name="annotationPatternMatches()" classname="org.springframework.core.type.AspectJTypeFilterTests" time="0.054"/>
  <testcase name="subclassPatternNoMatches()" classname="org.springframework.core.type.AspectJTypeFilterTests" time="0.022"/>
  <testcase name="compositionPatternMatches()" classname="org.springframework.core.type.AspectJTypeFilterTests" time="0.013"/>
  <testcase name="annotationPatternNoMatches()" classname="org.springframework.core.type.AspectJTypeFilterTests" time="0.001"/>
  <testcase name="namePatternNoMatches()" classname="org.springframework.core.type.AspectJTypeFilterTests" time="0.006"/>
  <testcase name="namePatternMatches()" classname="org.springframework.core.type.AspectJTypeFilterTests" time="0.011"/>
  <testcase name="subclassPatternMatches()" classname="org.springframework.core.type.AspectJTypeFilterTests" time="0.014"/>
  <system-out><![CDATA[warning no match for this type name: example.type.AspectJTypeFilterTestsTypes.SomeClassX [Xlint:invalidAbsoluteTypeName]
]]></system-out>
  <system-err><![CDATA[]]></system-err>
</testsuite>
