<?xml version="1.0" encoding="UTF-8"?>
<testsuite name="org.springframework.tests.AssumeTests" tests="5" skipped="0" failures="0" errors="0" timestamp="2019-12-19T12:58:50" hostname="bamboo-21" time="0.068">
  <properties/>
  <testcase name="assumeGroupWithBogusActiveTestGroup()" classname="org.springframework.tests.AssumeTests" time="0.02"/>
  <testcase name="assumeGroupWithNoMatchingActiveTestGroup()" classname="org.springframework.tests.AssumeTests" time="0.006"/>
  <testcase name="assumeGroupWithAllMinusBogusActiveTestGroup()" classname="org.springframework.tests.AssumeTests" time="0.008"/>
  <testcase name="assumeGroupWithNoActiveTestGroups()" classname="org.springframework.tests.AssumeTests" time="0.006"/>
  <testcase name="assumeGroupWithMatchingActiveTestGroup()" classname="org.springframework.tests.AssumeTests" time="0.001"/>
  <system-out><![CDATA[]]></system-out>
  <system-err><![CDATA[]]></system-err>
</testsuite>
