<?xml version="1.0" encoding="UTF-8"?>
<testsuite name="org.springframework.core.io.ResourceTests" tests="23" skipped="0" failures="0" errors="0" timestamp="2019-12-19T12:59:00" hostname="bamboo-21" time="1.353">
  <properties/>
  <testcase name="readableChannel()" classname="org.springframework.core.io.ResourceTests" time="0.0"/>
  <testcase name="fileSystemResourceWithRelativePath()" classname="org.springframework.core.io.ResourceTests" time="0.0"/>
  <testcase name="classPathResourceWithClassLoader()" classname="org.springframework.core.io.ResourceTests" time="0.008"/>
  <testcase name="classPathResourceWithClass()" classname="org.springframework.core.io.ResourceTests" time="0.003"/>
  <testcase name="fileSystemResourceWithPlainPath()" classname="org.springframework.core.io.ResourceTests" time="0.0"/>
  <testcase name="classPathResource()" classname="org.springframework.core.io.ResourceTests" time="0.016"/>
  <testcase name="urlResourceWithRelativePath()" classname="org.springframework.core.io.ResourceTests" time="0.0"/>
  <testcase name="inputStreamResourceWithDescription()" classname="org.springframework.core.io.ResourceTests" time="0.001"/>
  <testcase name="contentLength()" classname="org.springframework.core.io.ResourceTests" time="0.005"/>
  <testcase name="inputStreamNotFoundOnFileSystemResource()" classname="org.springframework.core.io.ResourceTests" time="0.0"/>
  <testcase name="abstractResourceExceptions()" classname="org.springframework.core.io.ResourceTests" time="0.002"/>
  <testcase name="inputStreamResource()" classname="org.springframework.core.io.ResourceTests" time="0.0"/>
  <testcase name="byteArrayResource()" classname="org.springframework.core.io.ResourceTests" time="0.002"/>
  <testcase name="readableChannelNotFoundOnFileSystemResource()" classname="org.springframework.core.io.ResourceTests" time="0.001"/>
  <testcase name="urlResource()" classname="org.springframework.core.io.ResourceTests" time="0.001"/>
  <testcase name="byteArrayResourceWithDescription()" classname="org.springframework.core.io.ResourceTests" time="0.001"/>
  <testcase name="nonFileResourceExists()" classname="org.springframework.core.io.ResourceTests" time="1.301"/>
  <testcase name="fileSystemResource()" classname="org.springframework.core.io.ResourceTests" time="0.001"/>
  <testcase name="inputStreamNotFoundOnClassPathResource()" classname="org.springframework.core.io.ResourceTests" time="0.0"/>
  <testcase name="classPathResourceWithRelativePath()" classname="org.springframework.core.io.ResourceTests" time="0.0"/>
  <testcase name="readableChannelNotFoundOnClassPathResource()" classname="org.springframework.core.io.ResourceTests" time="0.001"/>
  <testcase name="fileSystemResourceWithFilePath()" classname="org.springframework.core.io.ResourceTests" time="0.001"/>
  <testcase name="fileSystemResourceWithFile()" classname="org.springframework.core.io.ResourceTests" time="0.0"/>
  <system-out><![CDATA[]]></system-out>
  <system-err><![CDATA[]]></system-err>
</testsuite>
