<?xml version="1.0" encoding="UTF-8"?>
<testsuite name="org.springframework.core.convert.support.ByteBufferConverterTests" tests="5" skipped="0" failures="0" errors="0" timestamp="2019-12-19T12:59:06" hostname="bamboo-21" time="0.004">
  <properties/>
  <testcase name="byteBufferToByteBuffer()" classname="org.springframework.core.convert.support.ByteBufferConverterTests" time="0.001"/>
  <testcase name="byteArrayToByteBuffer()" classname="org.springframework.core.convert.support.ByteBufferConverterTests" time="0.0"/>
  <testcase name="byteBufferToByteArray()" classname="org.springframework.core.convert.support.ByteBufferConverterTests" time="0.002"/>
  <testcase name="byteBufferToOtherType()" classname="org.springframework.core.convert.support.ByteBufferConverterTests" time="0.0"/>
  <testcase name="otherTypeToByteBuffer()" classname="org.springframework.core.convert.support.ByteBufferConverterTests" time="0.001"/>
  <system-out><![CDATA[]]></system-out>
  <system-err><![CDATA[]]></system-err>
</testsuite>
