<?xml version="1.0" encoding="UTF-8"?>
<testsuite name="org.springframework.util.xml.StaxResultTests" tests="2" skipped="0" failures="0" errors="0" timestamp="2019-12-19T12:59:10" hostname="bamboo-21" time="0.021">
  <properties/>
  <testcase name="eventWriterSource()" classname="org.springframework.util.xml.StaxResultTests" time="0.018"/>
  <testcase name="streamWriterSource()" classname="org.springframework.util.xml.StaxResultTests" time="0.003"/>
  <system-out><![CDATA[]]></system-out>
  <system-err><![CDATA[]]></system-err>
</testsuite>
