<?xml version="1.0" encoding="UTF-8"?>
<testsuite name="org.springframework.util.StreamUtilsTests" tests="8" skipped="0" failures="0" errors="0" timestamp="2019-12-19T12:59:10" hostname="bamboo-21" time="0.322">
  <properties/>
  <testcase name="nonClosingOutputStream()" classname="org.springframework.util.StreamUtilsTests" time="0.047"/>
  <testcase name="copyStream()" classname="org.springframework.util.StreamUtilsTests" time="0.1"/>
  <testcase name="copyString()" classname="org.springframework.util.StreamUtilsTests" time="0.001"/>
  <testcase name="copyToString()" classname="org.springframework.util.StreamUtilsTests" time="0.084"/>
  <testcase name="copyBytes()" classname="org.springframework.util.StreamUtilsTests" time="0.004"/>
  <testcase name="copyRange()" classname="org.springframework.util.StreamUtilsTests" time="0.003"/>
  <testcase name="nonClosingInputStream()" classname="org.springframework.util.StreamUtilsTests" time="0.057"/>
  <testcase name="copyToByteArray()" classname="org.springframework.util.StreamUtilsTests" time="0.015"/>
  <system-out><![CDATA[]]></system-out>
  <system-err><![CDATA[]]></system-err>
</testsuite>
