<?xml version="1.0" encoding="UTF-8"?>
<testsuite name="org.springframework.util.ExceptionTypeFilterTests" tests="1" skipped="0" failures="0" errors="0" timestamp="2019-12-19T12:59:11" hostname="bamboo-21" time="0.0">
  <properties/>
  <testcase name="subClassMatch()" classname="org.springframework.util.ExceptionTypeFilterTests" time="0.0"/>
  <system-out><![CDATA[]]></system-out>
  <system-err><![CDATA[]]></system-err>
</testsuite>
