<?xml version="1.0" encoding="UTF-8"?>
<testsuite name="org.springframework.core.codec.ResourceDecoderTests" tests="3" skipped="0" failures="0" errors="0" timestamp="2019-12-19T12:59:04" hostname="bamboo-21" time="0.043">
  <properties/>
  <testcase name="decodeToMono()" classname="org.springframework.core.codec.ResourceDecoderTests" time="0.019"/>
  <testcase name="decode()" classname="org.springframework.core.codec.ResourceDecoderTests" time="0.023"/>
  <testcase name="canDecode()" classname="org.springframework.core.codec.ResourceDecoderTests" time="0.0"/>
  <system-out><![CDATA[]]></system-out>
  <system-err><![CDATA[]]></system-err>
</testsuite>
