<?xml version="1.0" encoding="UTF-8"?>
<testsuite name="org.springframework.core.io.support.ResourceRegionTests" tests="3" skipped="0" failures="0" errors="0" timestamp="2019-12-19T12:58:51" hostname="bamboo-21" time="0.768">
  <properties/>
  <testcase name="shouldThrowExceptionForNegativePosition()" classname="org.springframework.core.io.support.ResourceRegionTests" time="0.762"/>
  <testcase name="shouldThrowExceptionWithNullResource()" classname="org.springframework.core.io.support.ResourceRegionTests" time="0.003"/>
  <testcase name="shouldThrowExceptionForNegativeCount()" classname="org.springframework.core.io.support.ResourceRegionTests" time="0.001"/>
  <system-out><![CDATA[]]></system-out>
  <system-err><![CDATA[]]></system-err>
</testsuite>
