<?xml version="1.0" encoding="UTF-8"?>
<testsuite name="org.springframework.util.xml.StaxStreamHandlerTests" tests="4" skipped="0" failures="0" errors="0" timestamp="2019-12-19T12:59:10" hostname="bamboo-21" time="0.124">
  <properties/>
  <testcase name="noNamespacePrefixesDom()" classname="org.springframework.util.xml.StaxStreamHandlerTests" time="0.082"/>
  <testcase name="noNamespacePrefixes()" classname="org.springframework.util.xml.StaxStreamHandlerTests" time="0.024"/>
  <testcase name="namespacePrefixes()" classname="org.springframework.util.xml.StaxStreamHandlerTests" time="0.005"/>
  <testcase name="namespacePrefixesDom()" classname="org.springframework.util.xml.StaxStreamHandlerTests" time="0.004"/>
  <system-out><![CDATA[]]></system-out>
  <system-err><![CDATA[]]></system-err>
</testsuite>
