<?xml version="1.0" encoding="UTF-8"?>
<testsuite name="org.springframework.util.concurrent.ListenableFutureTaskTests" tests="4" skipped="0" failures="0" errors="0" timestamp="2019-12-19T12:59:09" hostname="bamboo-21" time="0.044">
  <properties/>
  <testcase name="success()" classname="org.springframework.util.concurrent.ListenableFutureTaskTests" time="0.001"/>
  <testcase name="failure()" classname="org.springframework.util.concurrent.ListenableFutureTaskTests" time="0.001"/>
  <testcase name="failureWithLambdas()" classname="org.springframework.util.concurrent.ListenableFutureTaskTests" time="0.041"/>
  <testcase name="successWithLambdas()" classname="org.springframework.util.concurrent.ListenableFutureTaskTests" time="0.0"/>
  <system-out><![CDATA[]]></system-out>
  <system-err><![CDATA[]]></system-err>
</testsuite>
