<?xml version="1.0" encoding="UTF-8"?>
<testsuite name="org.springframework.jca.cci.EisOperationTests" tests="5" skipped="0" failures="0" errors="0" timestamp="2019-12-21T15:02:32" hostname="yunlongdeMacBook-Pro.local" time="0.072">
  <properties/>
  <testcase name="testSimpleRecordOperationWithInputOutputRecord()" classname="org.springframework.jca.cci.EisOperationTests" time="0.006"/>
  <testcase name="testMappingRecordOperationWithOutputRecordCreator()" classname="org.springframework.jca.cci.EisOperationTests" time="0.049"/>
  <testcase name="testSimpleRecordOperation()" classname="org.springframework.jca.cci.EisOperationTests" time="0.005"/>
  <testcase name="testSimpleRecordOperationWithExplicitOutputRecord()" classname="org.springframework.jca.cci.EisOperationTests" time="0.006"/>
  <testcase name="testMappingRecordOperation()" classname="org.springframework.jca.cci.EisOperationTests" time="0.002"/>
  <system-out><![CDATA[]]></system-out>
  <system-err><![CDATA[]]></system-err>
</testsuite>
