<?xml version="1.0" encoding="UTF-8"?>
<testsuite name="org.springframework.transaction.interceptor.TransactionAttributeSourceAdvisorTests" tests="1" skipped="0" failures="0" errors="0" timestamp="2019-12-21T15:02:29" hostname="yunlongdeMacBook-Pro.local" time="0.023">
  <properties/>
  <testcase name="serializability()" classname="org.springframework.transaction.interceptor.TransactionAttributeSourceAdvisorTests" time="0.023"/>
  <system-out><![CDATA[]]></system-out>
  <system-err><![CDATA[]]></system-err>
</testsuite>
