<?xml version="1.0" encoding="UTF-8"?>
<testsuite name="org.springframework.transaction.annotation.AnnotationTransactionNamespaceHandlerTests" tests="5" skipped="0" failures="0" errors="0" timestamp="2019-12-21T15:02:25" hostname="yunlongdeMacBook-Pro.local" time="0.757">
  <properties/>
  <testcase name="invokeTransactional()" classname="org.springframework.transaction.annotation.AnnotationTransactionNamespaceHandlerTests" time="0.015"/>
  <testcase name="nonPublicMethodsNotAdvised()" classname="org.springframework.transaction.annotation.AnnotationTransactionNamespaceHandlerTests" time="0.001"/>
  <testcase name="transactionalEventListenerRegisteredProperly()" classname="org.springframework.transaction.annotation.AnnotationTransactionNamespaceHandlerTests" time="0.003"/>
  <testcase name="mBeanExportAlsoWorks()" classname="org.springframework.transaction.annotation.AnnotationTransactionNamespaceHandlerTests" time="0.072"/>
  <testcase name="isProxy()" classname="org.springframework.transaction.annotation.AnnotationTransactionNamespaceHandlerTests" time="0.003"/>
  <system-out><![CDATA[]]></system-out>
  <system-err><![CDATA[]]></system-err>
</testsuite>
