<?xml version="1.0" encoding="UTF-8"?>
<testsuite name="org.springframework.transaction.TxNamespaceHandlerTests" tests="3" skipped="0" failures="0" errors="0" timestamp="2019-12-21T15:02:27" hostname="yunlongdeMacBook-Pro.local" time="0.267">
  <properties/>
  <testcase name="rollbackRules()" classname="org.springframework.transaction.TxNamespaceHandlerTests" time="0.13"/>
  <testcase name="invokeTransactional()" classname="org.springframework.transaction.TxNamespaceHandlerTests" time="0.058"/>
  <testcase name="isProxy()" classname="org.springframework.transaction.TxNamespaceHandlerTests" time="0.078"/>
  <system-out><![CDATA[]]></system-out>
  <system-err><![CDATA[]]></system-err>
</testsuite>
