<?xml version="1.0" encoding="UTF-8"?>
<testsuite name="org.springframework.transaction.JndiJtaTransactionManagerTests" tests="6" skipped="0" failures="0" errors="0" timestamp="2019-12-21T15:02:28" hostname="yunlongdeMacBook-Pro.local" time="0.017">
  <properties/>
  <testcase name="jtaTransactionManagerWithDefaultJndiLookupsAndNoTmFound()" classname="org.springframework.transaction.JndiJtaTransactionManagerTests" time="0.003"/>
  <testcase name="jtaTransactionManagerWithDefaultJndiLookups1()" classname="org.springframework.transaction.JndiJtaTransactionManagerTests" time="0.001"/>
  <testcase name="jtaTransactionManagerWithDefaultJndiLookups2()" classname="org.springframework.transaction.JndiJtaTransactionManagerTests" time="0.001"/>
  <testcase name="jtaTransactionManagerWithDefaultJndiLookupsAndNoUtFound()" classname="org.springframework.transaction.JndiJtaTransactionManagerTests" time="0.001"/>
  <testcase name="jtaTransactionManagerWithNotCacheUserTransaction()" classname="org.springframework.transaction.JndiJtaTransactionManagerTests" time="0.004"/>
  <testcase name="jtaTransactionManagerWithCustomJndiLookups()" classname="org.springframework.transaction.JndiJtaTransactionManagerTests" time="0.002"/>
  <system-out><![CDATA[23:02:28.019 [Test worker] WARN  o.s.t.j.JtaTransactionManager - No JTA TransactionManager found: transaction suspension not available
23:02:28.030 [Test worker] WARN  o.s.t.j.JtaTransactionManager - No JTA TransactionManager found: transaction suspension not available
]]></system-out>
  <system-err><![CDATA[]]></system-err>
</testsuite>
