<?xml version="1.0" encoding="UTF-8"?>
<testsuite name="org.springframework.transaction.event.TransactionalEventListenerTests" tests="19" skipped="0" failures="0" errors="0" timestamp="2019-12-21T15:02:28" hostname="yunlongdeMacBook-Pro.local" time="1.044">
  <properties/>
  <testcase name="immediately()" classname="org.springframework.transaction.event.TransactionalEventListenerTests" time="0.221"/>
  <testcase name="afterCompletionRollback()" classname="org.springframework.transaction.event.TransactionalEventListenerTests" time="0.073"/>
  <testcase name="noTransaction()" classname="org.springframework.transaction.event.TransactionalEventListenerTests" time="0.056"/>
  <testcase name="transactionDemarcationWithSupportsPropagationAndNoTransaction()" classname="org.springframework.transaction.event.TransactionalEventListenerTests" time="0.054"/>
  <testcase name="noTransactionWithFallbackExecution()" classname="org.springframework.transaction.event.TransactionalEventListenerTests" time="0.047"/>
  <testcase name="transactionDemarcationWithRequiredPropagation()" classname="org.springframework.transaction.event.TransactionalEventListenerTests" time="0.043"/>
  <testcase name="beforeCommit()" classname="org.springframework.transaction.event.TransactionalEventListenerTests" time="0.047"/>
  <testcase name="afterCommitMetaAnnotation()" classname="org.springframework.transaction.event.TransactionalEventListenerTests" time="0.024"/>
  <testcase name="afterCommit()" classname="org.springframework.transaction.event.TransactionalEventListenerTests" time="0.056"/>
  <testcase name="transactionDemarcationWithSupportsPropagationAndExistingTransaction()" classname="org.springframework.transaction.event.TransactionalEventListenerTests" time="0.063"/>
  <testcase name="afterCompletionCommit()" classname="org.springframework.transaction.event.TransactionalEventListenerTests" time="0.049"/>
  <testcase name="conditionFoundOnMetaAnnotation()" classname="org.springframework.transaction.event.TransactionalEventListenerTests" time="0.043"/>
  <testcase name="regularTransaction()" classname="org.springframework.transaction.event.TransactionalEventListenerTests" time="0.037"/>
  <testcase name="transactionDemarcationWithNotSupportedPropagation()" classname="org.springframework.transaction.event.TransactionalEventListenerTests" time="0.025"/>
  <testcase name="conditionFoundOnTransactionalEventListener()" classname="org.springframework.transaction.event.TransactionalEventListenerTests" time="0.031"/>
  <testcase name="afterRollback()" classname="org.springframework.transaction.event.TransactionalEventListenerTests" time="0.028"/>
  <testcase name="beforeCommitWithException()" classname="org.springframework.transaction.event.TransactionalEventListenerTests" time="0.049"/>
  <testcase name="immediatelyImpactsCurrentTransaction()" classname="org.springframework.transaction.event.TransactionalEventListenerTests" time="0.042"/>
  <testcase name="afterCommitWithTransactionalComponentListenerProxiedViaDynamicProxy()" classname="org.springframework.transaction.event.TransactionalEventListenerTests" time="0.035"/>
  <system-out><![CDATA[23:02:28.511 [Test worker] WARN  o.s.t.e.ApplicationListenerMethodTransactionalAdapter - Processing org.springframework.context.PayloadApplicationEvent[source=org.springframework.context.annotation.AnnotationConfigApplicationContext@c3142e2, started on Sat Dec 21 23:02:28 CST 2019] as a fallback execution on AFTER_ROLLBACK phase
]]></system-out>
  <system-err><![CDATA[]]></system-err>
</testsuite>
