<?xml version="1.0" encoding="UTF-8"?>
<testsuite name="org.springframework.jca.cci.CciTemplateTests" tests="19" skipped="0" failures="0" errors="0" timestamp="2019-12-21T15:02:31" hostname="yunlongdeMacBook-Pro.local" time="0.875">
  <properties/>
  <testcase name="testTemplateExecuteInputGeneratorTrueWithCreator()" classname="org.springframework.jca.cci.CciTemplateTests" time="0.144"/>
  <testcase name="testTemplateExecuteInputTrueWithCreator2()" classname="org.springframework.jca.cci.CciTemplateTests" time="0.002"/>
  <testcase name="testTemplateExecuteConnectionCallback()" classname="org.springframework.jca.cci.CciTemplateTests" time="0.01"/>
  <testcase name="testTemplateExecuteInputFalse()" classname="org.springframework.jca.cci.CciTemplateTests" time="0.001"/>
  <testcase name="testTemplateExecuteInputExtractorFalse()" classname="org.springframework.jca.cci.CciTemplateTests" time="0.024"/>
  <testcase name="testCreateMappedRecord()" classname="org.springframework.jca.cci.CciTemplateTests" time="0.093"/>
  <testcase name="testTemplateExecuteInputTrueTrue()" classname="org.springframework.jca.cci.CciTemplateTests" time="0.001"/>
  <testcase name="testTemplateExecuteInputFalseTrue()" classname="org.springframework.jca.cci.CciTemplateTests" time="0.001"/>
  <testcase name="testTemplateExecuteWithCreatorAndRecordFactoryNotSupported()" classname="org.springframework.jca.cci.CciTemplateTests" time="0.004"/>
  <testcase name="testTemplateExecuteInputOutputConnectionSpec()" classname="org.springframework.jca.cci.CciTemplateTests" time="0.012"/>
  <testcase name="testTemplateExecuteInteractionCallback()" classname="org.springframework.jca.cci.CciTemplateTests" time="0.014"/>
  <testcase name="testTemplateExecuteInputTrueTrueWithCreator()" classname="org.springframework.jca.cci.CciTemplateTests" time="0.001"/>
  <testcase name="testTemplateExecuteInputOutput()" classname="org.springframework.jca.cci.CciTemplateTests" time="0.003"/>
  <testcase name="testTemplateExecuteInputGeneratorFalse()" classname="org.springframework.jca.cci.CciTemplateTests" time="0.004"/>
  <testcase name="testTemplateExecuteInputExtractorTrueWithCreator()" classname="org.springframework.jca.cci.CciTemplateTests" time="0.01"/>
  <testcase name="testTemplateExecuteInputGeneratorExtractorTrueWithCreator()" classname="org.springframework.jca.cci.CciTemplateTests" time="0.002"/>
  <testcase name="testTemplateExecuteInputGeneratorExtractorFalse()" classname="org.springframework.jca.cci.CciTemplateTests" time="0.026"/>
  <testcase name="testCreateIndexedRecord()" classname="org.springframework.jca.cci.CciTemplateTests" time="0.168"/>
  <testcase name="testTemplateExecuteInputOutputResultsSetFalse()" classname="org.springframework.jca.cci.CciTemplateTests" time="0.336"/>
  <system-out><![CDATA[]]></system-out>
  <system-err><![CDATA[]]></system-err>
</testsuite>
