<?xml version="1.0" encoding="UTF-8"?>
<testsuite name="org.springframework.transaction.JtaTransactionManagerTests" tests="44" skipped="0" failures="0" errors="0" timestamp="2019-12-21T15:02:25" hostname="yunlongdeMacBook-Pro.local" time="0.394">
  <properties/>
  <testcase name="jtaTransactionManagerWithPropagationRequiresNewAndAdapter()" classname="org.springframework.transaction.JtaTransactionManagerTests" time="0.143"/>
  <testcase name="jtaTransactionManagerWithPropagationNotSupported()" classname="org.springframework.transaction.JtaTransactionManagerTests" time="0.004"/>
  <testcase name="jtaTransactionManagerWithHeuristicRollbackExceptionOnCommit()" classname="org.springframework.transaction.JtaTransactionManagerTests" time="0.01"/>
  <testcase name="jtaTransactionManagerWithExistingTransactionAndSynchronizationNever()" classname="org.springframework.transaction.JtaTransactionManagerTests" time="0.01"/>
  <testcase name="jtaTransactionManagerWithPropagationSupportsAndSynchronizationNever()" classname="org.springframework.transaction.JtaTransactionManagerTests" time="0.003"/>
  <testcase name="jtaTransactionManagerWithCommitAndSynchronizationNever()" classname="org.springframework.transaction.JtaTransactionManagerTests" time="0.003"/>
  <testcase name="jtaTransactionManagerWithNestedBegin()" classname="org.springframework.transaction.JtaTransactionManagerTests" time="0.002"/>
  <testcase name="jtaTransactionManagerWithDoubleRollback()" classname="org.springframework.transaction.JtaTransactionManagerTests" time="0.002"/>
  <testcase name="jtaTransactionManagerWithExistingTransactionAndCommitException()" classname="org.springframework.transaction.JtaTransactionManagerTests" time="0.052"/>
  <testcase name="jtaTransactionManagerWithPropagationSupportsAndSynchronizationOnActual()" classname="org.springframework.transaction.JtaTransactionManagerTests" time="0.003"/>
  <testcase name="jtaTransactionManagerWithNoExceptionOnGlobalRollbackOnlyAndFailEarly()" classname="org.springframework.transaction.JtaTransactionManagerTests" time="0.006"/>
  <testcase name="jtaTransactionManagerWithSystemExceptionOnCommit()" classname="org.springframework.transaction.JtaTransactionManagerTests" time="0.006"/>
  <testcase name="jtaTransactionManagerWithPropagationRequiresNewAndExistingWithSuspendException()" classname="org.springframework.transaction.JtaTransactionManagerTests" time="0.002"/>
  <testcase name="jtaTransactionManagerWithNoExceptionOnGlobalRollbackOnly()" classname="org.springframework.transaction.JtaTransactionManagerTests" time="0.001"/>
  <testcase name="jtaTransactionManagerWithRollbackExceptionOnCommit()" classname="org.springframework.transaction.JtaTransactionManagerTests" time="0.005"/>
  <testcase name="jtaTransactionManagerWithIllegalStateExceptionOnRollbackOnly()" classname="org.springframework.transaction.JtaTransactionManagerTests" time="0.004"/>
  <testcase name="jtaTransactionManagerWithExistingTransactionAndRollbackOnly()" classname="org.springframework.transaction.JtaTransactionManagerTests" time="0.004"/>
  <testcase name="jtaTransactionManagerWithPropagationRequiresNewWithinSupports()" classname="org.springframework.transaction.JtaTransactionManagerTests" time="0.003"/>
  <testcase name="jtaTransactionManagerWithHeuristicMixedExceptionOnCommit()" classname="org.springframework.transaction.JtaTransactionManagerTests" time="0.004"/>
  <testcase name="jtaTransactionManagerWithRollback()" classname="org.springframework.transaction.JtaTransactionManagerTests" time="0.006"/>
  <testcase name="jtaTransactionManagerWithExistingTransactionAndRollbackOnlyAndNoGlobalRollback()" classname="org.springframework.transaction.JtaTransactionManagerTests" time="0.003"/>
  <testcase name="jtaTransactionManagerWithRollbackAndSynchronizationOnActual()" classname="org.springframework.transaction.JtaTransactionManagerTests" time="0.003"/>
  <testcase name="jtaTransactionManagerWithRollbackAndSynchronizationNever()" classname="org.springframework.transaction.JtaTransactionManagerTests" time="0.009"/>
  <testcase name="jtaTransactionManagerWithIsolationLevel()" classname="org.springframework.transaction.JtaTransactionManagerTests" time="0.002"/>
  <testcase name="jtaTransactionManagerWithExistingTransactionAndJtaSynchronization()" classname="org.springframework.transaction.JtaTransactionManagerTests" time="0.004"/>
  <testcase name="jtaTransactionManagerWithRollbackAndCommit()" classname="org.springframework.transaction.JtaTransactionManagerTests" time="0.002"/>
  <testcase name="jtaTransactionManagerWithPropagationRequiresNew()" classname="org.springframework.transaction.JtaTransactionManagerTests" time="0.004"/>
  <testcase name="jtaTransactionManagerWithPropagationRequiresNewAndSuspensionNotSupported()" classname="org.springframework.transaction.JtaTransactionManagerTests" time="0.002"/>
  <testcase name="jtaTransactionManagerWithPropagationRequiresNewAndExistingWithBeginException()" classname="org.springframework.transaction.JtaTransactionManagerTests" time="0.003"/>
  <testcase name="jtaTransactionManagerWithExistingTransactionAndExceptionAndNoGlobalRollback()" classname="org.springframework.transaction.JtaTransactionManagerTests" time="0.005"/>
  <testcase name="jtaTransactionManagerWithSystemExceptionOnBegin()" classname="org.springframework.transaction.JtaTransactionManagerTests" time="0.005"/>
  <testcase name="jtaTransactionManagerWithSystemExceptionOnIsExisting()" classname="org.springframework.transaction.JtaTransactionManagerTests" time="0.003"/>
  <testcase name="jtaTransactionManagerWithUnsupportedOperationExceptionOnNestedBegin()" classname="org.springframework.transaction.JtaTransactionManagerTests" time="0.003"/>
  <testcase name="jtaTransactionManagerWithCommitAndSynchronizationOnActual()" classname="org.springframework.transaction.JtaTransactionManagerTests" time="0.004"/>
  <testcase name="jtaTransactionManagerWithNotSupportedExceptionOnNestedBegin()" classname="org.springframework.transaction.JtaTransactionManagerTests" time="0.004"/>
  <testcase name="jtaTransactionManagerWithSystemExceptionOnRollback()" classname="org.springframework.transaction.JtaTransactionManagerTests" time="0.003"/>
  <testcase name="jtaTransactionManagerWithPropagationSupports()" classname="org.springframework.transaction.JtaTransactionManagerTests" time="0.002"/>
  <testcase name="jtaTransactionManagerWithExistingTransactionAndException()" classname="org.springframework.transaction.JtaTransactionManagerTests" time="0.004"/>
  <testcase name="jtaTransactionManagerWithExistingAndPropagationSupports()" classname="org.springframework.transaction.JtaTransactionManagerTests" time="0.003"/>
  <testcase name="jtaTransactionManagerWithPropagationRequiresNewAndExisting()" classname="org.springframework.transaction.JtaTransactionManagerTests" time="0.003"/>
  <testcase name="jtaTransactionManagerWithExistingTransactionAndSynchronizationOnActual()" classname="org.springframework.transaction.JtaTransactionManagerTests" time="0.003"/>
  <testcase name="jtaTransactionManagerWithCommit()" classname="org.springframework.transaction.JtaTransactionManagerTests" time="0.003"/>
  <testcase name="jtaTransactionManagerWithSystemExceptionOnRollbackOnly()" classname="org.springframework.transaction.JtaTransactionManagerTests" time="0.005"/>
  <testcase name="jtaTransactionManagerWithDoubleCommit()" classname="org.springframework.transaction.JtaTransactionManagerTests" time="0.005"/>
  <system-out><![CDATA[23:02:25.317 [Test worker] WARN  o.s.t.j.JtaTransactionManager - No JTA TransactionManager found: transaction suspension not available
23:02:25.322 [Test worker] WARN  o.s.t.j.JtaTransactionManager - No JTA TransactionManager found: transaction suspension not available
23:02:25.324 [Test worker] WARN  o.s.t.j.JtaTransactionManager - No JTA TransactionManager found: transaction suspension not available
23:02:25.382 [Test worker] WARN  o.s.t.j.JtaTransactionManager - Participating in existing JTA transaction, but no JTA TransactionManager available: cannot register Spring after-completion callbacks with outer JTA transaction - processing Spring after-completion callbacks with outcome status 'unknown'
23:02:25.386 [Test worker] WARN  o.s.t.j.JtaTransactionManager - No JTA TransactionManager found: transaction suspension not available
23:02:25.419 [Test worker] WARN  o.s.t.j.JtaTransactionManager - Participating in existing JTA transaction, but no JTA TransactionManager available: cannot register Spring after-completion callbacks with outer JTA transaction - processing Spring after-completion callbacks with outcome status 'unknown'
23:02:25.438 [Test worker] WARN  o.s.t.j.JtaTransactionManager - Participating in existing JTA transaction, but no JTA TransactionManager available: cannot register Spring after-completion callbacks with outer JTA transaction - processing Spring after-completion callbacks with outcome status 'unknown'
23:02:25.444 [Test worker] WARN  o.s.t.j.JtaTransactionManager - No JTA TransactionManager found: transaction suspension not available
23:02:25.475 [Test worker] WARN  o.s.t.j.JtaTransactionManager - Participating in existing JTA transaction, but no JTA TransactionManager available: cannot register Spring after-completion callbacks with outer JTA transaction - processing Spring after-completion callbacks with outcome status 'unknown'
23:02:25.511 [Test worker] WARN  o.s.t.j.JtaTransactionManager - Participating in existing JTA transaction, but no JTA TransactionManager available: cannot register Spring after-completion callbacks with outer JTA transaction - processing Spring after-completion callbacks with outcome status 'unknown'
23:02:25.515 [Test worker] WARN  o.s.t.j.JtaTransactionManager - Participating in existing JTA transaction, but no JTA TransactionManager available: cannot register Spring after-completion callbacks with outer JTA transaction - processing Spring after-completion callbacks with outcome status 'unknown'
23:02:25.524 [Test worker] WARN  o.s.t.j.JtaTransactionManager - Participating in existing JTA transaction, but no JTA TransactionManager available: cannot register Spring after-completion callbacks with outer JTA transaction - processing Spring after-completion callbacks with outcome status 'unknown'
23:02:25.538 [Test worker] WARN  o.s.t.j.JtaTransactionManager - Participating in existing JTA transaction, but no JTA TransactionManager available: cannot register Spring after-completion callbacks with outer JTA transaction - processing Spring after-completion callbacks with outcome status 'unknown'
]]></system-out>
  <system-err><![CDATA[]]></system-err>
</testsuite>
