<?xml version="1.0" encoding="UTF-8"?>
<testsuite name="org.springframework.transaction.reactive.TransactionalOperatorTests" tests="7" skipped="0" failures="0" errors="0" timestamp="2019-12-21T15:02:24" hostname="yunlongdeMacBook-Pro.local" time="0.259">
  <properties/>
  <testcase name="commitWithFlux()" classname="org.springframework.transaction.reactive.TransactionalOperatorTests" time="0.19"/>
  <testcase name="commitWithMono()" classname="org.springframework.transaction.reactive.TransactionalOperatorTests" time="0.007"/>
  <testcase name="cancellationPropagatedToFlux()" classname="org.springframework.transaction.reactive.TransactionalOperatorTests" time="0.021"/>
  <testcase name="cancellationPropagatedToMono()" classname="org.springframework.transaction.reactive.TransactionalOperatorTests" time="0.006"/>
  <testcase name="rollbackWithFlux()" classname="org.springframework.transaction.reactive.TransactionalOperatorTests" time="0.005"/>
  <testcase name="rollbackWithMono()" classname="org.springframework.transaction.reactive.TransactionalOperatorTests" time="0.001"/>
  <testcase name="monoSubscriptionNotCancelled()" classname="org.springframework.transaction.reactive.TransactionalOperatorTests" time="0.006"/>
  <system-out><![CDATA[]]></system-out>
  <system-err><![CDATA[]]></system-err>
</testsuite>
