<?xml version="1.0" encoding="UTF-8"?>
<testsuite name="org.springframework.transaction.annotation.EnableTransactionManagementTests" tests="10" skipped="0" failures="0" errors="0" timestamp="2019-12-21T15:02:26" hostname="yunlongdeMacBook-Pro.local" time="0.649">
  <properties/>
  <testcase name="transactionProxyIsCreated()" classname="org.springframework.transaction.annotation.EnableTransactionManagementTests" time="0.129"/>
  <testcase name="transactionProxyIsCreatedWithEnableOnSuperclass()" classname="org.springframework.transaction.annotation.EnableTransactionManagementTests" time="0.06"/>
  <testcase name="spr14322FindsOnInterfaceWithInterfaceProxy()" classname="org.springframework.transaction.annotation.EnableTransactionManagementTests" time="0.103"/>
  <testcase name="spr11915TransactionManagerAsManualSingleton()" classname="org.springframework.transaction.annotation.EnableTransactionManagementTests" time="0.095"/>
  <testcase name="proxyTypeAspectJCausesRegistrationOfAnnotationTransactionAspect()" classname="org.springframework.transaction.annotation.EnableTransactionManagementTests" time="0.017"/>
  <testcase name="txManagerIsResolvedOnInvocationOfTransactionalMethod()" classname="org.springframework.transaction.annotation.EnableTransactionManagementTests" time="0.03"/>
  <testcase name="transactionalEventListenerRegisteredProperly()" classname="org.springframework.transaction.annotation.EnableTransactionManagementTests" time="0.025"/>
  <testcase name="transactionProxyIsCreatedWithEnableOnExcludedSuperclass()" classname="org.springframework.transaction.annotation.EnableTransactionManagementTests" time="0.074"/>
  <testcase name="spr14322FindsOnInterfaceWithCglibProxy()" classname="org.springframework.transaction.annotation.EnableTransactionManagementTests" time="0.056"/>
  <testcase name="txManagerIsResolvedCorrectlyWhenMultipleManagersArePresent()" classname="org.springframework.transaction.annotation.EnableTransactionManagementTests" time="0.047"/>
  <system-out><![CDATA[]]></system-out>
  <system-err><![CDATA[]]></system-err>
</testsuite>
