<?xml version="1.0" encoding="UTF-8"?>
<testsuite name="org.springframework.beans.BeanWrapperAutoGrowingTests" tests="15" skipped="0" failures="0" errors="0" timestamp="2019-12-19T12:58:34" hostname="bamboo-21" time="0.016">
  <properties/>
  <testcase name="getPropertyValueAutoGrowArrayBySeveralElements()" classname="org.springframework.beans.BeanWrapperAutoGrowingTests" time="0.009"/>
  <testcase name="getPropertyValueAutoGrowListNotParameterized()" classname="org.springframework.beans.BeanWrapperAutoGrowingTests" time="0.0"/>
  <testcase name="getPropertyValueAutoGrowListBySeveralElements()" classname="org.springframework.beans.BeanWrapperAutoGrowingTests" time="0.0"/>
  <testcase name="setNestedPropertyValueAutoGrowMap()" classname="org.springframework.beans.BeanWrapperAutoGrowingTests" time="0.001"/>
  <testcase name="getPropertyValueAutoGrowListFailsAgainstLimit()" classname="org.springframework.beans.BeanWrapperAutoGrowingTests" time="0.0"/>
  <testcase name="getPropertyValueAutoGrowList()" classname="org.springframework.beans.BeanWrapperAutoGrowingTests" time="0.0"/>
  <testcase name="setPropertyValueAutoGrowArray()" classname="org.springframework.beans.BeanWrapperAutoGrowingTests" time="0.0"/>
  <testcase name="setPropertyValueNullValueInNestedPath()" classname="org.springframework.beans.BeanWrapperAutoGrowingTests" time="0.0"/>
  <testcase name="getPropertyValueAutoGrowArray()" classname="org.springframework.beans.BeanWrapperAutoGrowingTests" time="0.0"/>
  <testcase name="getPropertyValueAutoGrowMultiDimensionalArray()" classname="org.springframework.beans.BeanWrapperAutoGrowingTests" time="0.001"/>
  <testcase name="getPropertyValueNullValueInNestedPath()" classname="org.springframework.beans.BeanWrapperAutoGrowingTests" time="0.0"/>
  <testcase name="setPropertyValueAutoGrowList()" classname="org.springframework.beans.BeanWrapperAutoGrowingTests" time="0.001"/>
  <testcase name="getPropertyValueAutoGrowMultiDimensionalList()" classname="org.springframework.beans.BeanWrapperAutoGrowingTests" time="0.0"/>
  <testcase name="setPropertyValueAutoGrowMap()" classname="org.springframework.beans.BeanWrapperAutoGrowingTests" time="0.0"/>
  <testcase name="getPropertyValueNullValueInNestedPathNoDefaultConstructor()" classname="org.springframework.beans.BeanWrapperAutoGrowingTests" time="0.001"/>
  <system-out><![CDATA[]]></system-out>
  <system-err><![CDATA[]]></system-err>
</testsuite>
