<?xml version="1.0" encoding="UTF-8"?>
<testsuite name="org.springframework.beans.factory.config.PropertyPlaceholderConfigurerTests" tests="11" skipped="0" failures="0" errors="0" timestamp="2019-12-19T12:58:25" hostname="bamboo-21" time="0.022">
  <properties/>
  <testcase name="resolveFromSystemProperties()" classname="org.springframework.beans.factory.config.PropertyPlaceholderConfigurerTests" time="0.004"/>
  <testcase name="twoPlaceholderConfigurers_withConflictingSettings()" classname="org.springframework.beans.factory.config.PropertyPlaceholderConfigurerTests" time="0.0"/>
  <testcase name="resolveFromLocalProperties()" classname="org.springframework.beans.factory.config.PropertyPlaceholderConfigurerTests" time="0.0"/>
  <testcase name="setSystemSystemPropertiesMode_toOverride_andResolveFromSystemProperties()" classname="org.springframework.beans.factory.config.PropertyPlaceholderConfigurerTests" time="0.005"/>
  <testcase name="setSystemSystemPropertiesMode_toOverride_andSetSearchSystemEnvironment_toFalse()" classname="org.springframework.beans.factory.config.PropertyPlaceholderConfigurerTests" time="0.006"/>
  <testcase name="customPlaceholderPrefixAndSuffix()" classname="org.springframework.beans.factory.config.PropertyPlaceholderConfigurerTests" time="0.001"/>
  <testcase name="nullValueIsPreserved()" classname="org.springframework.beans.factory.config.PropertyPlaceholderConfigurerTests" time="0.0"/>
  <testcase name="setSystemPropertiesMode_defaultIsFallback()" classname="org.springframework.beans.factory.config.PropertyPlaceholderConfigurerTests" time="0.001"/>
  <testcase name="localPropertiesViaResource()" classname="org.springframework.beans.factory.config.PropertyPlaceholderConfigurerTests" time="0.001"/>
  <testcase name="trimValuesIsOffByDefault()" classname="org.springframework.beans.factory.config.PropertyPlaceholderConfigurerTests" time="0.0"/>
  <testcase name="trimValuesIsApplied()" classname="org.springframework.beans.factory.config.PropertyPlaceholderConfigurerTests" time="0.0"/>
  <system-out><![CDATA[]]></system-out>
  <system-err><![CDATA[]]></system-err>
</testsuite>
