<?xml version="1.0" encoding="UTF-8"?>
<testsuite name="org.springframework.beans.factory.config.CustomScopeConfigurerTests" tests="7" skipped="0" failures="0" errors="0" timestamp="2019-12-19T12:58:25" hostname="bamboo-21" time="0.025">
  <properties/>
  <testcase name="testSunnyDayWithBonaFideScopeClass()" classname="org.springframework.beans.factory.config.CustomScopeConfigurerTests" time="0.001"/>
  <testcase name="testWhereScopeMapHasNonStringTypedScopeNameInKeySet()" classname="org.springframework.beans.factory.config.CustomScopeConfigurerTests" time="0.01"/>
  <testcase name="testWithNoScopes()" classname="org.springframework.beans.factory.config.CustomScopeConfigurerTests" time="0.0"/>
  <testcase name="testSunnyDayWithBonaFideScopeClassName()" classname="org.springframework.beans.factory.config.CustomScopeConfigurerTests" time="0.0"/>
  <testcase name="testWhereScopeMapHasNonScopeInstanceInEntrySet()" classname="org.springframework.beans.factory.config.CustomScopeConfigurerTests" time="0.001"/>
  <testcase name="testSunnyDayWithBonaFideScopeInstance()" classname="org.springframework.beans.factory.config.CustomScopeConfigurerTests" time="0.011"/>
  <testcase name="testWhereScopeMapHasNullScopeValueInEntrySet()" classname="org.springframework.beans.factory.config.CustomScopeConfigurerTests" time="0.001"/>
  <system-out><![CDATA[]]></system-out>
  <system-err><![CDATA[]]></system-err>
</testsuite>
