<?xml version="1.0" encoding="UTF-8"?>
<testsuite name="org.springframework.beans.factory.parsing.FailFastProblemReporterTests" tests="2" skipped="0" failures="0" errors="0" timestamp="2019-12-19T12:58:28" hostname="bamboo-21" time="0.107">
  <properties/>
  <testcase name="testError()" classname="org.springframework.beans.factory.parsing.FailFastProblemReporterTests" time="0.001"/>
  <testcase name="testWarn()" classname="org.springframework.beans.factory.parsing.FailFastProblemReporterTests" time="0.106"/>
  <system-out><![CDATA[]]></system-out>
  <system-err><![CDATA[]]></system-err>
</testsuite>
