<?xml version="1.0" encoding="UTF-8"?>
<testsuite name="org.springframework.beans.factory.xml.AutowireWithExclusionTests" tests="10" skipped="0" failures="0" errors="0" timestamp="2019-12-19T12:58:30" hostname="bamboo-21" time="0.198">
  <properties/>
  <testcase name="byTypeAutowireWithInclusion()" classname="org.springframework.beans.factory.xml.AutowireWithExclusionTests" time="0.034"/>
  <testcase name="byTypeAutowireWithAutoSelfExclusion()" classname="org.springframework.beans.factory.xml.AutowireWithExclusionTests" time="0.022"/>
  <testcase name="byTypeAutowireWithPrimaryOverridingParentFactory()" classname="org.springframework.beans.factory.xml.AutowireWithExclusionTests" time="0.008"/>
  <testcase name="constructorAutowireWithAutoSelfExclusion()" classname="org.springframework.beans.factory.xml.AutowireWithExclusionTests" time="0.01"/>
  <testcase name="constructorAutowireWithExclusion()" classname="org.springframework.beans.factory.xml.AutowireWithExclusionTests" time="0.003"/>
  <testcase name="byTypeAutowireWithExclusionInParentFactory()" classname="org.springframework.beans.factory.xml.AutowireWithExclusionTests" time="0.018"/>
  <testcase name="byTypeAutowireWithPrimaryInParentAndChild()" classname="org.springframework.beans.factory.xml.AutowireWithExclusionTests" time="0.02"/>
  <testcase name="byTypeAutowireWithPrimaryInParentFactory()" classname="org.springframework.beans.factory.xml.AutowireWithExclusionTests" time="0.021"/>
  <testcase name="byTypeAutowireWithExclusion()" classname="org.springframework.beans.factory.xml.AutowireWithExclusionTests" time="0.008"/>
  <testcase name="byTypeAutowireWithSelectiveInclusion()" classname="org.springframework.beans.factory.xml.AutowireWithExclusionTests" time="0.014"/>
  <system-out><![CDATA[]]></system-out>
  <system-err><![CDATA[]]></system-err>
</testsuite>
