<?xml version="1.0" encoding="UTF-8"?>
<testsuite name="org.springframework.beans.factory.xml.NestedBeansElementTests" tests="2" skipped="0" failures="0" errors="0" timestamp="2019-12-19T12:58:30" hostname="bamboo-21" time="0.025">
  <properties/>
  <testcase name="getBean_withActiveProfile()" classname="org.springframework.beans.factory.xml.NestedBeansElementTests" time="0.016"/>
  <testcase name="getBean_withoutActiveProfile()" classname="org.springframework.beans.factory.xml.NestedBeansElementTests" time="0.008"/>
  <system-out><![CDATA[]]></system-out>
  <system-err><![CDATA[]]></system-err>
</testsuite>
