<?xml version="1.0" encoding="UTF-8"?>
<testsuite name="org.springframework.beans.factory.annotation.RequiredAnnotationBeanPostProcessorTests" tests="7" skipped="0" failures="0" errors="0" timestamp="2019-12-19T12:58:28" hostname="bamboo-21" time="0.054">
  <properties/>
  <testcase name="testWithStaticFactoryMethod()" classname="org.springframework.beans.factory.annotation.RequiredAnnotationBeanPostProcessorTests" time="0.009"/>
  <testcase name="testWithThreeRequiredPropertiesOmitted()" classname="org.springframework.beans.factory.annotation.RequiredAnnotationBeanPostProcessorTests" time="0.001"/>
  <testcase name="testWithFactoryBean()" classname="org.springframework.beans.factory.annotation.RequiredAnnotationBeanPostProcessorTests" time="0.002"/>
  <testcase name="testWithCustomAnnotation()" classname="org.springframework.beans.factory.annotation.RequiredAnnotationBeanPostProcessorTests" time="0.007"/>
  <testcase name="testWithAllRequiredPropertiesSpecified()" classname="org.springframework.beans.factory.annotation.RequiredAnnotationBeanPostProcessorTests" time="0.014"/>
  <testcase name="testWithStaticFactoryMethodAndRequiredPropertiesSpecified()" classname="org.springframework.beans.factory.annotation.RequiredAnnotationBeanPostProcessorTests" time="0.005"/>
  <testcase name="testWithRequiredPropertyOmitted()" classname="org.springframework.beans.factory.annotation.RequiredAnnotationBeanPostProcessorTests" time="0.001"/>
  <system-out><![CDATA[]]></system-out>
  <system-err><![CDATA[]]></system-err>
</testsuite>
