<?xml version="1.0" encoding="UTF-8"?>
<testsuite name="org.springframework.beans.factory.BeanFactoryExtensionsTests" tests="4" skipped="0" failures="0" errors="0" timestamp="2019-12-19T12:58:39" hostname="bamboo-21" time="2.54">
  <properties/>
  <testcase name="getBean with reified type parameters and varargs()" classname="org.springframework.beans.factory.BeanFactoryExtensionsTests" time="2.2"/>
  <testcase name="getBean with reified type parameters()" classname="org.springframework.beans.factory.BeanFactoryExtensionsTests" time="0.006"/>
  <testcase name="getBean with String and reified type parameters()" classname="org.springframework.beans.factory.BeanFactoryExtensionsTests" time="0.003"/>
  <testcase name="getBeanProvider with reified type parameters()" classname="org.springframework.beans.factory.BeanFactoryExtensionsTests" time="0.316"/>
  <system-out><![CDATA[]]></system-out>
  <system-err><![CDATA[]]></system-err>
</testsuite>
