<?xml version="1.0" encoding="UTF-8"?>
<testsuite name="org.springframework.beans.factory.support.AutowireUtilsTests" tests="1" skipped="0" failures="0" errors="0" timestamp="2019-12-19T12:58:26" hostname="bamboo-21" time="0.001">
  <properties/>
  <testcase name="genericMethodReturnTypes()" classname="org.springframework.beans.factory.support.AutowireUtilsTests" time="0.001"/>
  <system-out><![CDATA[]]></system-out>
  <system-err><![CDATA[]]></system-err>
</testsuite>
