<?xml version="1.0" encoding="UTF-8"?>
<testsuite name="org.springframework.beans.factory.parsing.PassThroughSourceExtractorTests" tests="2" skipped="0" failures="0" errors="0" timestamp="2019-12-19T12:58:28" hostname="bamboo-21" time="0.005">
  <properties/>
  <testcase name="testPassThroughContractEvenWithNull()" classname="org.springframework.beans.factory.parsing.PassThroughSourceExtractorTests" time="0.005"/>
  <testcase name="testPassThroughContract()" classname="org.springframework.beans.factory.parsing.PassThroughSourceExtractorTests" time="0.0"/>
  <system-out><![CDATA[]]></system-out>
  <system-err><![CDATA[]]></system-err>
</testsuite>
