<?xml version="1.0" encoding="UTF-8"?>
<testsuite name="org.springframework.beans.support.PropertyComparatorTests" tests="4" skipped="0" failures="0" errors="0" timestamp="2019-12-19T12:58:21" hostname="bamboo-21" time="0.015">
  <properties/>
  <testcase name="testPropertyComparatorNulls()" classname="org.springframework.beans.support.PropertyComparatorTests" time="0.009"/>
  <testcase name="testChainedComparatorsReversed()" classname="org.springframework.beans.support.PropertyComparatorTests" time="0.003"/>
  <testcase name="testPropertyComparator()" classname="org.springframework.beans.support.PropertyComparatorTests" time="0.0"/>
  <testcase name="testChainedComparators()" classname="org.springframework.beans.support.PropertyComparatorTests" time="0.0"/>
  <system-out><![CDATA[]]></system-out>
  <system-err><![CDATA[]]></system-err>
</testsuite>
