<?xml version="1.0" encoding="UTF-8"?>
<testsuite name="org.springframework.beans.factory.annotation.LookupAnnotationTests" tests="6" skipped="0" failures="0" errors="0" timestamp="2019-12-19T12:58:26" hostname="bamboo-21" time="0.133">
  <properties/>
  <testcase name="testWithoutConstructorArg()" classname="org.springframework.beans.factory.annotation.LookupAnnotationTests" time="0.052"/>
  <testcase name="testWithOverloadedArg()" classname="org.springframework.beans.factory.annotation.LookupAnnotationTests" time="0.025"/>
  <testcase name="testWithThreeArgsShouldFail()" classname="org.springframework.beans.factory.annotation.LookupAnnotationTests" time="0.007"/>
  <testcase name="testWithEarlyInjection()" classname="org.springframework.beans.factory.annotation.LookupAnnotationTests" time="0.006"/>
  <testcase name="testWithOneConstructorArg()" classname="org.springframework.beans.factory.annotation.LookupAnnotationTests" time="0.011"/>
  <testcase name="testWithTwoConstructorArg()" classname="org.springframework.beans.factory.annotation.LookupAnnotationTests" time="0.017"/>
  <system-out><![CDATA[]]></system-out>
  <system-err><![CDATA[]]></system-err>
</testsuite>
