<?xml version="1.0" encoding="UTF-8"?>
<testsuite name="org.springframework.beans.factory.xml.DuplicateBeanIdTests" tests="2" skipped="0" failures="0" errors="0" timestamp="2019-12-19T12:58:31" hostname="bamboo-21" time="0.029">
  <properties/>
  <testcase name="duplicateBeanIdsAcrossNestingLevels()" classname="org.springframework.beans.factory.xml.DuplicateBeanIdTests" time="0.009"/>
  <testcase name="duplicateBeanIdsWithinSameNestingLevelRaisesError()" classname="org.springframework.beans.factory.xml.DuplicateBeanIdTests" time="0.018"/>
  <system-out><![CDATA[]]></system-out>
  <system-err><![CDATA[]]></system-err>
</testsuite>
