<?xml version="1.0" encoding="UTF-8"?>
<testsuite name="org.springframework.beans.support.PagedListHolderTests" tests="1" skipped="0" failures="0" errors="0" timestamp="2019-12-19T12:58:20" hostname="bamboo-21" time="1.169">
  <properties/>
  <testcase name="testPagedListHolder()" classname="org.springframework.beans.support.PagedListHolderTests" time="1.169"/>
  <system-out><![CDATA[]]></system-out>
  <system-err><![CDATA[]]></system-err>
</testsuite>
