<?xml version="1.0" encoding="UTF-8"?>
<testsuite name="org.springframework.beans.factory.wiring.ClassNameBeanWiringInfoResolverTests" tests="2" skipped="0" failures="0" errors="0" timestamp="2019-12-19T12:58:29" hostname="bamboo-21" time="0.003">
  <properties/>
  <testcase name="resolveWiringInfo()" classname="org.springframework.beans.factory.wiring.ClassNameBeanWiringInfoResolverTests" time="0.001"/>
  <testcase name="resolveWiringInfoWithNullBeanInstance()" classname="org.springframework.beans.factory.wiring.ClassNameBeanWiringInfoResolverTests" time="0.002"/>
  <system-out><![CDATA[]]></system-out>
  <system-err><![CDATA[]]></system-err>
</testsuite>
