<?xml version="1.0" encoding="UTF-8"?>
<testsuite name="org.springframework.cache.jcache.JCacheEhCacheApiTests" tests="13" skipped="0" failures="0" errors="0" timestamp="2019-12-21T15:01:41" hostname="yunlongdeMacBook-Pro.local" time="1.658">
  <properties/>
  <testcase name="testCacheGetCallableNotInvokedWithHitNull()" classname="org.springframework.cache.jcache.JCacheEhCacheApiTests" time="1.022"/>
  <testcase name="testCacheGetSynchronized()" classname="org.springframework.cache.jcache.JCacheEhCacheApiTests" time="0.131"/>
  <testcase name="testCachePutIfAbsent()" classname="org.springframework.cache.jcache.JCacheEhCacheApiTests" time="0.061"/>
  <testcase name="testCacheClear()" classname="org.springframework.cache.jcache.JCacheEhCacheApiTests" time="0.105"/>
  <testcase name="testCacheRemove()" classname="org.springframework.cache.jcache.JCacheEhCacheApiTests" time="0.055"/>
  <testcase name="testCacheGetCallableNotInvokedWithHit()" classname="org.springframework.cache.jcache.JCacheEhCacheApiTests" time="0.028"/>
  <testcase name="testCacheName()" classname="org.springframework.cache.jcache.JCacheEhCacheApiTests" time="0.101"/>
  <testcase name="testCachePut()" classname="org.springframework.cache.jcache.JCacheEhCacheApiTests" time="0.045"/>
  <testcase name="testCacheGetCallable()" classname="org.springframework.cache.jcache.JCacheEhCacheApiTests" time="0.024"/>
  <testcase name="testNativeCache()" classname="org.springframework.cache.jcache.JCacheEhCacheApiTests" time="0.018"/>
  <testcase name="testCacheGetCallableFail()" classname="org.springframework.cache.jcache.JCacheEhCacheApiTests" time="0.017"/>
  <testcase name="testCacheGetCallableWithNull()" classname="org.springframework.cache.jcache.JCacheEhCacheApiTests" time="0.019"/>
  <testcase name="testCachePutNullValueAllowNullFalse()" classname="org.springframework.cache.jcache.JCacheEhCacheApiTests" time="0.023"/>
  <system-out><![CDATA[]]></system-out>
  <system-err><![CDATA[]]></system-err>
</testsuite>
