<?xml version="1.0" encoding="UTF-8"?>
<testsuite name="org.springframework.scheduling.quartz.CronTriggerFactoryBeanTests" tests="1" skipped="0" failures="0" errors="0" timestamp="2019-12-21T15:02:01" hostname="yunlongdeMacBook-Pro.local" time="0.01">
  <properties/>
  <testcase name="createWithoutJobDetail()" classname="org.springframework.scheduling.quartz.CronTriggerFactoryBeanTests" time="0.01"/>
  <system-out><![CDATA[]]></system-out>
  <system-err><![CDATA[]]></system-err>
</testsuite>
