<?xml version="1.0" encoding="UTF-8"?>
<testsuite name="org.springframework.cache.caffeine.CaffeineCacheManagerTests" tests="8" skipped="0" failures="0" errors="0" timestamp="2019-12-21T15:01:39" hostname="yunlongdeMacBook-Pro.local" time="2.456">
  <properties/>
  <testcase name="changeCacheLoaderRecreateCache()" classname="org.springframework.cache.caffeine.CaffeineCacheManagerTests" time="2.384"/>
  <testcase name="changeCacheSpecificationRecreateCache()" classname="org.springframework.cache.caffeine.CaffeineCacheManagerTests" time="0.055"/>
  <testcase name="setCacheNameNullRestoreDynamicMode()" classname="org.springframework.cache.caffeine.CaffeineCacheManagerTests" time="0.004"/>
  <testcase name="testDynamicMode()" classname="org.springframework.cache.caffeine.CaffeineCacheManagerTests" time="0.001"/>
  <testcase name="testStaticMode()" classname="org.springframework.cache.caffeine.CaffeineCacheManagerTests" time="0.001"/>
  <testcase name="changeCaffeineRecreateCache()" classname="org.springframework.cache.caffeine.CaffeineCacheManagerTests" time="0.001"/>
  <testcase name="changeCaffeineSpecRecreateCache()" classname="org.springframework.cache.caffeine.CaffeineCacheManagerTests" time="0.0"/>
  <testcase name="cacheLoaderUseLoadingCache()" classname="org.springframework.cache.caffeine.CaffeineCacheManagerTests" time="0.004"/>
  <system-out><![CDATA[]]></system-out>
  <system-err><![CDATA[]]></system-err>
</testsuite>
