<?xml version="1.0" encoding="UTF-8"?>
<testsuite name="org.springframework.scheduling.quartz.QuartzSchedulerLifecycleTests" tests="2" skipped="0" failures="0" errors="0" timestamp="2019-12-21T15:01:59" hostname="yunlongdeMacBook-Pro.local" time="0.154">
  <properties/>
  <testcase name="destroyLazyInitSchedulerWithCustomShutdownOrderDoesNotHang()" classname="org.springframework.scheduling.quartz.QuartzSchedulerLifecycleTests" time="0.132"/>
  <testcase name="destroyLazyInitSchedulerWithDefaultShutdownOrderDoesNotHang()" classname="org.springframework.scheduling.quartz.QuartzSchedulerLifecycleTests" time="0.021"/>
  <system-out><![CDATA[]]></system-out>
  <system-err><![CDATA[]]></system-err>
</testsuite>
