<?xml version="1.0" encoding="UTF-8"?>
<testsuite name="org.springframework.cache.jcache.config.JCacheStandaloneConfigTests" tests="28" skipped="0" failures="0" errors="0" timestamp="2019-12-21T15:01:51" hostname="yunlongdeMacBook-Pro.local" time="1.645">
  <properties/>
  <testcase name="earlyPutWithExceptionVetoPut()" classname="org.springframework.cache.jcache.config.JCacheStandaloneConfigTests" time="0.45"/>
  <testcase name="removeWithException()" classname="org.springframework.cache.jcache.config.JCacheStandaloneConfigTests" time="0.082"/>
  <testcase name="cacheExceptionVetoed()" classname="org.springframework.cache.jcache.config.JCacheStandaloneConfigTests" time="0.099"/>
  <testcase name="cacheWithCustomCacheResolver()" classname="org.springframework.cache.jcache.config.JCacheStandaloneConfigTests" time="0.055"/>
  <testcase name="earlyRemove()" classname="org.springframework.cache.jcache.config.JCacheStandaloneConfigTests" time="0.047"/>
  <testcase name="remove()" classname="org.springframework.cache.jcache.config.JCacheStandaloneConfigTests" time="0.078"/>
  <testcase name="earlyPut()" classname="org.springframework.cache.jcache.config.JCacheStandaloneConfigTests" time="0.039"/>
  <testcase name="putWithException()" classname="org.springframework.cache.jcache.config.JCacheStandaloneConfigTests" time="0.075"/>
  <testcase name="removeWithExceptionVetoRemove()" classname="org.springframework.cache.jcache.config.JCacheStandaloneConfigTests" time="0.019"/>
  <testcase name="cacheWithCustomKeyGenerator()" classname="org.springframework.cache.jcache.config.JCacheStandaloneConfigTests" time="0.039"/>
  <testcase name="cacheNull()" classname="org.springframework.cache.jcache.config.JCacheStandaloneConfigTests" time="0.038"/>
  <testcase name="cacheCheckedException()" classname="org.springframework.cache.jcache.config.JCacheStandaloneConfigTests" time="0.058"/>
  <testcase name="earlyRemoveAll()" classname="org.springframework.cache.jcache.config.JCacheStandaloneConfigTests" time="0.03"/>
  <testcase name="put()" classname="org.springframework.cache.jcache.config.JCacheStandaloneConfigTests" time="0.034"/>
  <testcase name="earlyRemoveAllWithExceptionVetoRemove()" classname="org.springframework.cache.jcache.config.JCacheStandaloneConfigTests" time="0.046"/>
  <testcase name="earlyPutWithException()" classname="org.springframework.cache.jcache.config.JCacheStandaloneConfigTests" time="0.041"/>
  <testcase name="cache()" classname="org.springframework.cache.jcache.config.JCacheStandaloneConfigTests" time="0.04"/>
  <testcase name="earlyRemoveAllWithException()" classname="org.springframework.cache.jcache.config.JCacheStandaloneConfigTests" time="0.03"/>
  <testcase name="earlyRemoveWithException()" classname="org.springframework.cache.jcache.config.JCacheStandaloneConfigTests" time="0.044"/>
  <testcase name="cacheAlwaysInvoke()" classname="org.springframework.cache.jcache.config.JCacheStandaloneConfigTests" time="0.024"/>
  <testcase name="removeAllWithExceptionVetoRemove()" classname="org.springframework.cache.jcache.config.JCacheStandaloneConfigTests" time="0.024"/>
  <testcase name="earlyRemoveWithExceptionVetoRemove()" classname="org.springframework.cache.jcache.config.JCacheStandaloneConfigTests" time="0.034"/>
  <testcase name="removeAll()" classname="org.springframework.cache.jcache.config.JCacheStandaloneConfigTests" time="0.022"/>
  <testcase name="removeAllWithException()" classname="org.springframework.cache.jcache.config.JCacheStandaloneConfigTests" time="0.018"/>
  <testcase name="cacheWithPartialKey()" classname="org.springframework.cache.jcache.config.JCacheStandaloneConfigTests" time="0.029"/>
  <testcase name="putWithExceptionVetoPut()" classname="org.springframework.cache.jcache.config.JCacheStandaloneConfigTests" time="0.033"/>
  <testcase name="cacheException()" classname="org.springframework.cache.jcache.config.JCacheStandaloneConfigTests" time="0.046"/>
  <testcase name="cacheExceptionRewriteCallStack()" classname="org.springframework.cache.jcache.config.JCacheStandaloneConfigTests" time="0.042"/>
  <system-out><![CDATA[]]></system-out>
  <system-err><![CDATA[]]></system-err>
</testsuite>
