<?xml version="1.0" encoding="UTF-8"?>
<testsuite name="org.springframework.cache.jcache.interceptor.JCacheKeyGeneratorTests" tests="3" skipped="0" failures="0" errors="0" timestamp="2019-12-21T15:01:59" hostname="yunlongdeMacBook-Pro.local" time="0.24">
  <properties/>
  <testcase name="getFlattenVararg()" classname="org.springframework.cache.jcache.interceptor.JCacheKeyGeneratorTests" time="0.104"/>
  <testcase name="getSimple()" classname="org.springframework.cache.jcache.interceptor.JCacheKeyGeneratorTests" time="0.089"/>
  <testcase name="getFiltered()" classname="org.springframework.cache.jcache.interceptor.JCacheKeyGeneratorTests" time="0.046"/>
  <system-out><![CDATA[]]></system-out>
  <system-err><![CDATA[]]></system-err>
</testsuite>
