<?xml version="1.0" encoding="UTF-8"?>
<testsuite name="org.springframework.messaging.support.ExecutorSubscribableChannelTests" tests="10" skipped="0" failures="0" errors="0" timestamp="2019-12-21T15:05:35" hostname="yunlongdeMacBook-Pro.local" time="0.044">
  <properties/>
  <testcase name="messageMustNotBeNull()" classname="org.springframework.messaging.support.ExecutorSubscribableChannelTests" time="0.002"/>
  <testcase name="sendWithoutExecutor()" classname="org.springframework.messaging.support.ExecutorSubscribableChannelTests" time="0.001"/>
  <testcase name="unsubscribeTwice()" classname="org.springframework.messaging.support.ExecutorSubscribableChannelTests" time="0.005"/>
  <testcase name="sendWithExecutor()" classname="org.springframework.messaging.support.ExecutorSubscribableChannelTests" time="0.008"/>
  <testcase name="failurePropagates()" classname="org.springframework.messaging.support.ExecutorSubscribableChannelTests" time="0.017"/>
  <testcase name="interceptorWithException()" classname="org.springframework.messaging.support.ExecutorSubscribableChannelTests" time="0.001"/>
  <testcase name="concurrentModification()" classname="org.springframework.messaging.support.ExecutorSubscribableChannelTests" time="0.004"/>
  <testcase name="subscribeTwice()" classname="org.springframework.messaging.support.ExecutorSubscribableChannelTests" time="0.001"/>
  <testcase name="interceptorWithModifiedMessage()" classname="org.springframework.messaging.support.ExecutorSubscribableChannelTests" time="0.001"/>
  <testcase name="interceptorWithNull()" classname="org.springframework.messaging.support.ExecutorSubscribableChannelTests" time="0.0"/>
  <system-out><![CDATA[]]></system-out>
  <system-err><![CDATA[]]></system-err>
</testsuite>
