<?xml version="1.0" encoding="UTF-8"?>
<testsuite name="org.springframework.messaging.rsocket.PayloadUtilsTests" tests="8" skipped="0" failures="0" errors="0" timestamp="2019-12-21T15:05:35" hostname="yunlongdeMacBook-Pro.local" time="0.007">
  <properties/>
  <testcase name="retainAndReleaseWithNettyFactory()" classname="org.springframework.messaging.rsocket.PayloadUtilsTests" time="0.001"/>
  <testcase name="createWithNettyAndDefaultBuffers()" classname="org.springframework.messaging.rsocket.PayloadUtilsTests" time="0.001"/>
  <testcase name="retainAndReleaseWithDefaultFactory()" classname="org.springframework.messaging.rsocket.PayloadUtilsTests" time="0.0"/>
  <testcase name="createWithDefaultBuffer()" classname="org.springframework.messaging.rsocket.PayloadUtilsTests" time="0.002"/>
  <testcase name="createWithNettyBuffer()" classname="org.springframework.messaging.rsocket.PayloadUtilsTests" time="0.0"/>
  <testcase name="createWithNettyBuffers()" classname="org.springframework.messaging.rsocket.PayloadUtilsTests" time="0.0"/>
  <testcase name="createWithDefaultBuffers()" classname="org.springframework.messaging.rsocket.PayloadUtilsTests" time="0.001"/>
  <testcase name="createWithDefaultAndNettyBuffers()" classname="org.springframework.messaging.rsocket.PayloadUtilsTests" time="0.001"/>
  <system-out><![CDATA[]]></system-out>
  <system-err><![CDATA[]]></system-err>
</testsuite>
