<?xml version="1.0" encoding="UTF-8"?>
<testsuite name="org.springframework.messaging.simp.SimpMessageHeaderAccessorTests" tests="4" skipped="0" failures="0" errors="0" timestamp="2019-12-21T15:04:56" hostname="yunlongdeMacBook-Pro.local" time="0.032">
  <properties/>
  <testcase name="getShortLogMessage()" classname="org.springframework.messaging.simp.SimpMessageHeaderAccessorTests" time="0.001"/>
  <testcase name="userChangeCallback()" classname="org.springframework.messaging.simp.SimpMessageHeaderAccessorTests" time="0.025"/>
  <testcase name="getLogMessageWithValuesSet()" classname="org.springframework.messaging.simp.SimpMessageHeaderAccessorTests" time="0.002"/>
  <testcase name="getDetailedLogMessageWithValuesSet()" classname="org.springframework.messaging.simp.SimpMessageHeaderAccessorTests" time="0.002"/>
  <system-out><![CDATA[]]></system-out>
  <system-err><![CDATA[]]></system-err>
</testsuite>
