<?xml version="1.0" encoding="UTF-8"?>
<testsuite name="org.springframework.messaging.simp.stomp.StompBrokerRelayMessageHandlerTests" tests="7" skipped="0" failures="0" errors="0" timestamp="2019-12-21T15:05:01" hostname="yunlongdeMacBook-Pro.local" time="0.02">
  <properties/>
  <testcase name="virtualHost()" classname="org.springframework.messaging.simp.stomp.StompBrokerRelayMessageHandlerTests" time="0.005"/>
  <testcase name="connectWhenBrokerNotAvailable()" classname="org.springframework.messaging.simp.stomp.StompBrokerRelayMessageHandlerTests" time="0.002"/>
  <testcase name="loginAndPasscode()" classname="org.springframework.messaging.simp.stomp.StompBrokerRelayMessageHandlerTests" time="0.0"/>
  <testcase name="systemSubscription()" classname="org.springframework.messaging.simp.stomp.StompBrokerRelayMessageHandlerTests" time="0.009"/>
  <testcase name="destinationExcluded()" classname="org.springframework.messaging.simp.stomp.StompBrokerRelayMessageHandlerTests" time="0.0"/>
  <testcase name="messageFromBrokerIsEnriched()" classname="org.springframework.messaging.simp.stomp.StompBrokerRelayMessageHandlerTests" time="0.0"/>
  <testcase name="sendAfterBrokerUnavailable()" classname="org.springframework.messaging.simp.stomp.StompBrokerRelayMessageHandlerTests" time="0.001"/>
  <system-out><![CDATA[]]></system-out>
  <system-err><![CDATA[]]></system-err>
</testsuite>
