<?xml version="1.0" encoding="UTF-8"?>
<testsuite name="org.springframework.messaging.converter.MappingJackson2MessageConverterTests" tests="14" skipped="0" failures="0" errors="0" timestamp="2019-12-21T15:04:56" hostname="yunlongdeMacBook-Pro.local" time="0.114">
  <properties/>
  <testcase name="fromMessageToList()" classname="org.springframework.messaging.converter.MappingJackson2MessageConverterTests" time="0.022"/>
  <testcase name="fromMessageInvalidJson()" classname="org.springframework.messaging.converter.MappingJackson2MessageConverterTests" time="0.013"/>
  <testcase name="fromMessageMatchingInstance()" classname="org.springframework.messaging.converter.MappingJackson2MessageConverterTests" time="0.001"/>
  <testcase name="fromMessageToMessageWithPojo()" classname="org.springframework.messaging.converter.MappingJackson2MessageConverterTests" time="0.001"/>
  <testcase name="mimetypesParametrizedConstructor()" classname="org.springframework.messaging.converter.MappingJackson2MessageConverterTests" time="0.001"/>
  <testcase name="fromMessageValidJsonWithUnknownProperty()" classname="org.springframework.messaging.converter.MappingJackson2MessageConverterTests" time="0.001"/>
  <testcase name="toMessage()" classname="org.springframework.messaging.converter.MappingJackson2MessageConverterTests" time="0.025"/>
  <testcase name="toMessageJsonView()" classname="org.springframework.messaging.converter.MappingJackson2MessageConverterTests" time="0.017"/>
  <testcase name="defaultConstructor()" classname="org.springframework.messaging.converter.MappingJackson2MessageConverterTests" time="0.0"/>
  <testcase name="mimetypeParametrizedConstructor()" classname="org.springframework.messaging.converter.MappingJackson2MessageConverterTests" time="0.001"/>
  <testcase name="toMessageUtf16String()" classname="org.springframework.messaging.converter.MappingJackson2MessageConverterTests" time="0.002"/>
  <testcase name="fromMessageUntyped()" classname="org.springframework.messaging.converter.MappingJackson2MessageConverterTests" time="0.01"/>
  <testcase name="fromMessage()" classname="org.springframework.messaging.converter.MappingJackson2MessageConverterTests" time="0.011"/>
  <testcase name="toMessageUtf16()" classname="org.springframework.messaging.converter.MappingJackson2MessageConverterTests" time="0.003"/>
  <system-out><![CDATA[]]></system-out>
  <system-err><![CDATA[]]></system-err>
</testsuite>
