<?xml version="1.0" encoding="UTF-8"?>
<testsuite name="org.springframework.messaging.handler.invocation.MethodMessageHandlerTests" tests="6" skipped="0" failures="0" errors="0" timestamp="2019-12-21T15:04:50" hostname="yunlongdeMacBook-Pro.local" time="0.83">
  <properties/>
  <testcase name="handleException()" classname="org.springframework.messaging.handler.invocation.MethodMessageHandlerTests" time="0.804"/>
  <testcase name="duplicateMapping()" classname="org.springframework.messaging.handler.invocation.MethodMessageHandlerTests" time="0.006"/>
  <testcase name="patternMatch()" classname="org.springframework.messaging.handler.invocation.MethodMessageHandlerTests" time="0.003"/>
  <testcase name="registeredMappings()" classname="org.springframework.messaging.handler.invocation.MethodMessageHandlerTests" time="0.007"/>
  <testcase name="bestMatch()" classname="org.springframework.messaging.handler.invocation.MethodMessageHandlerTests" time="0.004"/>
  <testcase name="argumentResolution()" classname="org.springframework.messaging.handler.invocation.MethodMessageHandlerTests" time="0.002"/>
  <system-out><![CDATA[]]></system-out>
  <system-err><![CDATA[]]></system-err>
</testsuite>
