<?xml version="1.0" encoding="UTF-8"?>
<testsuite name="org.springframework.messaging.handler.invocation.reactive.MethodMessageHandlerTests" tests="5" skipped="0" failures="0" errors="0" timestamp="2019-12-21T15:04:51" hostname="yunlongdeMacBook-Pro.local" time="0.691">
  <properties/>
  <testcase name="handleException()" classname="org.springframework.messaging.handler.invocation.reactive.MethodMessageHandlerTests" time="0.637"/>
  <testcase name="duplicateMapping()" classname="org.springframework.messaging.handler.invocation.reactive.MethodMessageHandlerTests" time="0.002"/>
  <testcase name="registeredMappings()" classname="org.springframework.messaging.handler.invocation.reactive.MethodMessageHandlerTests" time="0.005"/>
  <testcase name="bestMatch()" classname="org.springframework.messaging.handler.invocation.reactive.MethodMessageHandlerTests" time="0.029"/>
  <testcase name="argumentResolution()" classname="org.springframework.messaging.handler.invocation.reactive.MethodMessageHandlerTests" time="0.015"/>
  <system-out><![CDATA[23:04:51.907 [Test worker] WARN  o.s.m.h.i.r.MethodMessageHandlerTests$TestMethodMessageHandler - No ApplicationContext for auto-detection of beans with message handling methods.
]]></system-out>
  <system-err><![CDATA[]]></system-err>
</testsuite>
