<?xml version="1.0" encoding="UTF-8"?>
<testsuite name="org.springframework.messaging.handler.annotation.reactive.PayloadMethodArgumentResolverTests" tests="8" skipped="0" failures="0" errors="0" timestamp="2019-12-21T15:04:53" hostname="yunlongdeMacBook-Pro.local" time="0.086">
  <properties/>
  <testcase name="emptyBodyWhenNotRequired()" classname="org.springframework.messaging.handler.annotation.reactive.PayloadMethodArgumentResolverTests" time="0.017"/>
  <testcase name="stringFlux()" classname="org.springframework.messaging.handler.annotation.reactive.PayloadMethodArgumentResolverTests" time="0.036"/>
  <testcase name="stringMono()" classname="org.springframework.messaging.handler.annotation.reactive.PayloadMethodArgumentResolverTests" time="0.012"/>
  <testcase name="string()" classname="org.springframework.messaging.handler.annotation.reactive.PayloadMethodArgumentResolverTests" time="0.001"/>
  <testcase name="emptyBodyWhenRequired()" classname="org.springframework.messaging.handler.annotation.reactive.PayloadMethodArgumentResolverTests" time="0.001"/>
  <testcase name="validateStringFlux()" classname="org.springframework.messaging.handler.annotation.reactive.PayloadMethodArgumentResolverTests" time="0.012"/>
  <testcase name="validateStringMono()" classname="org.springframework.messaging.handler.annotation.reactive.PayloadMethodArgumentResolverTests" time="0.002"/>
  <testcase name="supportsParameter()" classname="org.springframework.messaging.handler.annotation.reactive.PayloadMethodArgumentResolverTests" time="0.002"/>
  <system-out><![CDATA[]]></system-out>
  <system-err><![CDATA[]]></system-err>
</testsuite>
