<?xml version="1.0" encoding="UTF-8"?>
<testsuite name="org.springframework.expression.spel.ast.FormatHelperTests" tests="2" skipped="0" failures="0" errors="0" timestamp="2019-12-19T12:59:38" hostname="bamboo-21" time="0.006">
  <properties/>
  <testcase name="formatMethodWithMultipleArgumentsForMessage()" classname="org.springframework.expression.spel.ast.FormatHelperTests" time="0.0"/>
  <testcase name="formatMethodWithSingleArgumentForMessage()" classname="org.springframework.expression.spel.ast.FormatHelperTests" time="0.0"/>
  <system-out><![CDATA[]]></system-out>
  <system-err><![CDATA[]]></system-err>
</testsuite>
