<?xml version="1.0" encoding="UTF-8"?>
<testsuite name="org.springframework.expression.spel.ParserErrorMessagesTests" tests="5" skipped="0" failures="0" errors="0" timestamp="2019-12-19T12:59:37" hostname="bamboo-21" time="0.021">
  <properties/>
  <testcase name="testBrokenExpression01()" classname="org.springframework.expression.spel.ParserErrorMessagesTests" time="0.001"/>
  <testcase name="testBrokenExpression02()" classname="org.springframework.expression.spel.ParserErrorMessagesTests" time="0.008"/>
  <testcase name="testBrokenExpression04()" classname="org.springframework.expression.spel.ParserErrorMessagesTests" time="0.001"/>
  <testcase name="testBrokenExpression05()" classname="org.springframework.expression.spel.ParserErrorMessagesTests" time="0.0"/>
  <testcase name="testBrokenExpression07()" classname="org.springframework.expression.spel.ParserErrorMessagesTests" time="0.001"/>
  <system-out><![CDATA[]]></system-out>
  <system-err><![CDATA[]]></system-err>
</testsuite>
