<?xml version="1.0" encoding="UTF-8"?>
<testsuite name="org.springframework.expression.spel.MapAccessTests" tests="7" skipped="1" failures="0" errors="0" timestamp="2019-12-19T12:59:34" hostname="bamboo-21" time="0.543">
  <properties/>
  <testcase name="testGetValue()" classname="org.springframework.expression.spel.MapAccessTests" time="0.41"/>
  <testcase name="testGetValuePerformance()" classname="org.springframework.expression.spel.MapAccessTests" time="0.0">
    <skipped/>
  </testcase>
  <testcase name="testSimpleMapAccess01()" classname="org.springframework.expression.spel.MapAccessTests" time="0.118"/>
  <testcase name="testVariableMapAccess()" classname="org.springframework.expression.spel.MapAccessTests" time="0.002"/>
  <testcase name="testCustomMapAccessor()" classname="org.springframework.expression.spel.MapAccessTests" time="0.001"/>
  <testcase name="testMapAccessThroughIndexer()" classname="org.springframework.expression.spel.MapAccessTests" time="0.001"/>
  <testcase name="testGetValueFromRootMap()" classname="org.springframework.expression.spel.MapAccessTests" time="0.001"/>
  <system-out><![CDATA[]]></system-out>
  <system-err><![CDATA[]]></system-err>
</testsuite>
