<?xml version="1.0" encoding="UTF-8"?>
<testsuite name="org.springframework.expression.spel.support.StandardComponentsTests" tests="4" skipped="0" failures="0" errors="0" timestamp="2019-12-19T12:59:35" hostname="bamboo-21" time="0.011">
  <properties/>
  <testcase name="testStandardEvaluationContext()" classname="org.springframework.expression.spel.support.StandardComponentsTests" time="0.008"/>
  <testcase name="testStandardOperatorOverloader()" classname="org.springframework.expression.spel.support.StandardComponentsTests" time="0.001"/>
  <testcase name="testStandardTypeConverter()" classname="org.springframework.expression.spel.support.StandardComponentsTests" time="0.0"/>
  <testcase name="testStandardTypeLocator()" classname="org.springframework.expression.spel.support.StandardComponentsTests" time="0.001"/>
  <system-out><![CDATA[]]></system-out>
  <system-err><![CDATA[]]></system-err>
</testsuite>
