<?xml version="1.0" encoding="UTF-8"?>
<testsuite name="org.springframework.aop.target.LazyCreationTargetSourceTests" tests="1" skipped="0" failures="0" errors="0" timestamp="2019-12-19T12:58:16" hostname="bamboo-21" time="0.018">
  <properties/>
  <testcase name="testCreateLazy()" classname="org.springframework.aop.target.LazyCreationTargetSourceTests" time="0.018"/>
  <system-out><![CDATA[]]></system-out>
  <system-err><![CDATA[]]></system-err>
</testsuite>
