<?xml version="1.0" encoding="UTF-8"?>
<testsuite name="org.springframework.aop.scope.ScopedProxyAutowireTests" tests="2" skipped="0" failures="0" errors="0" timestamp="2019-12-19T12:58:11" hostname="bamboo-21" time="0.081">
  <properties/>
  <testcase name="testScopedProxyInheritsAutowireCandidateFalse()" classname="org.springframework.aop.scope.ScopedProxyAutowireTests" time="0.043"/>
  <testcase name="testScopedProxyReplacesAutowireCandidateTrue()" classname="org.springframework.aop.scope.ScopedProxyAutowireTests" time="0.037"/>
  <system-out><![CDATA[]]></system-out>
  <system-err><![CDATA[]]></system-err>
</testsuite>
