<?xml version="1.0" encoding="UTF-8"?>
<testsuite name="org.springframework.aop.support.ComposablePointcutTests" tests="5" skipped="0" failures="0" errors="0" timestamp="2019-12-19T12:58:10" hostname="bamboo-21" time="0.017">
  <properties/>
  <testcase name="testUnionMethodMatcher()" classname="org.springframework.aop.support.ComposablePointcutTests" time="0.008"/>
  <testcase name="testIntersectionMethodMatcher()" classname="org.springframework.aop.support.ComposablePointcutTests" time="0.001"/>
  <testcase name="testMatchAll()" classname="org.springframework.aop.support.ComposablePointcutTests" time="0.0"/>
  <testcase name="testEqualsAndHashCode()" classname="org.springframework.aop.support.ComposablePointcutTests" time="0.0"/>
  <testcase name="testFilterByClass()" classname="org.springframework.aop.support.ComposablePointcutTests" time="0.007"/>
  <system-out><![CDATA[]]></system-out>
  <system-err><![CDATA[]]></system-err>
</testsuite>
