<?xml version="1.0" encoding="UTF-8"?>
<testsuite name="org.springframework.aop.config.TopLevelAopTagTests" tests="1" skipped="0" failures="0" errors="0" timestamp="2019-12-19T12:58:09" hostname="bamboo-21" time="0.04">
  <properties/>
  <testcase name="testParse()" classname="org.springframework.aop.config.TopLevelAopTagTests" time="0.04"/>
  <system-out><![CDATA[]]></system-out>
  <system-err><![CDATA[]]></system-err>
</testsuite>
