<?xml version="1.0" encoding="UTF-8"?>
<testsuite name="org.springframework.aop.support.RegexpMethodPointcutAdvisorIntegrationTests" tests="3" skipped="0" failures="0" errors="0" timestamp="2019-12-19T12:58:11" hostname="bamboo-21" time="0.282">
  <properties/>
  <testcase name="testSerialization()" classname="org.springframework.aop.support.RegexpMethodPointcutAdvisorIntegrationTests" time="0.212"/>
  <testcase name="testSinglePattern()" classname="org.springframework.aop.support.RegexpMethodPointcutAdvisorIntegrationTests" time="0.027"/>
  <testcase name="testMultiplePatterns()" classname="org.springframework.aop.support.RegexpMethodPointcutAdvisorIntegrationTests" time="0.041"/>
  <system-out><![CDATA[]]></system-out>
  <system-err><![CDATA[]]></system-err>
</testsuite>
