<?xml version="1.0" encoding="UTF-8"?>
<testsuite name="org.springframework.aop.aspectj.TigerAspectJExpressionPointcutTests" tests="12" skipped="0" failures="0" errors="0" timestamp="2019-12-19T12:58:13" hostname="bamboo-21" time="0.123">
  <properties/>
  <testcase name="testAnnotationOnCglibProxyMethod()" classname="org.springframework.aop.aspectj.TigerAspectJExpressionPointcutTests" time="0.018"/>
  <testcase name="testAnnotationOnDynamicProxyMethod()" classname="org.springframework.aop.aspectj.TigerAspectJExpressionPointcutTests" time="0.005"/>
  <testcase name="testAnnotationOnMethodWithWildcard()" classname="org.springframework.aop.aspectj.TigerAspectJExpressionPointcutTests" time="0.021"/>
  <testcase name="testMatchVarargs()" classname="org.springframework.aop.aspectj.TigerAspectJExpressionPointcutTests" time="0.005"/>
  <testcase name="testMatchAnnotationOnClassWithAtWithin()" classname="org.springframework.aop.aspectj.TigerAspectJExpressionPointcutTests" time="0.01"/>
  <testcase name="testMatchAnnotationOnClassWithoutBinding()" classname="org.springframework.aop.aspectj.TigerAspectJExpressionPointcutTests" time="0.008"/>
  <testcase name="testAnnotationOnMethodArgumentsWithWildcards()" classname="org.springframework.aop.aspectj.TigerAspectJExpressionPointcutTests" time="0.004"/>
  <testcase name="testAnnotationOnMethodArgumentsWithFQN()" classname="org.springframework.aop.aspectj.TigerAspectJExpressionPointcutTests" time="0.012"/>
  <testcase name="testMatchGenericArgument()" classname="org.springframework.aop.aspectj.TigerAspectJExpressionPointcutTests" time="0.007"/>
  <testcase name="testMatchAnnotationOnClassWithExactPackageWildcard()" classname="org.springframework.aop.aspectj.TigerAspectJExpressionPointcutTests" time="0.002"/>
  <testcase name="testAnnotationOnMethodWithFQN()" classname="org.springframework.aop.aspectj.TigerAspectJExpressionPointcutTests" time="0.0"/>
  <testcase name="testMatchAnnotationOnClassWithSubpackageWildcard()" classname="org.springframework.aop.aspectj.TigerAspectJExpressionPointcutTests" time="0.01"/>
  <system-out><![CDATA[]]></system-out>
  <system-err><![CDATA[]]></system-err>
</testsuite>
