<?xml version="1.0" encoding="UTF-8"?>
<testsuite name="org.springframework.aop.support.annotation.AnnotationMatchingPointcutTests" tests="3" skipped="0" failures="0" errors="0" timestamp="2019-12-19T12:58:09" hostname="bamboo-21" time="0.011">
  <properties/>
  <testcase name="classLevelAndMethodLevelPointcuts()" classname="org.springframework.aop.support.annotation.AnnotationMatchingPointcutTests" time="0.004"/>
  <testcase name="methodLevelPointcuts()" classname="org.springframework.aop.support.annotation.AnnotationMatchingPointcutTests" time="0.001"/>
  <testcase name="classLevelPointcuts()" classname="org.springframework.aop.support.annotation.AnnotationMatchingPointcutTests" time="0.0"/>
  <system-out><![CDATA[]]></system-out>
  <system-err><![CDATA[]]></system-err>
</testsuite>
