<?xml version="1.0" encoding="UTF-8"?>
<testsuite name="org.springframework.aop.aspectj.annotation.ReflectiveAspectJAdvisorFactoryTests" tests="25" skipped="1" failures="0" errors="0" timestamp="2019-12-19T12:58:12" hostname="bamboo-21" time="0.983">
  <properties/>
  <testcase name="testNamedPointcutAspectWithFQN()" classname="org.springframework.aop.aspectj.annotation.ReflectiveAspectJAdvisorFactoryTests" time="0.024"/>
  <testcase name="testRejectsPerCflowAspect()" classname="org.springframework.aop.aspectj.annotation.ReflectiveAspectJAdvisorFactoryTests" time="0.003"/>
  <testcase name="testBindingWithMultipleArgsDifferentlyOrdered()" classname="org.springframework.aop.aspectj.annotation.ReflectiveAspectJAdvisorFactoryTests" time="0.039"/>
  <testcase name="testNamedPointcutAspectWithoutFQN()" classname="org.springframework.aop.aspectj.annotation.ReflectiveAspectJAdvisorFactoryTests" time="0.013"/>
  <testcase name="testAspectMethodThrowsExceptionLegalOnSignature()" classname="org.springframework.aop.aspectj.annotation.ReflectiveAspectJAdvisorFactoryTests" time="0.015"/>
  <testcase name="testBindingWithSingleArg()" classname="org.springframework.aop.aspectj.annotation.ReflectiveAspectJAdvisorFactoryTests" time="0.002"/>
  <testcase name="testDeclarePrecedenceNotSupported()" classname="org.springframework.aop.aspectj.annotation.ReflectiveAspectJAdvisorFactoryTests" time="0.007"/>
  <testcase name="testNamedPointcutFromAspectLibraryWithBinding()" classname="org.springframework.aop.aspectj.annotation.ReflectiveAspectJAdvisorFactoryTests" time="0.138"/>
  <testcase name="testIntroductionOnTargetImplementingInterface()" classname="org.springframework.aop.aspectj.annotation.ReflectiveAspectJAdvisorFactoryTests" time="0.048"/>
  <testcase name="testPerTypeWithinAspect()" classname="org.springframework.aop.aspectj.annotation.ReflectiveAspectJAdvisorFactoryTests" time="0.197"/>
  <testcase name="testIntroductionBasedOnAnnotationMatch_SPR5307()" classname="org.springframework.aop.aspectj.annotation.ReflectiveAspectJAdvisorFactoryTests" time="0.03"/>
  <testcase name="testIntroductionOnTargetExcludedByTypePattern()" classname="org.springframework.aop.aspectj.annotation.ReflectiveAspectJAdvisorFactoryTests" time="0.006"/>
  <testcase name="testNamedPointcutFromAspectLibrary()" classname="org.springframework.aop.aspectj.annotation.ReflectiveAspectJAdvisorFactoryTests" time="0.038"/>
  <testcase name="testIntroductionWithArgumentBinding()" classname="org.springframework.aop.aspectj.annotation.ReflectiveAspectJAdvisorFactoryTests" time="0.001">
    <skipped/>
  </testcase>
  <testcase name="testIntroductionOnTargetNotImplementingInterface()" classname="org.springframework.aop.aspectj.annotation.ReflectiveAspectJAdvisorFactoryTests" time="0.031"/>
  <testcase name="testMultiplePerTargetAspectsWithOrderAnnotation()" classname="org.springframework.aop.aspectj.annotation.ReflectiveAspectJAdvisorFactoryTests" time="0.117"/>
  <testcase name="testRejectsPerCflowBelowAspect()" classname="org.springframework.aop.aspectj.annotation.ReflectiveAspectJAdvisorFactoryTests" time="0.001"/>
  <testcase name="testAfterAdviceTypes()" classname="org.springframework.aop.aspectj.annotation.ReflectiveAspectJAdvisorFactoryTests" time="0.044"/>
  <testcase name="testFailureWithoutExplicitDeclarePrecedence()" classname="org.springframework.aop.aspectj.annotation.ReflectiveAspectJAdvisorFactoryTests" time="0.003"/>
  <testcase name="testPerThisAspect()" classname="org.springframework.aop.aspectj.annotation.ReflectiveAspectJAdvisorFactoryTests" time="0.071"/>
  <testcase name="testIntroductionAdvisorExcludedFromTargetImplementingInterface()" classname="org.springframework.aop.aspectj.annotation.ReflectiveAspectJAdvisorFactoryTests" time="0.003"/>
  <testcase name="testTwoAdvicesOnOneAspect()" classname="org.springframework.aop.aspectj.annotation.ReflectiveAspectJAdvisorFactoryTests" time="0.003"/>
  <testcase name="testPerTargetAspect()" classname="org.springframework.aop.aspectj.annotation.ReflectiveAspectJAdvisorFactoryTests" time="0.038"/>
  <testcase name="testAspectMethodThrowsExceptionIllegalOnSignature()" classname="org.springframework.aop.aspectj.annotation.ReflectiveAspectJAdvisorFactoryTests" time="0.002"/>
  <testcase name="testMultiplePerTargetAspects()" classname="org.springframework.aop.aspectj.annotation.ReflectiveAspectJAdvisorFactoryTests" time="0.056"/>
  <system-out><![CDATA[org.springframework.aop.aspectj.DeclareParentsAdvisor@5370ce19
]]></system-out>
  <system-err><![CDATA[]]></system-err>
</testsuite>
