<?xml version="1.0" encoding="UTF-8"?>
<testsuite name="org.springframework.aop.scope.ScopedProxyUtilsTests" tests="4" skipped="0" failures="0" errors="0" timestamp="2019-12-19T12:58:11" hostname="bamboo-21" time="0.003">
  <properties/>
  <testcase name="getOriginalBeanNameAndIsScopedTarget()" classname="org.springframework.aop.scope.ScopedProxyUtilsTests" time="0.001"/>
  <testcase name="getOriginalBeanNameForNonScopedTarget()" classname="org.springframework.aop.scope.ScopedProxyUtilsTests" time="0.001"/>
  <testcase name="getOriginalBeanNameForNullTargetBean()" classname="org.springframework.aop.scope.ScopedProxyUtilsTests" time="0.0"/>
  <testcase name="getTargetBeanNameAndIsScopedTarget()" classname="org.springframework.aop.scope.ScopedProxyUtilsTests" time="0.0"/>
  <system-out><![CDATA[]]></system-out>
  <system-err><![CDATA[]]></system-err>
</testsuite>
