<?xml version="1.0" encoding="UTF-8"?>
<testsuite name="org.springframework.aop.target.dynamic.RefreshableTargetSourceTests" tests="4" skipped="1" failures="0" errors="0" timestamp="2019-12-19T12:58:16" hostname="bamboo-21" time="0.119">
  <properties/>
  <testcase name="testRefreshCheckWithNonRefresh()" classname="org.springframework.aop.target.dynamic.RefreshableTargetSourceTests" time="0.007"/>
  <testcase name="testWithNoRefreshCheck()" classname="org.springframework.aop.target.dynamic.RefreshableTargetSourceTests" time="0.001"/>
  <testcase name="testRefreshOverTime()" classname="org.springframework.aop.target.dynamic.RefreshableTargetSourceTests" time="0.0">
    <skipped/>
  </testcase>
  <testcase name="testRefreshCheckWithRefresh()" classname="org.springframework.aop.target.dynamic.RefreshableTargetSourceTests" time="0.1"/>
  <system-out><![CDATA[]]></system-out>
  <system-err><![CDATA[]]></system-err>
</testsuite>
