<?xml version="1.0" encoding="UTF-8"?>
<testsuite name="org.springframework.aop.aspectj.autoproxy.AspectJNamespaceHandlerTests" tests="4" skipped="0" failures="0" errors="0" timestamp="2019-12-19T12:58:13" hostname="bamboo-21" time="0.011">
  <properties/>
  <testcase name="testRegisterAutoProxyCreatorWhenAspectJAutoProxyCreatorAlreadyExists()" classname="org.springframework.aop.aspectj.autoproxy.AspectJNamespaceHandlerTests" time="0.005"/>
  <testcase name="testRegisterAspectJAutoProxyCreatorWithExistingAutoProxyCreator()" classname="org.springframework.aop.aspectj.autoproxy.AspectJNamespaceHandlerTests" time="0.002"/>
  <testcase name="testRegisterAspectJAutoProxyCreator()" classname="org.springframework.aop.aspectj.autoproxy.AspectJNamespaceHandlerTests" time="0.001"/>
  <testcase name="testRegisterAutoProxyCreator()" classname="org.springframework.aop.aspectj.autoproxy.AspectJNamespaceHandlerTests" time="0.002"/>
  <system-out><![CDATA[]]></system-out>
  <system-err><![CDATA[]]></system-err>
</testsuite>
