<?xml version="1.0" encoding="UTF-8"?>
<testsuite name="org.springframework.aop.framework.IntroductionBenchmarkTests" tests="1" skipped="0" failures="0" errors="0" timestamp="2019-12-19T12:58:16" hostname="bamboo-21" time="0.147">
  <properties/>
  <testcase name="timeManyInvocations()" classname="org.springframework.aop.framework.IntroductionBenchmarkTests" time="0.147"/>
  <system-out><![CDATA[StopWatch '': running time = 143530994 ns
---------------------------------------------
ns         %     Task name
---------------------------------------------
061939699  043%  100000 invocations on proxy, not hitting introduction
079713679  056%  100000 invocations on proxy, hitting introduction
001877616  001%  100000 invocations on target

]]></system-out>
  <system-err><![CDATA[]]></system-err>
</testsuite>
